<?xml version="1.0" encoding="UTF-8"?>
<testsuites name="Category" time="14" tests="0" failures="4" errors="0">
   <testsuite name="Category" tests="0" failures="4" errors="0" time="14" timestamp="2018-11-09 09:49:03" hostname="buithan - DESKTOP-9IOQSG7" id="Test Suites/Category">
      <properties>
         <property name="deviceName" value=""/>
         <property name="devicePlatform" value=""/>
         <property name="logFolder" value="C:\\Users\\buithan\\git\\katalon-cls-project\\Reports\\Category\\20181109_094901"/>
         <property name="logFiles" value="C:\\Users\\buithan\\git\\katalon-cls-project\\Reports\\Category\\20181109_094901\\execution0.log"/>
         <property name="attachments" value=""/>
         <property name="hostName" value="buithan - DESKTOP-9IOQSG7"/>
         <property name="hostAddress" value="192.168.1.142"/>
         <property name="os" value="Windows 10 64bit"/>
         <property name="katalonVersion" value="5.4.1.1"/>
      </properties>
      <testcase name="Test Cases/Category/AddCategory" classname="Test Cases/Category/AddCategory" status="FAILED">
         <failure type="FAILED" message="Unable to open browser with url: '' (Root cause: org.openqa.selenium.WebDriverException: newSession
Build info: version: '3.7.1', revision: '8a0099a', time: '2017-11-06T21:07:36.161Z'
System info: host: 'DESKTOP-9IOQSG7', ip: '192.168.1.142', os.name: 'Windows 10', os.arch: 'amd64', os.version: '10.0', java.version: '1.8.0_102'
Driver info: driver.version: CGeckoDriver
remote stacktrace: stack backtrace:
   0:           0x4821c4 - &lt;no info>
   1:           0x482933 - &lt;no info>
   2:           0x445159 - &lt;no info>
   3:           0x44eff6 - &lt;no info>
   4:           0x4322e1 - &lt;no info>
   5:           0x40ba4e - &lt;no info>
   6:           0x4119b9 - &lt;no info>
   7:           0x6d2c89 - &lt;no info>
   8:           0x426006 - &lt;no info>
   9:           0x6cd490 - &lt;no info>
  10:     0x7ffd60483034 - BaseThreadInitThunk)"/>
         <system-out><![CDATA[2018-11-09 09:49:04 - [TEST_CASE][FAILED] - Test Cases/Category/AddCategory: Test Cases/Category/AddCategory FAILED because (of) Unable to open browser with url: '' (Root cause: org.openqa.selenium.WebDriverException: newSession
Build info: version: '3.7.1', revision: '8a0099a', time: '2017-11-06T21:07:36.161Z'
System info: host: 'DESKTOP-9IOQSG7', ip: '192.168.1.142', os.name: 'Windows 10', os.arch: 'amd64', os.version: '10.0', java.version: '1.8.0_102'
Driver info: driver.version: CGeckoDriver
remote stacktrace: stack backtrace:
   0:           0x4821c4 - <no info>
   1:           0x482933 - <no info>
   2:           0x445159 - <no info>
   3:           0x44eff6 - <no info>
   4:           0x4322e1 - <no info>
   5:           0x40ba4e - <no info>
   6:           0x4119b9 - <no info>
   7:           0x6d2c89 - <no info>
   8:           0x426006 - <no info>
   9:           0x6cd490 - <no info>
  10:     0x7ffd60483034 - BaseThreadInitThunk)

2018-11-09 09:49:04 - [TEST_STEP][FAILED] - callTestCase: Unable to call Test Case with id 'Test Cases/Authentication/Login1' (Root cause: Call Test Case 'Test Cases/Authentication/Login1' failed)

2018-11-09 09:49:04 - [TEST_CASE][FAILED] - Test Cases/Authentication/Login1: Test Cases/Authentication/Login1 FAILED because (of) Unable to open browser with url: '' (Root cause: org.openqa.selenium.WebDriverException: newSession
Build info: version: '3.7.1', revision: '8a0099a', time: '2017-11-06T21:07:36.161Z'
System info: host: 'DESKTOP-9IOQSG7', ip: '192.168.1.142', os.name: 'Windows 10', os.arch: 'amd64', os.version: '10.0', java.version: '1.8.0_102'
Driver info: driver.version: CGeckoDriver
remote stacktrace: stack backtrace:
   0:           0x4821c4 - <no info>
   1:           0x482933 - <no info>
   2:           0x445159 - <no info>
   3:           0x44eff6 - <no info>
   4:           0x4322e1 - <no info>
   5:           0x40ba4e - <no info>
   6:           0x4119b9 - <no info>
   7:           0x6d2c89 - <no info>
   8:           0x426006 - <no info>
   9:           0x6cd490 - <no info>
  10:     0x7ffd60483034 - BaseThreadInitThunk)

2018-11-09 09:49:04 - [TEST_STEP][FAILED] - openBrowser: Unable to open browser with url: '' (Root cause: org.openqa.selenium.WebDriverException: newSession
Build info: version: '3.7.1', revision: '8a0099a', time: '2017-11-06T21:07:36.161Z'
System info: host: 'DESKTOP-9IOQSG7', ip: '192.168.1.142', os.name: 'Windows 10', os.arch: 'amd64', os.version: '10.0', java.version: '1.8.0_102'
Driver info: driver.version: CGeckoDriver
remote stacktrace: stack backtrace:
   0:           0x4821c4 - <no info>
   1:           0x482933 - <no info>
   2:           0x445159 - <no info>
   3:           0x44eff6 - <no info>
   4:           0x4322e1 - <no info>
   5:           0x40ba4e - <no info>
   6:           0x4119b9 - <no info>
   7:           0x6d2c89 - <no info>
   8:           0x426006 - <no info>
   9:           0x6cd490 - <no info>
  10:     0x7ffd60483034 - BaseThreadInitThunk)

2018-11-09 09:49:10 - [MESSAGE][FAILED] - Unable to open browser with url: '' (Root cause: org.openqa.selenium.WebDriverException: newSession
Build info: version: '3.7.1', revision: '8a0099a', time: '2017-11-06T21:07:36.161Z'
System info: host: 'DESKTOP-9IOQSG7', ip: '192.168.1.142', os.name: 'Windows 10', os.arch: 'amd64', os.version: '10.0', java.version: '1.8.0_102'
Driver info: driver.version: CGeckoDriver
remote stacktrace: stack backtrace:
   0:           0x4821c4 - <no info>
   1:           0x482933 - <no info>
   2:           0x445159 - <no info>
   3:           0x44eff6 - <no info>
   4:           0x4322e1 - <no info>
   5:           0x40ba4e - <no info>
   6:           0x4119b9 - <no info>
   7:           0x6d2c89 - <no info>
   8:           0x426006 - <no info>
   9:           0x6cd490 - <no info>
  10:     0x7ffd60483034 - BaseThreadInitThunk)

2018-11-09 09:49:10 - [MESSAGE][FAILED] - Unable to call Test Case with id 'Test Cases/Authentication/Login1' (Root cause: Call Test Case 'Test Cases/Authentication/Login1' failed)]]></system-out>
         <system-err><![CDATA[2018-11-09 09:49:04 - [TEST_CASE][FAILED] - Test Cases/Category/AddCategory: Test Cases/Category/AddCategory FAILED because (of) Unable to open browser with url: '' (Root cause: org.openqa.selenium.WebDriverException: newSession
Build info: version: '3.7.1', revision: '8a0099a', time: '2017-11-06T21:07:36.161Z'
System info: host: 'DESKTOP-9IOQSG7', ip: '192.168.1.142', os.name: 'Windows 10', os.arch: 'amd64', os.version: '10.0', java.version: '1.8.0_102'
Driver info: driver.version: CGeckoDriver
remote stacktrace: stack backtrace:
   0:           0x4821c4 - <no info>
   1:           0x482933 - <no info>
   2:           0x445159 - <no info>
   3:           0x44eff6 - <no info>
   4:           0x4322e1 - <no info>
   5:           0x40ba4e - <no info>
   6:           0x4119b9 - <no info>
   7:           0x6d2c89 - <no info>
   8:           0x426006 - <no info>
   9:           0x6cd490 - <no info>
  10:     0x7ffd60483034 - BaseThreadInitThunk)]]></system-err>
      </testcase>
      <testcase name="Test Cases/Category/EditCategory" classname="Test Cases/Category/EditCategory" status="FAILED">
         <failure type="FAILED" message="Unable to set text 'Chủ đề tạo từ katalon' of object 'Object Repository/Category/input_search_category' (Root cause: com.kms.katalon.core.webui.exception.BrowserNotOpenedException: Browser is not opened
Build info: version: '3.7.1', revision: '8a0099a', time: '2017-11-06T21:07:36.161Z'
System info: host: 'DESKTOP-9IOQSG7', ip: '192.168.1.142', os.name: 'Windows 10', os.arch: 'amd64', os.version: '10.0', java.version: '1.8.0_102'
Driver info: driver.version: unknown)"/>
         <system-out><![CDATA[2018-11-09 09:49:10 - [TEST_CASE][FAILED] - Test Cases/Category/EditCategory: Test Cases/Category/EditCategory FAILED because (of) Unable to set text 'Chủ đề tạo từ katalon' of object 'Object Repository/Category/input_search_category' (Root cause: com.kms.katalon.core.webui.exception.BrowserNotOpenedException: Browser is not opened
Build info: version: '3.7.1', revision: '8a0099a', time: '2017-11-06T21:07:36.161Z'
System info: host: 'DESKTOP-9IOQSG7', ip: '192.168.1.142', os.name: 'Windows 10', os.arch: 'amd64', os.version: '10.0', java.version: '1.8.0_102'
Driver info: driver.version: unknown)

2018-11-09 09:49:11 - [TEST_STEP][PASSED] - Statement - java.lang.Thread.sleep(2000): null

2018-11-09 09:49:13 - [TEST_STEP][FAILED] - setText: Unable to set text 'Chủ đề tạo từ katalon' of object 'Object Repository/Category/input_search_category' (Root cause: com.kms.katalon.core.webui.exception.BrowserNotOpenedException: Browser is not opened
Build info: version: '3.7.1', revision: '8a0099a', time: '2017-11-06T21:07:36.161Z'
System info: host: 'DESKTOP-9IOQSG7', ip: '192.168.1.142', os.name: 'Windows 10', os.arch: 'amd64', os.version: '10.0', java.version: '1.8.0_102'
Driver info: driver.version: unknown)

2018-11-09 09:49:13 - [MESSAGE][WARNING] - Cannot take screenshot

2018-11-09 09:49:13 - [MESSAGE][FAILED] - Unable to set text 'Chủ đề tạo từ katalon' of object 'Object Repository/Category/input_search_category' (Root cause: com.kms.katalon.core.webui.exception.BrowserNotOpenedException: Browser is not opened
Build info: version: '3.7.1', revision: '8a0099a', time: '2017-11-06T21:07:36.161Z'
System info: host: 'DESKTOP-9IOQSG7', ip: '192.168.1.142', os.name: 'Windows 10', os.arch: 'amd64', os.version: '10.0', java.version: '1.8.0_102'
Driver info: driver.version: unknown)]]></system-out>
         <system-err><![CDATA[2018-11-09 09:49:10 - [TEST_CASE][FAILED] - Test Cases/Category/EditCategory: Test Cases/Category/EditCategory FAILED because (of) Unable to set text 'Chủ đề tạo từ katalon' of object 'Object Repository/Category/input_search_category' (Root cause: com.kms.katalon.core.webui.exception.BrowserNotOpenedException: Browser is not opened
Build info: version: '3.7.1', revision: '8a0099a', time: '2017-11-06T21:07:36.161Z'
System info: host: 'DESKTOP-9IOQSG7', ip: '192.168.1.142', os.name: 'Windows 10', os.arch: 'amd64', os.version: '10.0', java.version: '1.8.0_102'
Driver info: driver.version: unknown)]]></system-err>
      </testcase>
      <testcase name="Test Cases/Category/DeleteCategory" classname="Test Cases/Category/DeleteCategory" status="FAILED">
         <failure type="FAILED" message="Unable to set text 'Chủ đề tạo từ katalon chỉnh sửa' of object 'Object Repository/Category/input_search_category' (Root cause: com.kms.katalon.core.webui.exception.BrowserNotOpenedException: Browser is not opened
Build info: version: '3.7.1', revision: '8a0099a', time: '2017-11-06T21:07:36.161Z'
System info: host: 'DESKTOP-9IOQSG7', ip: '192.168.1.142', os.name: 'Windows 10', os.arch: 'amd64', os.version: '10.0', java.version: '1.8.0_102'
Driver info: driver.version: unknown)"/>
         <system-out><![CDATA[2018-11-09 09:49:13 - [TEST_CASE][FAILED] - Test Cases/Category/DeleteCategory: Test Cases/Category/DeleteCategory FAILED because (of) Unable to set text 'Chủ đề tạo từ katalon chỉnh sửa' of object 'Object Repository/Category/input_search_category' (Root cause: com.kms.katalon.core.webui.exception.BrowserNotOpenedException: Browser is not opened
Build info: version: '3.7.1', revision: '8a0099a', time: '2017-11-06T21:07:36.161Z'
System info: host: 'DESKTOP-9IOQSG7', ip: '192.168.1.142', os.name: 'Windows 10', os.arch: 'amd64', os.version: '10.0', java.version: '1.8.0_102'
Driver info: driver.version: unknown)

2018-11-09 09:49:13 - [TEST_STEP][PASSED] - Statement - java.lang.Thread.sleep(2000): null

2018-11-09 09:49:15 - [TEST_STEP][FAILED] - setText: Unable to set text 'Chủ đề tạo từ katalon chỉnh sửa' of object 'Object Repository/Category/input_search_category' (Root cause: com.kms.katalon.core.webui.exception.BrowserNotOpenedException: Browser is not opened
Build info: version: '3.7.1', revision: '8a0099a', time: '2017-11-06T21:07:36.161Z'
System info: host: 'DESKTOP-9IOQSG7', ip: '192.168.1.142', os.name: 'Windows 10', os.arch: 'amd64', os.version: '10.0', java.version: '1.8.0_102'
Driver info: driver.version: unknown)

2018-11-09 09:49:15 - [MESSAGE][WARNING] - Cannot take screenshot

2018-11-09 09:49:15 - [MESSAGE][FAILED] - Unable to set text 'Chủ đề tạo từ katalon chỉnh sửa' of object 'Object Repository/Category/input_search_category' (Root cause: com.kms.katalon.core.webui.exception.BrowserNotOpenedException: Browser is not opened
Build info: version: '3.7.1', revision: '8a0099a', time: '2017-11-06T21:07:36.161Z'
System info: host: 'DESKTOP-9IOQSG7', ip: '192.168.1.142', os.name: 'Windows 10', os.arch: 'amd64', os.version: '10.0', java.version: '1.8.0_102'
Driver info: driver.version: unknown)]]></system-out>
         <system-err><![CDATA[2018-11-09 09:49:13 - [TEST_CASE][FAILED] - Test Cases/Category/DeleteCategory: Test Cases/Category/DeleteCategory FAILED because (of) Unable to set text 'Chủ đề tạo từ katalon chỉnh sửa' of object 'Object Repository/Category/input_search_category' (Root cause: com.kms.katalon.core.webui.exception.BrowserNotOpenedException: Browser is not opened
Build info: version: '3.7.1', revision: '8a0099a', time: '2017-11-06T21:07:36.161Z'
System info: host: 'DESKTOP-9IOQSG7', ip: '192.168.1.142', os.name: 'Windows 10', os.arch: 'amd64', os.version: '10.0', java.version: '1.8.0_102'
Driver info: driver.version: unknown)]]></system-err>
      </testcase>
      <testcase name="Test Cases/Category/AssignCouseAndUser" classname="Test Cases/Category/AssignCouseAndUser" status="FAILED">
         <failure type="FAILED" message="Unable to set text 'Xóa chủ đề' of object 'Object Repository/Category/input_search_category' (Root cause: com.kms.katalon.core.webui.exception.BrowserNotOpenedException: Browser is not opened
Build info: version: '3.7.1', revision: '8a0099a', time: '2017-11-06T21:07:36.161Z'
System info: host: 'DESKTOP-9IOQSG7', ip: '192.168.1.142', os.name: 'Windows 10', os.arch: 'amd64', os.version: '10.0', java.version: '1.8.0_102'
Driver info: driver.version: unknown)"/>
         <system-out><![CDATA[2018-11-09 09:49:15 - [TEST_CASE][FAILED] - Test Cases/Category/AssignCouseAndUser: Test Cases/Category/AssignCouseAndUser FAILED because (of) Unable to set text 'Xóa chủ đề' of object 'Object Repository/Category/input_search_category' (Root cause: com.kms.katalon.core.webui.exception.BrowserNotOpenedException: Browser is not opened
Build info: version: '3.7.1', revision: '8a0099a', time: '2017-11-06T21:07:36.161Z'
System info: host: 'DESKTOP-9IOQSG7', ip: '192.168.1.142', os.name: 'Windows 10', os.arch: 'amd64', os.version: '10.0', java.version: '1.8.0_102'
Driver info: driver.version: unknown)

2018-11-09 09:49:16 - [TEST_STEP][PASSED] - Statement - java.lang.Thread.sleep(2000): null

2018-11-09 09:49:18 - [TEST_STEP][FAILED] - setText: Unable to set text 'Xóa chủ đề' of object 'Object Repository/Category/input_search_category' (Root cause: com.kms.katalon.core.webui.exception.BrowserNotOpenedException: Browser is not opened
Build info: version: '3.7.1', revision: '8a0099a', time: '2017-11-06T21:07:36.161Z'
System info: host: 'DESKTOP-9IOQSG7', ip: '192.168.1.142', os.name: 'Windows 10', os.arch: 'amd64', os.version: '10.0', java.version: '1.8.0_102'
Driver info: driver.version: unknown)

2018-11-09 09:49:18 - [MESSAGE][WARNING] - Cannot take screenshot

2018-11-09 09:49:18 - [MESSAGE][FAILED] - Unable to set text 'Xóa chủ đề' of object 'Object Repository/Category/input_search_category' (Root cause: com.kms.katalon.core.webui.exception.BrowserNotOpenedException: Browser is not opened
Build info: version: '3.7.1', revision: '8a0099a', time: '2017-11-06T21:07:36.161Z'
System info: host: 'DESKTOP-9IOQSG7', ip: '192.168.1.142', os.name: 'Windows 10', os.arch: 'amd64', os.version: '10.0', java.version: '1.8.0_102'
Driver info: driver.version: unknown)]]></system-out>
         <system-err><![CDATA[2018-11-09 09:49:15 - [TEST_CASE][FAILED] - Test Cases/Category/AssignCouseAndUser: Test Cases/Category/AssignCouseAndUser FAILED because (of) Unable to set text 'Xóa chủ đề' of object 'Object Repository/Category/input_search_category' (Root cause: com.kms.katalon.core.webui.exception.BrowserNotOpenedException: Browser is not opened
Build info: version: '3.7.1', revision: '8a0099a', time: '2017-11-06T21:07:36.161Z'
System info: host: 'DESKTOP-9IOQSG7', ip: '192.168.1.142', os.name: 'Windows 10', os.arch: 'amd64', os.version: '10.0', java.version: '1.8.0_102'
Driver info: driver.version: unknown)]]></system-err>
      </testcase>
      <system-out><![CDATA[2018-11-09 09:49:03 - [TEST_SUITE][FAILED] - Category: Test Cases/Category/AddCategory FAILED because (of) Unable to open browser with url: '' (Root cause: org.openqa.selenium.WebDriverException: newSession
Build info: version: '3.7.1', revision: '8a0099a', time: '2017-11-06T21:07:36.161Z'
System info: host: 'DESKTOP-9IOQSG7', ip: '192.168.1.142', os.name: 'Windows 10', os.arch: 'amd64', os.version: '10.0', java.version: '1.8.0_102'
Driver info: driver.version: CGeckoDriver
remote stacktrace: stack backtrace:
   0:           0x4821c4 - <no info>
   1:           0x482933 - <no info>
   2:           0x445159 - <no info>
   3:           0x44eff6 - <no info>
   4:           0x4322e1 - <no info>
   5:           0x40ba4e - <no info>
   6:           0x4119b9 - <no info>
   7:           0x6d2c89 - <no info>
   8:           0x426006 - <no info>
   9:           0x6cd490 - <no info>
  10:     0x7ffd60483034 - BaseThreadInitThunk)]]></system-out>
      <system-err><![CDATA[2018-11-09 09:49:03 - [TEST_SUITE][FAILED] - Category: Test Cases/Category/AddCategory FAILED because (of) Unable to open browser with url: '' (Root cause: org.openqa.selenium.WebDriverException: newSession
Build info: version: '3.7.1', revision: '8a0099a', time: '2017-11-06T21:07:36.161Z'
System info: host: 'DESKTOP-9IOQSG7', ip: '192.168.1.142', os.name: 'Windows 10', os.arch: 'amd64', os.version: '10.0', java.version: '1.8.0_102'
Driver info: driver.version: CGeckoDriver
remote stacktrace: stack backtrace:
   0:           0x4821c4 - <no info>
   1:           0x482933 - <no info>
   2:           0x445159 - <no info>
   3:           0x44eff6 - <no info>
   4:           0x4322e1 - <no info>
   5:           0x40ba4e - <no info>
   6:           0x4119b9 - <no info>
   7:           0x6d2c89 - <no info>
   8:           0x426006 - <no info>
   9:           0x6cd490 - <no info>
  10:     0x7ffd60483034 - BaseThreadInitThunk)]]></system-err>
   </testsuite>
</testsuites>
