<?xml version="1.0" encoding="UTF-8"?>
<testsuites name="Login" time="99" tests="1" failures="1" errors="0">
   <testsuite name="Login" tests="1" failures="1" errors="0" time="99" timestamp="2018-10-05 17:23:04" hostname="buithan - 192.168.1.121" id="Test Suites/Login">
      <properties>
         <property name="deviceName" value=""/>
         <property name="devicePlatform" value=""/>
         <property name="logFolder" value="C:\\Users\\buithan\\git\\katalon-cls-project\\Reports\\Login\\20181005_172302"/>
         <property name="logFiles" value="C:\\Users\\buithan\\git\\katalon-cls-project\\Reports\\Login\\20181005_172302\\execution0.log"/>
         <property name="attachments" value=""/>
         <property name="hostName" value="buithan - 192.168.1.121"/>
         <property name="os" value="Windows 10 64bit"/>
         <property name="katalonVersion" value="5.4.1.1"/>
         <property name="browser" value="Chrome 69.0.3497.100"/>
         <property name="hostAddress" value="192.168.1.121"/>
         <property name="sessionId" value="a86704822e7ab3145a6370749df63550"/>
         <property name="seleniumVersion" value="3.7.1"/>
         <property name="proxyInformation" value="ProxyInformation{proxyOption=NO_PROXY, proxyServerType=HTTP, password=, proxyServerAddress=, proxyServerPort=0}"/>
         <property name="platform" value="Windows 10"/>
      </properties>
      <testcase name="Test Cases/EditUser" classname="Test Cases/EditUser" status="PASSED">
         <system-out><![CDATA[2018-10-05 17:23:05 - [TEST_CASE][PASSED] - Test Cases/EditUser: Test Cases/EditUser

2018-10-05 17:23:05 - [TEST_STEP][PASSED] - callTestCase: Call Test Case 'Test Cases/AddUser' successfully

2018-10-05 17:23:06 - [TEST_CASE][PASSED] - Test Cases/AddUser: Test Cases/AddUser

2018-10-05 17:23:06 - [TEST_STEP][PASSED] - callTestCase: Call Test Case 'Test Cases/DeleteUser' successfully

2018-10-05 17:23:06 - [TEST_CASE][PASSED] - Test Cases/DeleteUser: Test Cases/DeleteUser

2018-10-05 17:23:06 - [TEST_STEP][PASSED] - callTestCase: Call Test Case 'Test Cases/OpenUserModun' successfully

2018-10-05 17:23:06 - [TEST_CASE][PASSED] - Test Cases/OpenUserModun: Test Cases/OpenUserModun

2018-10-05 17:23:07 - [TEST_STEP][PASSED] - callTestCase: Call Test Case 'Test Cases/Login' successfully

2018-10-05 17:23:07 - [TEST_CASE][PASSED] - Test Cases/Login: Test Cases/Login

2018-10-05 17:23:07 - [TEST_STEP][PASSED] - openBrowser: Browser is opened with url: ''

2018-10-05 17:23:11 - [MESSAGE][PASSED] - Browser is opened with url: ''

2018-10-05 17:23:11 - [TEST_STEP][PASSED] - navigateToUrl: Navigate to 'https://ntmtien.cls.vn/account/login' successfully

2018-10-05 17:23:12 - [MESSAGE][PASSED] - Navigate to 'https://ntmtien.cls.vn/account/login' successfully

2018-10-05 17:23:12 - [TEST_STEP][PASSED] - setText: Text 'admin1' is set on object 'Object Repository/Login/Page_ng nhp/input_UserName'

2018-10-05 17:23:12 - [MESSAGE][PASSED] - Text 'admin1' is set on object 'Object Repository/Login/Page_ng nhp/input_UserName'

2018-10-05 17:23:12 - [TEST_STEP][PASSED] - setText: Text '123456' is set on object 'Object Repository/Login/Page_ng nhp/input_Password'

2018-10-05 17:23:13 - [MESSAGE][PASSED] - Text '123456' is set on object 'Object Repository/Login/Page_ng nhp/input_Password'

2018-10-05 17:23:13 - [TEST_STEP][PASSED] - click: Object: 'Object Repository/Login/Page_ng nhp/button_NG NHP' is clicked on

2018-10-05 17:23:13 - [MESSAGE][PASSED] - Object: 'Object Repository/Login/Page_ng nhp/button_NG NHP' is clicked on

2018-10-05 17:23:13 - [TEST_STEP][PASSED] - Statement - java.lang.Thread.sleep(5000): null

2018-10-05 17:23:18 - [TEST_STEP][PASSED] - switchToWindowIndex: Switched to window with index: '0'

2018-10-05 17:23:18 - [MESSAGE][PASSED] - Switched to window with index: '0'

2018-10-05 17:23:18 - [TEST_STEP][PASSED] - Statement - title = com.kms.katalon.core.webui.keyword.WebUiBuiltInKeywords.getWindowTitle(): Current window's title is: 'Quản trị viên'

2018-10-05 17:23:18 - [MESSAGE][PASSED] - Current window's title is: 'Quản trị viên'

2018-10-05 17:23:18 - [TEST_STEP][PASSED] - verifyMatch: Actual text 'Quản trị viên' and expected text 'Quản trị viên' are matched  using regular expression

2018-10-05 17:23:18 - [MESSAGE][PASSED] - Actual text 'Quản trị viên' and expected text 'Quản trị viên' are matched  using regular expression

2018-10-05 17:23:18 - [MESSAGE][PASSED] - Call Test Case 'Test Cases/Login' successfully

2018-10-05 17:23:18 - [TEST_STEP][PASSED] - click: Object: 'Object Repository/OpenUserModun/Page_Qun tr vin/div_Ngi dng' is clicked on

2018-10-05 17:23:19 - [MESSAGE][PASSED] - Object: 'Object Repository/OpenUserModun/Page_Qun tr vin/div_Ngi dng' is clicked on

2018-10-05 17:23:19 - [TEST_STEP][PASSED] - Statement - java.lang.Thread.sleep(3000): null

2018-10-05 17:23:22 - [TEST_STEP][PASSED] - verifyTextPresent: Text 'Quản lý người dùng' is present on page 

2018-10-05 17:23:23 - [MESSAGE][PASSED] - Text 'Quản lý người dùng' is present on page 

2018-10-05 17:23:23 - [MESSAGE][PASSED] - Call Test Case 'Test Cases/OpenUserModun' successfully

2018-10-05 17:23:23 - [TEST_STEP][PASSED] - setText: Text 'usertest' is set on object 'Object Repository/DeleteUser/Page_Qun l ngi dng/input_txtUserSearchBox'

2018-10-05 17:23:23 - [MESSAGE][PASSED] - Text 'usertest' is set on object 'Object Repository/DeleteUser/Page_Qun l ngi dng/input_txtUserSearchBox'

2018-10-05 17:23:23 - [TEST_STEP][PASSED] - Statement - java.lang.Thread.sleep(3000): null

2018-10-05 17:23:26 - [TEST_STEP][PASSED] - click: Object: 'Object Repository/DeleteUser/Page_Qun l ngi dng/span_fa fa-trash' is clicked on

2018-10-05 17:23:26 - [MESSAGE][PASSED] - Object: 'Object Repository/DeleteUser/Page_Qun l ngi dng/span_fa fa-trash' is clicked on

2018-10-05 17:23:26 - [TEST_STEP][PASSED] - Statement - java.lang.Thread.sleep(3000): null

2018-10-05 17:23:29 - [TEST_STEP][PASSED] - click: Object: 'Object Repository/DeleteUser/Page_Qun l ngi dng/button_ng' is clicked on

2018-10-05 17:23:29 - [MESSAGE][PASSED] - Object: 'Object Repository/DeleteUser/Page_Qun l ngi dng/button_ng' is clicked on

2018-10-05 17:23:29 - [TEST_STEP][PASSED] - Statement - java.lang.Thread.sleep(3000): null

2018-10-05 17:23:32 - [TEST_STEP][PASSED] - setText: Text 'usertest' is set on object 'Object Repository/DeleteUser/Page_Qun l ngi dng/input_txtUserSearchBox'

2018-10-05 17:23:32 - [MESSAGE][PASSED] - Text 'usertest' is set on object 'Object Repository/DeleteUser/Page_Qun l ngi dng/input_txtUserSearchBox'

2018-10-05 17:23:32 - [TEST_STEP][PASSED] - Statement - java.lang.Thread.sleep(3000): null

2018-10-05 17:23:35 - [TEST_STEP][PASSED] - verifyTextNotPresent: Text 'usertest' is not present on page

2018-10-05 17:23:35 - [MESSAGE][PASSED] - Text 'usertest' is not present on page

2018-10-05 17:23:35 - [MESSAGE][PASSED] - Call Test Case 'Test Cases/DeleteUser' successfully

2018-10-05 17:23:35 - [TEST_STEP][PASSED] - Statement - java.lang.Thread.sleep(3000): null

2018-10-05 17:23:38 - [TEST_STEP][PASSED] - click: Object: 'Object Repository/AddUser/Page_Qun l ngi dng/span_THM NGI DNG' is clicked on

2018-10-05 17:23:39 - [MESSAGE][PASSED] - Object: 'Object Repository/AddUser/Page_Qun l ngi dng/span_THM NGI DNG' is clicked on

2018-10-05 17:23:39 - [TEST_STEP][PASSED] - Statement - java.lang.Thread.sleep(5000): null

2018-10-05 17:23:44 - [TEST_STEP][PASSED] - setText: Text 'usertest' is set on object 'Object Repository/AddUser/Page_Qun l ngi dng/input_NewUserName'

2018-10-05 17:23:44 - [MESSAGE][PASSED] - Text 'usertest' is set on object 'Object Repository/AddUser/Page_Qun l ngi dng/input_NewUserName'

2018-10-05 17:23:44 - [TEST_STEP][PASSED] - setText: Text '123456' is set on object 'Object Repository/AddUser/Page_Qun l ngi dng/input_NewPassword'

2018-10-05 17:23:44 - [MESSAGE][PASSED] - Text '123456' is set on object 'Object Repository/AddUser/Page_Qun l ngi dng/input_NewPassword'

2018-10-05 17:23:44 - [TEST_STEP][PASSED] - setText: Text 'usertest@gmail.com' is set on object 'Object Repository/AddUser/Page_Qun l ngi dng/input_NewEmail'

2018-10-05 17:23:44 - [MESSAGE][PASSED] - Text 'usertest@gmail.com' is set on object 'Object Repository/AddUser/Page_Qun l ngi dng/input_NewEmail'

2018-10-05 17:23:44 - [TEST_STEP][PASSED] - click: Object: 'Object Repository/AddUser/Page_Qun l ngi dng/button_Lu' is clicked on

2018-10-05 17:23:45 - [MESSAGE][PASSED] - Object: 'Object Repository/AddUser/Page_Qun l ngi dng/button_Lu' is clicked on

2018-10-05 17:23:45 - [TEST_STEP][PASSED] - Statement - java.lang.Thread.sleep(10000): null

2018-10-05 17:23:55 - [TEST_STEP][PASSED] - verifyTextPresent: Text 'usertest' is present on page 

2018-10-05 17:23:55 - [MESSAGE][PASSED] - Text 'usertest' is present on page 

2018-10-05 17:23:55 - [MESSAGE][PASSED] - Call Test Case 'Test Cases/AddUser' successfully

2018-10-05 17:23:55 - [TEST_STEP][PASSED] - click: Object: 'Object Repository/EditUser/Page_Qun l ngi dng/span_fa fa-pencil' is clicked on

2018-10-05 17:23:56 - [MESSAGE][PASSED] - Object: 'Object Repository/EditUser/Page_Qun l ngi dng/span_fa fa-pencil' is clicked on

2018-10-05 17:23:56 - [TEST_STEP][PASSED] - setText: Text 'usertest1' is set on object 'Object Repository/EditUser/Page_- usertest/input_EditUserName'

2018-10-05 17:23:56 - [MESSAGE][PASSED] - Text 'usertest1' is set on object 'Object Repository/EditUser/Page_- usertest/input_EditUserName'

2018-10-05 17:23:56 - [TEST_STEP][PASSED] - click: Object: 'Object Repository/EditUser/Page_- usertest/button_Lu' is clicked on

2018-10-05 17:23:56 - [MESSAGE][PASSED] - Object: 'Object Repository/EditUser/Page_- usertest/button_Lu' is clicked on

2018-10-05 17:23:56 - [TEST_STEP][PASSED] - Statement - java.lang.Thread.sleep(3000): null

2018-10-05 17:23:59 - [TEST_STEP][PASSED] - setText: Text 'usertest1' is set on object 'Object Repository/EditUser/Page_Qun l ngi dng/input_txtUserSearchBox'

2018-10-05 17:24:00 - [MESSAGE][PASSED] - Text 'usertest1' is set on object 'Object Repository/EditUser/Page_Qun l ngi dng/input_txtUserSearchBox'

2018-10-05 17:24:00 - [TEST_STEP][PASSED] - Statement - java.lang.Thread.sleep(3000): null

2018-10-05 17:24:03 - [TEST_STEP][PASSED] - verifyTextPresent: Text 'usertest1' is present on page 

2018-10-05 17:24:04 - [MESSAGE][PASSED] - Text 'usertest1' is present on page]]></system-out>
         <system-err><![CDATA[]]></system-err>
      </testcase>
      <testcase name="Test Cases/AssignUserToCourse" classname="Test Cases/AssignUserToCourse" status="FAILED">
         <failure type="FAILED" message="Unable to verify match between actual text 'Đăng nhập' and expected text 'Quản trị viên' using regular expression (Root cause: Actual text 'Đăng nhập' and expected text 'Quản trị viên' are not matched using regular expression)"/>
         <system-out><![CDATA[2018-10-05 17:24:04 - [TEST_CASE][FAILED] - Test Cases/AssignUserToCourse: Test Cases/AssignUserToCourse FAILED because (of) Unable to verify match between actual text 'Đăng nhập' and expected text 'Quản trị viên' using regular expression (Root cause: Actual text 'Đăng nhập' and expected text 'Quản trị viên' are not matched using regular expression)

2018-10-05 17:24:04 - [TEST_STEP][PASSED] - Statement - java.lang.Thread.sleep(30000): null

2018-10-05 17:24:34 - [TEST_STEP][FAILED] - callTestCase: Unable to call Test Case with id 'Test Cases/OpenUserModun' (Root cause: Call Test Case 'Test Cases/OpenUserModun' failed)

2018-10-05 17:24:34 - [TEST_CASE][FAILED] - Test Cases/OpenUserModun: Test Cases/OpenUserModun FAILED because (of) Unable to verify match between actual text 'Đăng nhập' and expected text 'Quản trị viên' using regular expression (Root cause: Actual text 'Đăng nhập' and expected text 'Quản trị viên' are not matched using regular expression)

2018-10-05 17:24:34 - [TEST_STEP][FAILED] - callTestCase: Unable to call Test Case with id 'Test Cases/Login' (Root cause: Call Test Case 'Test Cases/Login' failed)

2018-10-05 17:24:34 - [TEST_CASE][FAILED] - Test Cases/Login: Test Cases/Login FAILED because (of) Unable to verify match between actual text 'Đăng nhập' and expected text 'Quản trị viên' using regular expression (Root cause: Actual text 'Đăng nhập' and expected text 'Quản trị viên' are not matched using regular expression)

2018-10-05 17:24:34 - [TEST_STEP][PASSED] - openBrowser: Browser is opened with url: ''

2018-10-05 17:24:34 - [MESSAGE][WARNING] - A browser is already opened. Closing browser and opening a new one

2018-10-05 17:24:37 - [MESSAGE][PASSED] - Browser is opened with url: ''

2018-10-05 17:24:37 - [TEST_STEP][PASSED] - navigateToUrl: Navigate to 'https://ntmtien.cls.vn/account/login' successfully

2018-10-05 17:24:38 - [MESSAGE][PASSED] - Navigate to 'https://ntmtien.cls.vn/account/login' successfully

2018-10-05 17:24:38 - [TEST_STEP][PASSED] - setText: Text 'admin1' is set on object 'Object Repository/Login/Page_ng nhp/input_UserName'

2018-10-05 17:24:38 - [MESSAGE][PASSED] - Text 'admin1' is set on object 'Object Repository/Login/Page_ng nhp/input_UserName'

2018-10-05 17:24:38 - [TEST_STEP][PASSED] - setText: Text '123456' is set on object 'Object Repository/Login/Page_ng nhp/input_Password'

2018-10-05 17:24:38 - [MESSAGE][PASSED] - Text '123456' is set on object 'Object Repository/Login/Page_ng nhp/input_Password'

2018-10-05 17:24:38 - [TEST_STEP][PASSED] - click: Object: 'Object Repository/Login/Page_ng nhp/button_NG NHP' is clicked on

2018-10-05 17:24:38 - [MESSAGE][PASSED] - Object: 'Object Repository/Login/Page_ng nhp/button_NG NHP' is clicked on

2018-10-05 17:24:38 - [TEST_STEP][PASSED] - Statement - java.lang.Thread.sleep(5000): null

2018-10-05 17:24:43 - [TEST_STEP][PASSED] - switchToWindowIndex: Switched to window with index: '0'

2018-10-05 17:24:43 - [MESSAGE][PASSED] - Switched to window with index: '0'

2018-10-05 17:24:43 - [TEST_STEP][PASSED] - Statement - title = com.kms.katalon.core.webui.keyword.WebUiBuiltInKeywords.getWindowTitle(): Current window's title is: 'Đăng nhập'

2018-10-05 17:24:43 - [MESSAGE][PASSED] - Current window's title is: 'Đăng nhập'

2018-10-05 17:24:43 - [TEST_STEP][FAILED] - verifyMatch: Unable to verify match between actual text 'Đăng nhập' and expected text 'Quản trị viên' using regular expression (Root cause: Actual text 'Đăng nhập' and expected text 'Quản trị viên' are not matched using regular expression)

2018-10-05 17:24:43 - [MESSAGE][FAILED] - Unable to verify match between actual text 'Đăng nhập' and expected text 'Quản trị viên' using regular expression (Root cause: Actual text 'Đăng nhập' and expected text 'Quản trị viên' are not matched using regular expression)

2018-10-05 17:24:43 - [MESSAGE][FAILED] - Unable to call Test Case with id 'Test Cases/Login' (Root cause: Call Test Case 'Test Cases/Login' failed)

2018-10-05 17:24:43 - [MESSAGE][FAILED] - Unable to call Test Case with id 'Test Cases/OpenUserModun' (Root cause: Call Test Case 'Test Cases/OpenUserModun' failed)]]></system-out>
         <system-err><![CDATA[2018-10-05 17:24:04 - [TEST_CASE][FAILED] - Test Cases/AssignUserToCourse: Test Cases/AssignUserToCourse FAILED because (of) Unable to verify match between actual text 'Đăng nhập' and expected text 'Quản trị viên' using regular expression (Root cause: Actual text 'Đăng nhập' and expected text 'Quản trị viên' are not matched using regular expression)]]></system-err>
      </testcase>
      <system-out><![CDATA[2018-10-05 17:23:04 - [TEST_SUITE][FAILED] - Login: Test Cases/AssignUserToCourse FAILED because (of) Unable to verify match between actual text 'Đăng nhập' and expected text 'Quản trị viên' using regular expression (Root cause: Actual text 'Đăng nhập' and expected text 'Quản trị viên' are not matched using regular expression)]]></system-out>
      <system-err><![CDATA[2018-10-05 17:23:04 - [TEST_SUITE][FAILED] - Login: Test Cases/AssignUserToCourse FAILED because (of) Unable to verify match between actual text 'Đăng nhập' and expected text 'Quản trị viên' using regular expression (Root cause: Actual text 'Đăng nhập' and expected text 'Quản trị viên' are not matched using regular expression)]]></system-err>
   </testsuite>
</testsuites>
