<?xml version="1.0" encoding="UTF-8"?>
<testsuites name="Login" time="156" tests="0" failures="2" errors="0">
   <testsuite name="Login" tests="0" failures="2" errors="0" time="156" timestamp="2018-10-08 16:32:32" hostname="buithan - 192.168.1.121" id="Test Suites/Login">
      <properties>
         <property name="deviceName" value=""/>
         <property name="devicePlatform" value=""/>
         <property name="logFolder" value="C:\\Users\\buithan\\git\\katalon-cls-project\\Reports\\Login\\20181008_163230"/>
         <property name="logFiles" value="C:\\Users\\buithan\\git\\katalon-cls-project\\Reports\\Login\\20181008_163230\\execution0.log"/>
         <property name="attachments" value="C:\\Users\\buithan\\git\\katalon-cls-project\\Reports\\Login\\20181008_163230\\1538991297912.png"/>
         <property name="hostName" value="buithan - 192.168.1.121"/>
         <property name="os" value="Windows 10 64bit"/>
         <property name="katalonVersion" value="5.4.1.1"/>
         <property name="browser" value="Chrome 69.0.3497.100"/>
         <property name="hostAddress" value="192.168.1.121"/>
         <property name="sessionId" value="0a3093e0df05ac44107881f53cca0d7b"/>
         <property name="seleniumVersion" value="3.7.1"/>
         <property name="proxyInformation" value="ProxyInformation{proxyOption=NO_PROXY, proxyServerType=HTTP, password=, proxyServerAddress=, proxyServerPort=0}"/>
         <property name="platform" value="Windows 10"/>
      </properties>
      <testcase name="Test Cases/AssignUserToCourse" classname="Test Cases/AssignUserToCourse" status="FAILED">
         <failure type="FAILED" message="Unable to click on object 'Object Repository/Logout/Page_Qun tr vin/a_ng xut' (Root cause: org.openqa.selenium.WebDriverException: unknown error: Element &lt;a href=&quot;#&quot; onclick=&quot;logOut(); event.preventDefault()&quot;>...&lt;/a> is not clickable at point (724, 300). Other element would receive the click: &lt;div class=&quot;loading-screen&quot; id=&quot;loadingScreen&quot;>...&lt;/div>
  (Session info: chrome=69.0.3497.100)
  (Driver info: chromedriver=2.35.528161 (5b82f2d2aae0ca24b877009200ced9065a772e73),platform=Windows NT 10.0.17134 x86_64) (WARNING: The server did not provide any stacktrace information)
Command duration or timeout: 0 milliseconds
Build info: version: '3.7.1', revision: '8a0099a', time: '2017-11-06T21:07:36.161Z'
System info: host: 'DESKTOP-9IOQSG7', ip: '192.168.1.121', os.name: 'Windows 10', os.arch: 'amd64', os.version: '10.0', java.version: '1.8.0_102'
Driver info: com.kms.katalon.selenium.driver.CChromeDriver
Capabilities {acceptInsecureCerts: false, acceptSslCerts: false, applicationCacheEnabled: false, browserConnectionEnabled: false, browserName: chrome, chrome: {chromedriverVersion: 2.35.528161 (5b82f2d2aae0ca..., userDataDir: C:\Users\buithan\AppData\Lo...}, cssSelectorsEnabled: true, databaseEnabled: false, handlesAlerts: true, hasTouchScreen: false, javascriptEnabled: true, locationContextEnabled: true, mobileEmulationEnabled: false, nativeEvents: true, networkConnectionEnabled: false, pageLoadStrategy: normal, platform: XP, platformName: XP, rotatable: false, setWindowRect: true, takesHeapSnapshot: true, takesScreenshot: true, unexpectedAlertBehaviour: , unhandledPromptBehavior: , version: 69.0.3497.100, webStorageEnabled: true}
Session ID: 542e9c4bae7c73ae9cd86d98b69e1e0e)"/>
         <system-out><![CDATA[2018-10-08 16:32:32 - [TEST_CASE][FAILED] - Test Cases/AssignUserToCourse: Test Cases/AssignUserToCourse FAILED because (of) Unable to click on object 'Object Repository/Logout/Page_Qun tr vin/a_ng xut' (Root cause: org.openqa.selenium.WebDriverException: unknown error: Element <a href="#" onclick="logOut(); event.preventDefault()">...</a> is not clickable at point (724, 300). Other element would receive the click: <div class="loading-screen" id="loadingScreen">...</div>
  (Session info: chrome=69.0.3497.100)
  (Driver info: chromedriver=2.35.528161 (5b82f2d2aae0ca24b877009200ced9065a772e73),platform=Windows NT 10.0.17134 x86_64) (WARNING: The server did not provide any stacktrace information)
Command duration or timeout: 0 milliseconds
Build info: version: '3.7.1', revision: '8a0099a', time: '2017-11-06T21:07:36.161Z'
System info: host: 'DESKTOP-9IOQSG7', ip: '192.168.1.121', os.name: 'Windows 10', os.arch: 'amd64', os.version: '10.0', java.version: '1.8.0_102'
Driver info: com.kms.katalon.selenium.driver.CChromeDriver
Capabilities {acceptInsecureCerts: false, acceptSslCerts: false, applicationCacheEnabled: false, browserConnectionEnabled: false, browserName: chrome, chrome: {chromedriverVersion: 2.35.528161 (5b82f2d2aae0ca..., userDataDir: C:\Users\buithan\AppData\Lo...}, cssSelectorsEnabled: true, databaseEnabled: false, handlesAlerts: true, hasTouchScreen: false, javascriptEnabled: true, locationContextEnabled: true, mobileEmulationEnabled: false, nativeEvents: true, networkConnectionEnabled: false, pageLoadStrategy: normal, platform: XP, platformName: XP, rotatable: false, setWindowRect: true, takesHeapSnapshot: true, takesScreenshot: true, unexpectedAlertBehaviour: , unhandledPromptBehavior: , version: 69.0.3497.100, webStorageEnabled: true}
Session ID: 542e9c4bae7c73ae9cd86d98b69e1e0e)

2018-10-08 16:32:33 - [TEST_STEP][PASSED] - Statement - java.lang.Thread.sleep(30000): null

2018-10-08 16:33:03 - [TEST_STEP][PASSED] - callTestCase: Call Test Case 'Test Cases/OpenUserModun' successfully

2018-10-08 16:33:03 - [TEST_CASE][PASSED] - Test Cases/OpenUserModun: Test Cases/OpenUserModun

2018-10-08 16:33:03 - [TEST_STEP][PASSED] - Statement - java.lang.Thread.sleep(30000): null

2018-10-08 16:33:33 - [TEST_STEP][PASSED] - callTestCase: Call Test Case 'Test Cases/Login' successfully

2018-10-08 16:33:33 - [TEST_CASE][PASSED] - Test Cases/Login: Test Cases/Login

2018-10-08 16:33:33 - [TEST_STEP][PASSED] - openBrowser: Browser is opened with url: ''

2018-10-08 16:33:36 - [MESSAGE][PASSED] - Browser is opened with url: ''

2018-10-08 16:33:36 - [TEST_STEP][PASSED] - navigateToUrl: Navigate to 'https://ntmtien.cls.vn/account/login' successfully

2018-10-08 16:33:38 - [MESSAGE][PASSED] - Navigate to 'https://ntmtien.cls.vn/account/login' successfully

2018-10-08 16:33:38 - [TEST_STEP][PASSED] - setText: Text 'admin1' is set on object 'Object Repository/Login/Page_ng nhp/input_UserName'

2018-10-08 16:33:38 - [MESSAGE][PASSED] - Text 'admin1' is set on object 'Object Repository/Login/Page_ng nhp/input_UserName'

2018-10-08 16:33:38 - [TEST_STEP][PASSED] - setText: Text '123456' is set on object 'Object Repository/Login/Page_ng nhp/input_Password'

2018-10-08 16:33:38 - [MESSAGE][PASSED] - Text '123456' is set on object 'Object Repository/Login/Page_ng nhp/input_Password'

2018-10-08 16:33:38 - [TEST_STEP][PASSED] - click: Object: 'Object Repository/Login/Page_ng nhp/button_NG NHP' is clicked on

2018-10-08 16:33:38 - [MESSAGE][PASSED] - Object: 'Object Repository/Login/Page_ng nhp/button_NG NHP' is clicked on

2018-10-08 16:33:38 - [TEST_STEP][PASSED] - Statement - java.lang.Thread.sleep(5000): null

2018-10-08 16:33:43 - [TEST_STEP][PASSED] - switchToWindowIndex: Switched to window with index: '0'

2018-10-08 16:33:43 - [MESSAGE][PASSED] - Switched to window with index: '0'

2018-10-08 16:33:43 - [TEST_STEP][PASSED] - Statement - title = com.kms.katalon.core.webui.keyword.WebUiBuiltInKeywords.getWindowTitle(): Current window's title is: 'Quản trị viên'

2018-10-08 16:33:43 - [MESSAGE][PASSED] - Current window's title is: 'Quản trị viên'

2018-10-08 16:33:43 - [TEST_STEP][PASSED] - verifyMatch: Actual text 'Quản trị viên' and expected text 'Quản trị viên' are matched  using regular expression

2018-10-08 16:33:43 - [MESSAGE][PASSED] - Actual text 'Quản trị viên' and expected text 'Quản trị viên' are matched  using regular expression

2018-10-08 16:33:43 - [MESSAGE][PASSED] - Call Test Case 'Test Cases/Login' successfully

2018-10-08 16:33:43 - [TEST_STEP][PASSED] - click: Object: 'Object Repository/OpenUserModun/Page_Qun tr vin/div_Ngi dng' is clicked on

2018-10-08 16:33:45 - [MESSAGE][PASSED] - Object: 'Object Repository/OpenUserModun/Page_Qun tr vin/div_Ngi dng' is clicked on

2018-10-08 16:33:45 - [TEST_STEP][PASSED] - Statement - java.lang.Thread.sleep(3000): null

2018-10-08 16:33:48 - [TEST_STEP][PASSED] - verifyTextPresent: Text 'Quản lý người dùng' is present on page 

2018-10-08 16:33:48 - [MESSAGE][PASSED] - Text 'Quản lý người dùng' is present on page 

2018-10-08 16:33:48 - [MESSAGE][PASSED] - Call Test Case 'Test Cases/OpenUserModun' successfully

2018-10-08 16:33:48 - [TEST_STEP][PASSED] - setText: Text 'admin1' is set on object 'Object Repository/AddUserToCourse/Page_Qun l ngi dng/input_txtUserSearchBox'

2018-10-08 16:33:48 - [MESSAGE][PASSED] - Text 'admin1' is set on object 'Object Repository/AddUserToCourse/Page_Qun l ngi dng/input_txtUserSearchBox'

2018-10-08 16:33:48 - [TEST_STEP][PASSED] - Statement - java.lang.Thread.sleep(3000): null

2018-10-08 16:33:51 - [TEST_STEP][PASSED] - click: Object: 'Object Repository/AddUserToCourse/Page_Qun l ngi dng/span_fa fa-pencil' is clicked on

2018-10-08 16:33:52 - [MESSAGE][PASSED] - Object: 'Object Repository/AddUserToCourse/Page_Qun l ngi dng/span_fa fa-pencil' is clicked on

2018-10-08 16:33:52 - [TEST_STEP][PASSED] - Statement - java.lang.Thread.sleep(3000): null

2018-10-08 16:33:55 - [TEST_STEP][PASSED] - click: Object: 'Object Repository/AddUserToCourse/Page_- admin1/span_Kho hc' is clicked on

2018-10-08 16:33:55 - [MESSAGE][PASSED] - Object: 'Object Repository/AddUserToCourse/Page_- admin1/span_Kho hc' is clicked on

2018-10-08 16:33:55 - [TEST_STEP][PASSED] - setText: Text 'Vận hành CLS trong Doanh Nghiệp' is set on object 'Object Repository/AddUserToCourse/Page_- admin1/input_txtUserCourseSearchBox'

2018-10-08 16:33:55 - [MESSAGE][PASSED] - Text 'Vận hành CLS trong Doanh Nghiệp' is set on object 'Object Repository/AddUserToCourse/Page_- admin1/input_txtUserCourseSearchBox'

2018-10-08 16:33:55 - [TEST_STEP][PASSED] - Statement - java.lang.Thread.sleep(3000): null

2018-10-08 16:33:58 - [TEST_STEP][PASSED] - click: Object: 'Object Repository/AddUserToCourse/Page_- admin1/input_ipt-action' is clicked on

2018-10-08 16:33:59 - [MESSAGE][PASSED] - Object: 'Object Repository/AddUserToCourse/Page_- admin1/input_ipt-action' is clicked on

2018-10-08 16:33:59 - [TEST_STEP][PASSED] - click: Object: 'Object Repository/AddUserToCourse/Page_- admin1/button_Lu' is clicked on

2018-10-08 16:33:59 - [MESSAGE][PASSED] - Object: 'Object Repository/AddUserToCourse/Page_- admin1/button_Lu' is clicked on

2018-10-08 16:33:59 - [TEST_STEP][PASSED] - Statement - java.lang.Thread.sleep(5000): null

2018-10-08 16:34:04 - [TEST_STEP][PASSED] - mouseOver: Object: 'Object Repository/AddUserToCourse/Page_Qun tr vin/span_fa fa-caret-down' is hovered

2018-10-08 16:34:04 - [MESSAGE][PASSED] - Object: 'Object Repository/AddUserToCourse/Page_Qun tr vin/span_fa fa-caret-down' is hovered

2018-10-08 16:34:04 - [TEST_STEP][PASSED] - Statement - java.lang.Thread.sleep(5000): null

2018-10-08 16:34:09 - [TEST_STEP][PASSED] - click: Object: 'Object Repository/AddUserToCourse/Page_Qun tr vin/a_Ngi hc' is clicked on

2018-10-08 16:34:10 - [MESSAGE][PASSED] - Object: 'Object Repository/AddUserToCourse/Page_Qun tr vin/a_Ngi hc' is clicked on

2018-10-08 16:34:10 - [TEST_STEP][PASSED] - setText: Text 'Vận hành CLS trong Doanh Nghiệp' is set on object 'Object Repository/AddUserToCourse/Page_Ngi hc/input_txtCourseSearchBox'

2018-10-08 16:34:10 - [MESSAGE][PASSED] - Text 'Vận hành CLS trong Doanh Nghiệp' is set on object 'Object Repository/AddUserToCourse/Page_Ngi hc/input_txtCourseSearchBox'

2018-10-08 16:34:10 - [TEST_STEP][PASSED] - verifyTextPresent: Text 'Vận hành CLS trong Doanh Nghiệp' is present on page 

2018-10-08 16:34:10 - [MESSAGE][PASSED] - Text 'Vận hành CLS trong Doanh Nghiệp' is present on page 

2018-10-08 16:34:10 - [TEST_STEP][PASSED] - Statement - java.lang.Thread.sleep(3000): null

2018-10-08 16:34:13 - [TEST_STEP][PASSED] - click: Object: 'Object Repository/AddUserToCourse/Page_Ngi hc/a_Vn hnh CLS trong Doanh Nghip' is clicked on

2018-10-08 16:34:14 - [MESSAGE][PASSED] - Object: 'Object Repository/AddUserToCourse/Page_Ngi hc/a_Vn hnh CLS trong Doanh Nghip' is clicked on

2018-10-08 16:34:14 - [TEST_STEP][FAILED] - callTestCase: Unable to call Test Case with id 'Test Cases/UnssignUserToCours' (Root cause: Call Test Case 'Test Cases/UnssignUserToCours' failed)

2018-10-08 16:34:14 - [TEST_CASE][FAILED] - Test Cases/UnssignUserToCours: Test Cases/UnssignUserToCours FAILED because (of) Unable to click on object 'Object Repository/Logout/Page_Qun tr vin/a_ng xut' (Root cause: org.openqa.selenium.WebDriverException: unknown error: Element <a href="#" onclick="logOut(); event.preventDefault()">...</a> is not clickable at point (724, 300). Other element would receive the click: <div class="loading-screen" id="loadingScreen">...</div>
  (Session info: chrome=69.0.3497.100)
  (Driver info: chromedriver=2.35.528161 (5b82f2d2aae0ca24b877009200ced9065a772e73),platform=Windows NT 10.0.17134 x86_64) (WARNING: The server did not provide any stacktrace information)
Command duration or timeout: 0 milliseconds
Build info: version: '3.7.1', revision: '8a0099a', time: '2017-11-06T21:07:36.161Z'
System info: host: 'DESKTOP-9IOQSG7', ip: '192.168.1.121', os.name: 'Windows 10', os.arch: 'amd64', os.version: '10.0', java.version: '1.8.0_102'
Driver info: com.kms.katalon.selenium.driver.CChromeDriver
Capabilities {acceptInsecureCerts: false, acceptSslCerts: false, applicationCacheEnabled: false, browserConnectionEnabled: false, browserName: chrome, chrome: {chromedriverVersion: 2.35.528161 (5b82f2d2aae0ca..., userDataDir: C:\Users\buithan\AppData\Lo...}, cssSelectorsEnabled: true, databaseEnabled: false, handlesAlerts: true, hasTouchScreen: false, javascriptEnabled: true, locationContextEnabled: true, mobileEmulationEnabled: false, nativeEvents: true, networkConnectionEnabled: false, pageLoadStrategy: normal, platform: XP, platformName: XP, rotatable: false, setWindowRect: true, takesHeapSnapshot: true, takesScreenshot: true, unexpectedAlertBehaviour: , unhandledPromptBehavior: , version: 69.0.3497.100, webStorageEnabled: true}
Session ID: 542e9c4bae7c73ae9cd86d98b69e1e0e)

2018-10-08 16:34:14 - [TEST_STEP][PASSED] - Statement - java.lang.Thread.sleep(10000): null

2018-10-08 16:34:24 - [TEST_STEP][PASSED] - mouseOver: Object: 'Object Repository/AddUserToCourse/Page_Qun tr vin/span_fa fa-caret-down' is hovered

2018-10-08 16:34:25 - [MESSAGE][PASSED] - Object: 'Object Repository/AddUserToCourse/Page_Qun tr vin/span_fa fa-caret-down' is hovered

2018-10-08 16:34:25 - [TEST_STEP][PASSED] - Statement - java.lang.Thread.sleep(5000): null

2018-10-08 16:34:30 - [TEST_STEP][PASSED] - click: Object: 'Object Repository/AddUserToCourse/Page_Ngi hc (1)/a_Qun tr vin' is clicked on

2018-10-08 16:34:31 - [MESSAGE][PASSED] - Object: 'Object Repository/AddUserToCourse/Page_Ngi hc (1)/a_Qun tr vin' is clicked on

2018-10-08 16:34:31 - [TEST_STEP][PASSED] - click: Object: 'Object Repository/OpenUserModun/Page_Qun tr vin/div_Ngi dng' is clicked on

2018-10-08 16:34:34 - [MESSAGE][PASSED] - Object: 'Object Repository/OpenUserModun/Page_Qun tr vin/div_Ngi dng' is clicked on

2018-10-08 16:34:34 - [TEST_STEP][PASSED] - Statement - java.lang.Thread.sleep(3000): null

2018-10-08 16:34:37 - [TEST_STEP][PASSED] - verifyTextPresent: Text 'Quản lý người dùng' is present on page 

2018-10-08 16:34:37 - [MESSAGE][PASSED] - Text 'Quản lý người dùng' is present on page 

2018-10-08 16:34:37 - [TEST_STEP][PASSED] - setText: Text 'admin1' is set on object 'Object Repository/AddUserToCourse/Page_Qun l ngi dng/input_txtUserSearchBox'

2018-10-08 16:34:37 - [MESSAGE][PASSED] - Text 'admin1' is set on object 'Object Repository/AddUserToCourse/Page_Qun l ngi dng/input_txtUserSearchBox'

2018-10-08 16:34:37 - [TEST_STEP][PASSED] - Statement - java.lang.Thread.sleep(3000): null

2018-10-08 16:34:40 - [TEST_STEP][PASSED] - click: Object: 'Object Repository/AddUserToCourse/Page_Qun l ngi dng/span_fa fa-pencil' is clicked on

2018-10-08 16:34:41 - [MESSAGE][PASSED] - Object: 'Object Repository/AddUserToCourse/Page_Qun l ngi dng/span_fa fa-pencil' is clicked on

2018-10-08 16:34:41 - [TEST_STEP][PASSED] - Statement - java.lang.Thread.sleep(3000): null

2018-10-08 16:34:44 - [TEST_STEP][PASSED] - click: Object: 'Object Repository/AddUserToCourse/Page_- admin1/span_Kho hc' is clicked on

2018-10-08 16:34:44 - [MESSAGE][PASSED] - Object: 'Object Repository/AddUserToCourse/Page_- admin1/span_Kho hc' is clicked on

2018-10-08 16:34:44 - [TEST_STEP][PASSED] - setText: Text 'Vận hành CLS trong Doanh Nghiệp' is set on object 'Object Repository/AddUserToCourse/Page_- admin1/input_txtUserCourseSearchBox'

2018-10-08 16:34:44 - [MESSAGE][PASSED] - Text 'Vận hành CLS trong Doanh Nghiệp' is set on object 'Object Repository/AddUserToCourse/Page_- admin1/input_txtUserCourseSearchBox'

2018-10-08 16:34:44 - [TEST_STEP][PASSED] - Statement - java.lang.Thread.sleep(3000): null

2018-10-08 16:34:47 - [TEST_STEP][PASSED] - click: Object: 'Object Repository/AddUserToCourse/Page_- admin1/input_ipt-action' is clicked on

2018-10-08 16:34:47 - [MESSAGE][PASSED] - Object: 'Object Repository/AddUserToCourse/Page_- admin1/input_ipt-action' is clicked on

2018-10-08 16:34:47 - [TEST_STEP][PASSED] - click: Object: 'Object Repository/AddUserToCourse/Page_- admin1/button_Lu' is clicked on

2018-10-08 16:34:48 - [MESSAGE][PASSED] - Object: 'Object Repository/AddUserToCourse/Page_- admin1/button_Lu' is clicked on

2018-10-08 16:34:48 - [TEST_STEP][PASSED] - Statement - java.lang.Thread.sleep(5000): null

2018-10-08 16:34:53 - [TEST_STEP][PASSED] - mouseOver: Object: 'Object Repository/AddUserToCourse/Page_Qun tr vin/span_fa fa-caret-down' is hovered

2018-10-08 16:34:53 - [MESSAGE][PASSED] - Object: 'Object Repository/AddUserToCourse/Page_Qun tr vin/span_fa fa-caret-down' is hovered

2018-10-08 16:34:53 - [TEST_STEP][PASSED] - Statement - java.lang.Thread.sleep(3000): null

2018-10-08 16:34:56 - [TEST_STEP][PASSED] - click: Object: 'Object Repository/AddUserToCourse/Page_Qun tr vin/a_Ngi hc' is clicked on

2018-10-08 16:34:57 - [MESSAGE][PASSED] - Object: 'Object Repository/AddUserToCourse/Page_Qun tr vin/a_Ngi hc' is clicked on

2018-10-08 16:34:57 - [TEST_STEP][PASSED] - setText: Text 'Vận hành CLS trong Doanh Nghiệp' is set on object 'Object Repository/AddUserToCourse/Page_Ngi hc/input_txtCourseSearchBox'

2018-10-08 16:34:57 - [MESSAGE][PASSED] - Text 'Vận hành CLS trong Doanh Nghiệp' is set on object 'Object Repository/AddUserToCourse/Page_Ngi hc/input_txtCourseSearchBox'

2018-10-08 16:34:57 - [TEST_STEP][PASSED] - verifyTextNotPresent: Text 'Vận hành CLS trong Doanh Nghiệp' is not present on page

2018-10-08 16:34:57 - [MESSAGE][PASSED] - Text 'Vận hành CLS trong Doanh Nghiệp' is not present on page

2018-10-08 16:34:57 - [TEST_STEP][FAILED] - callTestCase: Unable to call Test Case with id 'Test Cases/Logout' (Root cause: Call Test Case 'Test Cases/Logout' failed)

2018-10-08 16:34:57 - [TEST_CASE][FAILED] - Test Cases/Logout: Test Cases/Logout FAILED because (of) Unable to click on object 'Object Repository/Logout/Page_Qun tr vin/a_ng xut' (Root cause: org.openqa.selenium.WebDriverException: unknown error: Element <a href="#" onclick="logOut(); event.preventDefault()">...</a> is not clickable at point (724, 300). Other element would receive the click: <div class="loading-screen" id="loadingScreen">...</div>
  (Session info: chrome=69.0.3497.100)
  (Driver info: chromedriver=2.35.528161 (5b82f2d2aae0ca24b877009200ced9065a772e73),platform=Windows NT 10.0.17134 x86_64) (WARNING: The server did not provide any stacktrace information)
Command duration or timeout: 0 milliseconds
Build info: version: '3.7.1', revision: '8a0099a', time: '2017-11-06T21:07:36.161Z'
System info: host: 'DESKTOP-9IOQSG7', ip: '192.168.1.121', os.name: 'Windows 10', os.arch: 'amd64', os.version: '10.0', java.version: '1.8.0_102'
Driver info: com.kms.katalon.selenium.driver.CChromeDriver
Capabilities {acceptInsecureCerts: false, acceptSslCerts: false, applicationCacheEnabled: false, browserConnectionEnabled: false, browserName: chrome, chrome: {chromedriverVersion: 2.35.528161 (5b82f2d2aae0ca..., userDataDir: C:\Users\buithan\AppData\Lo...}, cssSelectorsEnabled: true, databaseEnabled: false, handlesAlerts: true, hasTouchScreen: false, javascriptEnabled: true, locationContextEnabled: true, mobileEmulationEnabled: false, nativeEvents: true, networkConnectionEnabled: false, pageLoadStrategy: normal, platform: XP, platformName: XP, rotatable: false, setWindowRect: true, takesHeapSnapshot: true, takesScreenshot: true, unexpectedAlertBehaviour: , unhandledPromptBehavior: , version: 69.0.3497.100, webStorageEnabled: true}
Session ID: 542e9c4bae7c73ae9cd86d98b69e1e0e)

2018-10-08 16:34:57 - [TEST_STEP][PASSED] - click: Object: 'Object Repository/Logout/Page_Qun tr vin/span_fa fa-caret-down' is clicked on

2018-10-08 16:34:57 - [MESSAGE][PASSED] - Object: 'Object Repository/Logout/Page_Qun tr vin/span_fa fa-caret-down' is clicked on

2018-10-08 16:34:57 - [TEST_STEP][FAILED] - click: Unable to click on object 'Object Repository/Logout/Page_Qun tr vin/a_ng xut' (Root cause: org.openqa.selenium.WebDriverException: unknown error: Element <a href="#" onclick="logOut(); event.preventDefault()">...</a> is not clickable at point (724, 300). Other element would receive the click: <div class="loading-screen" id="loadingScreen">...</div>
  (Session info: chrome=69.0.3497.100)
  (Driver info: chromedriver=2.35.528161 (5b82f2d2aae0ca24b877009200ced9065a772e73),platform=Windows NT 10.0.17134 x86_64) (WARNING: The server did not provide any stacktrace information)
Command duration or timeout: 0 milliseconds
Build info: version: '3.7.1', revision: '8a0099a', time: '2017-11-06T21:07:36.161Z'
System info: host: 'DESKTOP-9IOQSG7', ip: '192.168.1.121', os.name: 'Windows 10', os.arch: 'amd64', os.version: '10.0', java.version: '1.8.0_102'
Driver info: com.kms.katalon.selenium.driver.CChromeDriver
Capabilities {acceptInsecureCerts: false, acceptSslCerts: false, applicationCacheEnabled: false, browserConnectionEnabled: false, browserName: chrome, chrome: {chromedriverVersion: 2.35.528161 (5b82f2d2aae0ca..., userDataDir: C:\Users\buithan\AppData\Lo...}, cssSelectorsEnabled: true, databaseEnabled: false, handlesAlerts: true, hasTouchScreen: false, javascriptEnabled: true, locationContextEnabled: true, mobileEmulationEnabled: false, nativeEvents: true, networkConnectionEnabled: false, pageLoadStrategy: normal, platform: XP, platformName: XP, rotatable: false, setWindowRect: true, takesHeapSnapshot: true, takesScreenshot: true, unexpectedAlertBehaviour: , unhandledPromptBehavior: , version: 69.0.3497.100, webStorageEnabled: true}
Session ID: 542e9c4bae7c73ae9cd86d98b69e1e0e)

2018-10-08 16:34:58 - [MESSAGE][FAILED] - Unable to click on object 'Object Repository/Logout/Page_Qun tr vin/a_ng xut' (Root cause: org.openqa.selenium.WebDriverException: unknown error: Element <a href="#" onclick="logOut(); event.preventDefault()">...</a> is not clickable at point (724, 300). Other element would receive the click: <div class="loading-screen" id="loadingScreen">...</div>
  (Session info: chrome=69.0.3497.100)
  (Driver info: chromedriver=2.35.528161 (5b82f2d2aae0ca24b877009200ced9065a772e73),platform=Windows NT 10.0.17134 x86_64) (WARNING: The server did not provide any stacktrace information)
Command duration or timeout: 0 milliseconds
Build info: version: '3.7.1', revision: '8a0099a', time: '2017-11-06T21:07:36.161Z'
System info: host: 'DESKTOP-9IOQSG7', ip: '192.168.1.121', os.name: 'Windows 10', os.arch: 'amd64', os.version: '10.0', java.version: '1.8.0_102'
Driver info: com.kms.katalon.selenium.driver.CChromeDriver
Capabilities {acceptInsecureCerts: false, acceptSslCerts: false, applicationCacheEnabled: false, browserConnectionEnabled: false, browserName: chrome, chrome: {chromedriverVersion: 2.35.528161 (5b82f2d2aae0ca..., userDataDir: C:\Users\buithan\AppData\Lo...}, cssSelectorsEnabled: true, databaseEnabled: false, handlesAlerts: true, hasTouchScreen: false, javascriptEnabled: true, locationContextEnabled: true, mobileEmulationEnabled: false, nativeEvents: true, networkConnectionEnabled: false, pageLoadStrategy: normal, platform: XP, platformName: XP, rotatable: false, setWindowRect: true, takesHeapSnapshot: true, takesScreenshot: true, unexpectedAlertBehaviour: , unhandledPromptBehavior: , version: 69.0.3497.100, webStorageEnabled: true}
Session ID: 542e9c4bae7c73ae9cd86d98b69e1e0e)
[[ATTACHMENT|C:\\Users\\buithan\\git\\katalon-cls-project\\Reports\\Login\\20181008_163230\\1538991297912.png]]

2018-10-08 16:34:58 - [MESSAGE][FAILED] - Unable to call Test Case with id 'Test Cases/Logout' (Root cause: Call Test Case 'Test Cases/Logout' failed)

2018-10-08 16:34:58 - [MESSAGE][FAILED] - Unable to call Test Case with id 'Test Cases/UnssignUserToCours' (Root cause: Call Test Case 'Test Cases/UnssignUserToCours' failed)]]></system-out>
         <system-err><![CDATA[2018-10-08 16:32:32 - [TEST_CASE][FAILED] - Test Cases/AssignUserToCourse: Test Cases/AssignUserToCourse FAILED because (of) Unable to click on object 'Object Repository/Logout/Page_Qun tr vin/a_ng xut' (Root cause: org.openqa.selenium.WebDriverException: unknown error: Element <a href="#" onclick="logOut(); event.preventDefault()">...</a> is not clickable at point (724, 300). Other element would receive the click: <div class="loading-screen" id="loadingScreen">...</div>
  (Session info: chrome=69.0.3497.100)
  (Driver info: chromedriver=2.35.528161 (5b82f2d2aae0ca24b877009200ced9065a772e73),platform=Windows NT 10.0.17134 x86_64) (WARNING: The server did not provide any stacktrace information)
Command duration or timeout: 0 milliseconds
Build info: version: '3.7.1', revision: '8a0099a', time: '2017-11-06T21:07:36.161Z'
System info: host: 'DESKTOP-9IOQSG7', ip: '192.168.1.121', os.name: 'Windows 10', os.arch: 'amd64', os.version: '10.0', java.version: '1.8.0_102'
Driver info: com.kms.katalon.selenium.driver.CChromeDriver
Capabilities {acceptInsecureCerts: false, acceptSslCerts: false, applicationCacheEnabled: false, browserConnectionEnabled: false, browserName: chrome, chrome: {chromedriverVersion: 2.35.528161 (5b82f2d2aae0ca..., userDataDir: C:\Users\buithan\AppData\Lo...}, cssSelectorsEnabled: true, databaseEnabled: false, handlesAlerts: true, hasTouchScreen: false, javascriptEnabled: true, locationContextEnabled: true, mobileEmulationEnabled: false, nativeEvents: true, networkConnectionEnabled: false, pageLoadStrategy: normal, platform: XP, platformName: XP, rotatable: false, setWindowRect: true, takesHeapSnapshot: true, takesScreenshot: true, unexpectedAlertBehaviour: , unhandledPromptBehavior: , version: 69.0.3497.100, webStorageEnabled: true}
Session ID: 542e9c4bae7c73ae9cd86d98b69e1e0e)]]></system-err>
      </testcase>
      <testcase name="Test Cases/UserInformation" classname="Test Cases/UserInformation" status="FAILED">
         <failure type="FAILED" message="Unable to verify match between actual text 'Đăng nhập' and expected text 'Quản trị viên' using regular expression (Root cause: Actual text 'Đăng nhập' and expected text 'Quản trị viên' are not matched using regular expression)"/>
         <system-out><![CDATA[2018-10-08 16:34:58 - [TEST_CASE][FAILED] - Test Cases/UserInformation: Test Cases/UserInformation FAILED because (of) Unable to verify match between actual text 'Đăng nhập' and expected text 'Quản trị viên' using regular expression (Root cause: Actual text 'Đăng nhập' and expected text 'Quản trị viên' are not matched using regular expression)

2018-10-08 16:34:58 - [TEST_STEP][FAILED] - callTestCase: Unable to call Test Case with id 'Test Cases/Login' (Root cause: Call Test Case 'Test Cases/Login' failed)

2018-10-08 16:34:58 - [TEST_CASE][FAILED] - Test Cases/Login: Test Cases/Login FAILED because (of) Unable to verify match between actual text 'Đăng nhập' and expected text 'Quản trị viên' using regular expression (Root cause: Actual text 'Đăng nhập' and expected text 'Quản trị viên' are not matched using regular expression)

2018-10-08 16:34:58 - [TEST_STEP][PASSED] - openBrowser: Browser is opened with url: ''

2018-10-08 16:34:58 - [MESSAGE][WARNING] - A browser is already opened. Closing browser and opening a new one

2018-10-08 16:35:01 - [MESSAGE][PASSED] - Browser is opened with url: ''

2018-10-08 16:35:01 - [TEST_STEP][PASSED] - navigateToUrl: Navigate to 'https://ntmtien.cls.vn/account/login' successfully

2018-10-08 16:35:02 - [MESSAGE][PASSED] - Navigate to 'https://ntmtien.cls.vn/account/login' successfully

2018-10-08 16:35:02 - [TEST_STEP][PASSED] - setText: Text 'admin1' is set on object 'Object Repository/Login/Page_ng nhp/input_UserName'

2018-10-08 16:35:02 - [MESSAGE][PASSED] - Text 'admin1' is set on object 'Object Repository/Login/Page_ng nhp/input_UserName'

2018-10-08 16:35:02 - [TEST_STEP][PASSED] - setText: Text '123456' is set on object 'Object Repository/Login/Page_ng nhp/input_Password'

2018-10-08 16:35:02 - [MESSAGE][PASSED] - Text '123456' is set on object 'Object Repository/Login/Page_ng nhp/input_Password'

2018-10-08 16:35:02 - [TEST_STEP][PASSED] - click: Object: 'Object Repository/Login/Page_ng nhp/button_NG NHP' is clicked on

2018-10-08 16:35:02 - [MESSAGE][PASSED] - Object: 'Object Repository/Login/Page_ng nhp/button_NG NHP' is clicked on

2018-10-08 16:35:02 - [TEST_STEP][PASSED] - Statement - java.lang.Thread.sleep(5000): null

2018-10-08 16:35:07 - [TEST_STEP][PASSED] - switchToWindowIndex: Switched to window with index: '0'

2018-10-08 16:35:07 - [MESSAGE][PASSED] - Switched to window with index: '0'

2018-10-08 16:35:07 - [TEST_STEP][PASSED] - Statement - title = com.kms.katalon.core.webui.keyword.WebUiBuiltInKeywords.getWindowTitle(): Current window's title is: 'Đăng nhập'

2018-10-08 16:35:07 - [MESSAGE][PASSED] - Current window's title is: 'Đăng nhập'

2018-10-08 16:35:07 - [TEST_STEP][FAILED] - verifyMatch: Unable to verify match between actual text 'Đăng nhập' and expected text 'Quản trị viên' using regular expression (Root cause: Actual text 'Đăng nhập' and expected text 'Quản trị viên' are not matched using regular expression)

2018-10-08 16:35:07 - [MESSAGE][FAILED] - Unable to verify match between actual text 'Đăng nhập' and expected text 'Quản trị viên' using regular expression (Root cause: Actual text 'Đăng nhập' and expected text 'Quản trị viên' are not matched using regular expression)

2018-10-08 16:35:07 - [MESSAGE][FAILED] - Unable to call Test Case with id 'Test Cases/Login' (Root cause: Call Test Case 'Test Cases/Login' failed)]]></system-out>
         <system-err><![CDATA[2018-10-08 16:34:58 - [TEST_CASE][FAILED] - Test Cases/UserInformation: Test Cases/UserInformation FAILED because (of) Unable to verify match between actual text 'Đăng nhập' and expected text 'Quản trị viên' using regular expression (Root cause: Actual text 'Đăng nhập' and expected text 'Quản trị viên' are not matched using regular expression)]]></system-err>
      </testcase>
      <system-out><![CDATA[2018-10-08 16:32:32 - [TEST_SUITE][FAILED] - Login: Test Cases/AssignUserToCourse FAILED because (of) Unable to click on object 'Object Repository/Logout/Page_Qun tr vin/a_ng xut' (Root cause: org.openqa.selenium.WebDriverException: unknown error: Element <a href="#" onclick="logOut(); event.preventDefault()">...</a> is not clickable at point (724, 300). Other element would receive the click: <div class="loading-screen" id="loadingScreen">...</div>
  (Session info: chrome=69.0.3497.100)
  (Driver info: chromedriver=2.35.528161 (5b82f2d2aae0ca24b877009200ced9065a772e73),platform=Windows NT 10.0.17134 x86_64) (WARNING: The server did not provide any stacktrace information)
Command duration or timeout: 0 milliseconds
Build info: version: '3.7.1', revision: '8a0099a', time: '2017-11-06T21:07:36.161Z'
System info: host: 'DESKTOP-9IOQSG7', ip: '192.168.1.121', os.name: 'Windows 10', os.arch: 'amd64', os.version: '10.0', java.version: '1.8.0_102'
Driver info: com.kms.katalon.selenium.driver.CChromeDriver
Capabilities {acceptInsecureCerts: false, acceptSslCerts: false, applicationCacheEnabled: false, browserConnectionEnabled: false, browserName: chrome, chrome: {chromedriverVersion: 2.35.528161 (5b82f2d2aae0ca..., userDataDir: C:\Users\buithan\AppData\Lo...}, cssSelectorsEnabled: true, databaseEnabled: false, handlesAlerts: true, hasTouchScreen: false, javascriptEnabled: true, locationContextEnabled: true, mobileEmulationEnabled: false, nativeEvents: true, networkConnectionEnabled: false, pageLoadStrategy: normal, platform: XP, platformName: XP, rotatable: false, setWindowRect: true, takesHeapSnapshot: true, takesScreenshot: true, unexpectedAlertBehaviour: , unhandledPromptBehavior: , version: 69.0.3497.100, webStorageEnabled: true}
Session ID: 542e9c4bae7c73ae9cd86d98b69e1e0e)]]></system-out>
      <system-err><![CDATA[2018-10-08 16:32:32 - [TEST_SUITE][FAILED] - Login: Test Cases/AssignUserToCourse FAILED because (of) Unable to click on object 'Object Repository/Logout/Page_Qun tr vin/a_ng xut' (Root cause: org.openqa.selenium.WebDriverException: unknown error: Element <a href="#" onclick="logOut(); event.preventDefault()">...</a> is not clickable at point (724, 300). Other element would receive the click: <div class="loading-screen" id="loadingScreen">...</div>
  (Session info: chrome=69.0.3497.100)
  (Driver info: chromedriver=2.35.528161 (5b82f2d2aae0ca24b877009200ced9065a772e73),platform=Windows NT 10.0.17134 x86_64) (WARNING: The server did not provide any stacktrace information)
Command duration or timeout: 0 milliseconds
Build info: version: '3.7.1', revision: '8a0099a', time: '2017-11-06T21:07:36.161Z'
System info: host: 'DESKTOP-9IOQSG7', ip: '192.168.1.121', os.name: 'Windows 10', os.arch: 'amd64', os.version: '10.0', java.version: '1.8.0_102'
Driver info: com.kms.katalon.selenium.driver.CChromeDriver
Capabilities {acceptInsecureCerts: false, acceptSslCerts: false, applicationCacheEnabled: false, browserConnectionEnabled: false, browserName: chrome, chrome: {chromedriverVersion: 2.35.528161 (5b82f2d2aae0ca..., userDataDir: C:\Users\buithan\AppData\Lo...}, cssSelectorsEnabled: true, databaseEnabled: false, handlesAlerts: true, hasTouchScreen: false, javascriptEnabled: true, locationContextEnabled: true, mobileEmulationEnabled: false, nativeEvents: true, networkConnectionEnabled: false, pageLoadStrategy: normal, platform: XP, platformName: XP, rotatable: false, setWindowRect: true, takesHeapSnapshot: true, takesScreenshot: true, unexpectedAlertBehaviour: , unhandledPromptBehavior: , version: 69.0.3497.100, webStorageEnabled: true}
Session ID: 542e9c4bae7c73ae9cd86d98b69e1e0e)]]></system-err>
   </testsuite>
</testsuites>
