<?xml version="1.0" encoding="UTF-8"?>
<testsuites name="Login" time="128" tests="0" failures="2" errors="0">
   <testsuite name="Login" tests="0" failures="2" errors="0" time="128" timestamp="2018-10-08 16:38:28" hostname="buithan - 192.168.1.121" id="Test Suites/Login">
      <properties>
         <property name="deviceName" value=""/>
         <property name="devicePlatform" value=""/>
         <property name="logFolder" value="C:\\Users\\buithan\\git\\katalon-cls-project\\Reports\\Login\\20181008_163826"/>
         <property name="logFiles" value="C:\\Users\\buithan\\git\\katalon-cls-project\\Reports\\Login\\20181008_163826\\execution0.log"/>
         <property name="attachments" value="C:\\Users\\buithan\\git\\katalon-cls-project\\Reports\\Login\\20181008_163826\\1538991626986.png"/>
         <property name="hostName" value="buithan - 192.168.1.121"/>
         <property name="os" value="Windows 10 64bit"/>
         <property name="katalonVersion" value="5.4.1.1"/>
         <property name="browser" value="Chrome 69.0.3497.100"/>
         <property name="hostAddress" value="192.168.1.121"/>
         <property name="sessionId" value="257ac6dffb261f6b8aff9e262f8690e9"/>
         <property name="seleniumVersion" value="3.7.1"/>
         <property name="proxyInformation" value="ProxyInformation{proxyOption=NO_PROXY, proxyServerType=HTTP, password=, proxyServerAddress=, proxyServerPort=0}"/>
         <property name="platform" value="Windows 10"/>
      </properties>
      <testcase name="Test Cases/AssignUserToCourse" classname="Test Cases/AssignUserToCourse" status="FAILED">
         <failure type="FAILED" message="Unable to click on object 'Object Repository/AddUserToCourse/Page_Ngi hc (1)/a_Qun tr vin' (Root cause: org.openqa.selenium.ElementNotVisibleException: element not visible
  (Session info: chrome=69.0.3497.100)
  (Driver info: chromedriver=2.35.528161 (5b82f2d2aae0ca24b877009200ced9065a772e73),platform=Windows NT 10.0.17134 x86_64) (WARNING: The server did not provide any stacktrace information)
Command duration or timeout: 0 milliseconds
Build info: version: '3.7.1', revision: '8a0099a', time: '2017-11-06T21:07:36.161Z'
System info: host: 'DESKTOP-9IOQSG7', ip: '192.168.1.121', os.name: 'Windows 10', os.arch: 'amd64', os.version: '10.0', java.version: '1.8.0_102'
Driver info: com.kms.katalon.selenium.driver.CChromeDriver
Capabilities {acceptInsecureCerts: false, acceptSslCerts: false, applicationCacheEnabled: false, browserConnectionEnabled: false, browserName: chrome, chrome: {chromedriverVersion: 2.35.528161 (5b82f2d2aae0ca..., userDataDir: C:\Users\buithan\AppData\Lo...}, cssSelectorsEnabled: true, databaseEnabled: false, handlesAlerts: true, hasTouchScreen: false, javascriptEnabled: true, locationContextEnabled: true, mobileEmulationEnabled: false, nativeEvents: true, networkConnectionEnabled: false, pageLoadStrategy: normal, platform: XP, platformName: XP, rotatable: false, setWindowRect: true, takesHeapSnapshot: true, takesScreenshot: true, unexpectedAlertBehaviour: , unhandledPromptBehavior: , version: 69.0.3497.100, webStorageEnabled: true}
Session ID: 5c6990549a1b52b9db0fd60723c2bc3a)"/>
         <system-out><![CDATA[2018-10-08 16:38:29 - [TEST_CASE][FAILED] - Test Cases/AssignUserToCourse: Test Cases/AssignUserToCourse FAILED because (of) Unable to click on object 'Object Repository/AddUserToCourse/Page_Ngi hc (1)/a_Qun tr vin' (Root cause: org.openqa.selenium.ElementNotVisibleException: element not visible
  (Session info: chrome=69.0.3497.100)
  (Driver info: chromedriver=2.35.528161 (5b82f2d2aae0ca24b877009200ced9065a772e73),platform=Windows NT 10.0.17134 x86_64) (WARNING: The server did not provide any stacktrace information)
Command duration or timeout: 0 milliseconds
Build info: version: '3.7.1', revision: '8a0099a', time: '2017-11-06T21:07:36.161Z'
System info: host: 'DESKTOP-9IOQSG7', ip: '192.168.1.121', os.name: 'Windows 10', os.arch: 'amd64', os.version: '10.0', java.version: '1.8.0_102'
Driver info: com.kms.katalon.selenium.driver.CChromeDriver
Capabilities {acceptInsecureCerts: false, acceptSslCerts: false, applicationCacheEnabled: false, browserConnectionEnabled: false, browserName: chrome, chrome: {chromedriverVersion: 2.35.528161 (5b82f2d2aae0ca..., userDataDir: C:\Users\buithan\AppData\Lo...}, cssSelectorsEnabled: true, databaseEnabled: false, handlesAlerts: true, hasTouchScreen: false, javascriptEnabled: true, locationContextEnabled: true, mobileEmulationEnabled: false, nativeEvents: true, networkConnectionEnabled: false, pageLoadStrategy: normal, platform: XP, platformName: XP, rotatable: false, setWindowRect: true, takesHeapSnapshot: true, takesScreenshot: true, unexpectedAlertBehaviour: , unhandledPromptBehavior: , version: 69.0.3497.100, webStorageEnabled: true}
Session ID: 5c6990549a1b52b9db0fd60723c2bc3a)

2018-10-08 16:38:29 - [TEST_STEP][PASSED] - Statement - java.lang.Thread.sleep(30000): null

2018-10-08 16:38:59 - [TEST_STEP][PASSED] - callTestCase: Call Test Case 'Test Cases/OpenUserModun' successfully

2018-10-08 16:38:59 - [TEST_CASE][PASSED] - Test Cases/OpenUserModun: Test Cases/OpenUserModun

2018-10-08 16:39:00 - [TEST_STEP][PASSED] - Statement - java.lang.Thread.sleep(30000): null

2018-10-08 16:39:30 - [TEST_STEP][PASSED] - callTestCase: Call Test Case 'Test Cases/Login' successfully

2018-10-08 16:39:30 - [TEST_CASE][PASSED] - Test Cases/Login: Test Cases/Login

2018-10-08 16:39:30 - [TEST_STEP][PASSED] - openBrowser: Browser is opened with url: ''

2018-10-08 16:39:33 - [MESSAGE][PASSED] - Browser is opened with url: ''

2018-10-08 16:39:33 - [TEST_STEP][PASSED] - navigateToUrl: Navigate to 'https://ntmtien.cls.vn/account/login' successfully

2018-10-08 16:39:35 - [MESSAGE][PASSED] - Navigate to 'https://ntmtien.cls.vn/account/login' successfully

2018-10-08 16:39:35 - [TEST_STEP][PASSED] - setText: Text 'admin1' is set on object 'Object Repository/Login/Page_ng nhp/input_UserName'

2018-10-08 16:39:35 - [MESSAGE][PASSED] - Text 'admin1' is set on object 'Object Repository/Login/Page_ng nhp/input_UserName'

2018-10-08 16:39:35 - [TEST_STEP][PASSED] - setText: Text '123456' is set on object 'Object Repository/Login/Page_ng nhp/input_Password'

2018-10-08 16:39:35 - [MESSAGE][PASSED] - Text '123456' is set on object 'Object Repository/Login/Page_ng nhp/input_Password'

2018-10-08 16:39:35 - [TEST_STEP][PASSED] - click: Object: 'Object Repository/Login/Page_ng nhp/button_NG NHP' is clicked on

2018-10-08 16:39:35 - [MESSAGE][PASSED] - Object: 'Object Repository/Login/Page_ng nhp/button_NG NHP' is clicked on

2018-10-08 16:39:35 - [TEST_STEP][PASSED] - Statement - java.lang.Thread.sleep(5000): null

2018-10-08 16:39:40 - [TEST_STEP][PASSED] - switchToWindowIndex: Switched to window with index: '0'

2018-10-08 16:39:40 - [MESSAGE][PASSED] - Switched to window with index: '0'

2018-10-08 16:39:40 - [TEST_STEP][PASSED] - Statement - title = com.kms.katalon.core.webui.keyword.WebUiBuiltInKeywords.getWindowTitle(): Current window's title is: 'Quản trị viên'

2018-10-08 16:39:40 - [MESSAGE][PASSED] - Current window's title is: 'Quản trị viên'

2018-10-08 16:39:40 - [TEST_STEP][PASSED] - verifyMatch: Actual text 'Quản trị viên' and expected text 'Quản trị viên' are matched  using regular expression

2018-10-08 16:39:40 - [MESSAGE][PASSED] - Actual text 'Quản trị viên' and expected text 'Quản trị viên' are matched  using regular expression

2018-10-08 16:39:40 - [MESSAGE][PASSED] - Call Test Case 'Test Cases/Login' successfully

2018-10-08 16:39:40 - [TEST_STEP][PASSED] - click: Object: 'Object Repository/OpenUserModun/Page_Qun tr vin/div_Ngi dng' is clicked on

2018-10-08 16:39:42 - [MESSAGE][PASSED] - Object: 'Object Repository/OpenUserModun/Page_Qun tr vin/div_Ngi dng' is clicked on

2018-10-08 16:39:42 - [TEST_STEP][PASSED] - Statement - java.lang.Thread.sleep(3000): null

2018-10-08 16:39:45 - [TEST_STEP][PASSED] - verifyTextPresent: Text 'Quản lý người dùng' is present on page 

2018-10-08 16:39:45 - [MESSAGE][PASSED] - Text 'Quản lý người dùng' is present on page 

2018-10-08 16:39:45 - [MESSAGE][PASSED] - Call Test Case 'Test Cases/OpenUserModun' successfully

2018-10-08 16:39:45 - [TEST_STEP][PASSED] - setText: Text 'admin1' is set on object 'Object Repository/AddUserToCourse/Page_Qun l ngi dng/input_txtUserSearchBox'

2018-10-08 16:39:45 - [MESSAGE][PASSED] - Text 'admin1' is set on object 'Object Repository/AddUserToCourse/Page_Qun l ngi dng/input_txtUserSearchBox'

2018-10-08 16:39:45 - [TEST_STEP][PASSED] - Statement - java.lang.Thread.sleep(3000): null

2018-10-08 16:39:48 - [TEST_STEP][PASSED] - click: Object: 'Object Repository/AddUserToCourse/Page_Qun l ngi dng/span_fa fa-pencil' is clicked on

2018-10-08 16:39:49 - [MESSAGE][PASSED] - Object: 'Object Repository/AddUserToCourse/Page_Qun l ngi dng/span_fa fa-pencil' is clicked on

2018-10-08 16:39:49 - [TEST_STEP][PASSED] - Statement - java.lang.Thread.sleep(3000): null

2018-10-08 16:39:52 - [TEST_STEP][PASSED] - click: Object: 'Object Repository/AddUserToCourse/Page_- admin1/span_Kho hc' is clicked on

2018-10-08 16:39:52 - [MESSAGE][PASSED] - Object: 'Object Repository/AddUserToCourse/Page_- admin1/span_Kho hc' is clicked on

2018-10-08 16:39:52 - [TEST_STEP][PASSED] - setText: Text 'Vận hành CLS trong Doanh Nghiệp' is set on object 'Object Repository/AddUserToCourse/Page_- admin1/input_txtUserCourseSearchBox'

2018-10-08 16:39:52 - [MESSAGE][PASSED] - Text 'Vận hành CLS trong Doanh Nghiệp' is set on object 'Object Repository/AddUserToCourse/Page_- admin1/input_txtUserCourseSearchBox'

2018-10-08 16:39:52 - [TEST_STEP][PASSED] - Statement - java.lang.Thread.sleep(3000): null

2018-10-08 16:39:55 - [TEST_STEP][PASSED] - click: Object: 'Object Repository/AddUserToCourse/Page_- admin1/input_ipt-action' is clicked on

2018-10-08 16:39:56 - [MESSAGE][PASSED] - Object: 'Object Repository/AddUserToCourse/Page_- admin1/input_ipt-action' is clicked on

2018-10-08 16:39:56 - [TEST_STEP][PASSED] - click: Object: 'Object Repository/AddUserToCourse/Page_- admin1/button_Lu' is clicked on

2018-10-08 16:39:56 - [MESSAGE][PASSED] - Object: 'Object Repository/AddUserToCourse/Page_- admin1/button_Lu' is clicked on

2018-10-08 16:39:56 - [TEST_STEP][PASSED] - Statement - java.lang.Thread.sleep(5000): null

2018-10-08 16:40:01 - [TEST_STEP][PASSED] - mouseOver: Object: 'Object Repository/AddUserToCourse/Page_Qun tr vin/span_fa fa-caret-down' is hovered

2018-10-08 16:40:01 - [MESSAGE][PASSED] - Object: 'Object Repository/AddUserToCourse/Page_Qun tr vin/span_fa fa-caret-down' is hovered

2018-10-08 16:40:01 - [TEST_STEP][PASSED] - Statement - java.lang.Thread.sleep(5000): null

2018-10-08 16:40:06 - [TEST_STEP][PASSED] - click: Object: 'Object Repository/AddUserToCourse/Page_Qun tr vin/a_Ngi hc' is clicked on

2018-10-08 16:40:07 - [MESSAGE][PASSED] - Object: 'Object Repository/AddUserToCourse/Page_Qun tr vin/a_Ngi hc' is clicked on

2018-10-08 16:40:07 - [TEST_STEP][PASSED] - setText: Text 'Vận hành CLS trong Doanh Nghiệp' is set on object 'Object Repository/AddUserToCourse/Page_Ngi hc/input_txtCourseSearchBox'

2018-10-08 16:40:07 - [MESSAGE][PASSED] - Text 'Vận hành CLS trong Doanh Nghiệp' is set on object 'Object Repository/AddUserToCourse/Page_Ngi hc/input_txtCourseSearchBox'

2018-10-08 16:40:07 - [TEST_STEP][PASSED] - verifyTextPresent: Text 'Vận hành CLS trong Doanh Nghiệp' is present on page 

2018-10-08 16:40:07 - [MESSAGE][PASSED] - Text 'Vận hành CLS trong Doanh Nghiệp' is present on page 

2018-10-08 16:40:07 - [TEST_STEP][PASSED] - Statement - java.lang.Thread.sleep(3000): null

2018-10-08 16:40:10 - [TEST_STEP][PASSED] - click: Object: 'Object Repository/AddUserToCourse/Page_Ngi hc/a_Vn hnh CLS trong Doanh Nghip' is clicked on

2018-10-08 16:40:11 - [MESSAGE][PASSED] - Object: 'Object Repository/AddUserToCourse/Page_Ngi hc/a_Vn hnh CLS trong Doanh Nghip' is clicked on

2018-10-08 16:40:11 - [TEST_STEP][FAILED] - callTestCase: Unable to call Test Case with id 'Test Cases/UnssignUserToCours' (Root cause: Call Test Case 'Test Cases/UnssignUserToCours' failed)

2018-10-08 16:40:11 - [TEST_CASE][FAILED] - Test Cases/UnssignUserToCours: Test Cases/UnssignUserToCours FAILED because (of) Unable to click on object 'Object Repository/AddUserToCourse/Page_Ngi hc (1)/a_Qun tr vin' (Root cause: org.openqa.selenium.ElementNotVisibleException: element not visible
  (Session info: chrome=69.0.3497.100)
  (Driver info: chromedriver=2.35.528161 (5b82f2d2aae0ca24b877009200ced9065a772e73),platform=Windows NT 10.0.17134 x86_64) (WARNING: The server did not provide any stacktrace information)
Command duration or timeout: 0 milliseconds
Build info: version: '3.7.1', revision: '8a0099a', time: '2017-11-06T21:07:36.161Z'
System info: host: 'DESKTOP-9IOQSG7', ip: '192.168.1.121', os.name: 'Windows 10', os.arch: 'amd64', os.version: '10.0', java.version: '1.8.0_102'
Driver info: com.kms.katalon.selenium.driver.CChromeDriver
Capabilities {acceptInsecureCerts: false, acceptSslCerts: false, applicationCacheEnabled: false, browserConnectionEnabled: false, browserName: chrome, chrome: {chromedriverVersion: 2.35.528161 (5b82f2d2aae0ca..., userDataDir: C:\Users\buithan\AppData\Lo...}, cssSelectorsEnabled: true, databaseEnabled: false, handlesAlerts: true, hasTouchScreen: false, javascriptEnabled: true, locationContextEnabled: true, mobileEmulationEnabled: false, nativeEvents: true, networkConnectionEnabled: false, pageLoadStrategy: normal, platform: XP, platformName: XP, rotatable: false, setWindowRect: true, takesHeapSnapshot: true, takesScreenshot: true, unexpectedAlertBehaviour: , unhandledPromptBehavior: , version: 69.0.3497.100, webStorageEnabled: true}
Session ID: 5c6990549a1b52b9db0fd60723c2bc3a)

2018-10-08 16:40:11 - [TEST_STEP][PASSED] - Statement - java.lang.Thread.sleep(10000): null

2018-10-08 16:40:21 - [TEST_STEP][PASSED] - mouseOver: Object: 'Object Repository/AddUserToCourse/Page_Qun tr vin/span_fa fa-caret-down' is hovered

2018-10-08 16:40:21 - [MESSAGE][PASSED] - Object: 'Object Repository/AddUserToCourse/Page_Qun tr vin/span_fa fa-caret-down' is hovered

2018-10-08 16:40:21 - [TEST_STEP][PASSED] - Statement - java.lang.Thread.sleep(5000): null

2018-10-08 16:40:26 - [TEST_STEP][FAILED] - click: Unable to click on object 'Object Repository/AddUserToCourse/Page_Ngi hc (1)/a_Qun tr vin' (Root cause: org.openqa.selenium.ElementNotVisibleException: element not visible
  (Session info: chrome=69.0.3497.100)
  (Driver info: chromedriver=2.35.528161 (5b82f2d2aae0ca24b877009200ced9065a772e73),platform=Windows NT 10.0.17134 x86_64) (WARNING: The server did not provide any stacktrace information)
Command duration or timeout: 0 milliseconds
Build info: version: '3.7.1', revision: '8a0099a', time: '2017-11-06T21:07:36.161Z'
System info: host: 'DESKTOP-9IOQSG7', ip: '192.168.1.121', os.name: 'Windows 10', os.arch: 'amd64', os.version: '10.0', java.version: '1.8.0_102'
Driver info: com.kms.katalon.selenium.driver.CChromeDriver
Capabilities {acceptInsecureCerts: false, acceptSslCerts: false, applicationCacheEnabled: false, browserConnectionEnabled: false, browserName: chrome, chrome: {chromedriverVersion: 2.35.528161 (5b82f2d2aae0ca..., userDataDir: C:\Users\buithan\AppData\Lo...}, cssSelectorsEnabled: true, databaseEnabled: false, handlesAlerts: true, hasTouchScreen: false, javascriptEnabled: true, locationContextEnabled: true, mobileEmulationEnabled: false, nativeEvents: true, networkConnectionEnabled: false, pageLoadStrategy: normal, platform: XP, platformName: XP, rotatable: false, setWindowRect: true, takesHeapSnapshot: true, takesScreenshot: true, unexpectedAlertBehaviour: , unhandledPromptBehavior: , version: 69.0.3497.100, webStorageEnabled: true}
Session ID: 5c6990549a1b52b9db0fd60723c2bc3a)

2018-10-08 16:40:27 - [MESSAGE][FAILED] - Unable to click on object 'Object Repository/AddUserToCourse/Page_Ngi hc (1)/a_Qun tr vin' (Root cause: org.openqa.selenium.ElementNotVisibleException: element not visible
  (Session info: chrome=69.0.3497.100)
  (Driver info: chromedriver=2.35.528161 (5b82f2d2aae0ca24b877009200ced9065a772e73),platform=Windows NT 10.0.17134 x86_64) (WARNING: The server did not provide any stacktrace information)
Command duration or timeout: 0 milliseconds
Build info: version: '3.7.1', revision: '8a0099a', time: '2017-11-06T21:07:36.161Z'
System info: host: 'DESKTOP-9IOQSG7', ip: '192.168.1.121', os.name: 'Windows 10', os.arch: 'amd64', os.version: '10.0', java.version: '1.8.0_102'
Driver info: com.kms.katalon.selenium.driver.CChromeDriver
Capabilities {acceptInsecureCerts: false, acceptSslCerts: false, applicationCacheEnabled: false, browserConnectionEnabled: false, browserName: chrome, chrome: {chromedriverVersion: 2.35.528161 (5b82f2d2aae0ca..., userDataDir: C:\Users\buithan\AppData\Lo...}, cssSelectorsEnabled: true, databaseEnabled: false, handlesAlerts: true, hasTouchScreen: false, javascriptEnabled: true, locationContextEnabled: true, mobileEmulationEnabled: false, nativeEvents: true, networkConnectionEnabled: false, pageLoadStrategy: normal, platform: XP, platformName: XP, rotatable: false, setWindowRect: true, takesHeapSnapshot: true, takesScreenshot: true, unexpectedAlertBehaviour: , unhandledPromptBehavior: , version: 69.0.3497.100, webStorageEnabled: true}
Session ID: 5c6990549a1b52b9db0fd60723c2bc3a)
[[ATTACHMENT|C:\\Users\\buithan\\git\\katalon-cls-project\\Reports\\Login\\20181008_163826\\1538991626986.png]]

2018-10-08 16:40:27 - [MESSAGE][FAILED] - Unable to call Test Case with id 'Test Cases/UnssignUserToCours' (Root cause: Call Test Case 'Test Cases/UnssignUserToCours' failed)]]></system-out>
         <system-err><![CDATA[2018-10-08 16:38:29 - [TEST_CASE][FAILED] - Test Cases/AssignUserToCourse: Test Cases/AssignUserToCourse FAILED because (of) Unable to click on object 'Object Repository/AddUserToCourse/Page_Ngi hc (1)/a_Qun tr vin' (Root cause: org.openqa.selenium.ElementNotVisibleException: element not visible
  (Session info: chrome=69.0.3497.100)
  (Driver info: chromedriver=2.35.528161 (5b82f2d2aae0ca24b877009200ced9065a772e73),platform=Windows NT 10.0.17134 x86_64) (WARNING: The server did not provide any stacktrace information)
Command duration or timeout: 0 milliseconds
Build info: version: '3.7.1', revision: '8a0099a', time: '2017-11-06T21:07:36.161Z'
System info: host: 'DESKTOP-9IOQSG7', ip: '192.168.1.121', os.name: 'Windows 10', os.arch: 'amd64', os.version: '10.0', java.version: '1.8.0_102'
Driver info: com.kms.katalon.selenium.driver.CChromeDriver
Capabilities {acceptInsecureCerts: false, acceptSslCerts: false, applicationCacheEnabled: false, browserConnectionEnabled: false, browserName: chrome, chrome: {chromedriverVersion: 2.35.528161 (5b82f2d2aae0ca..., userDataDir: C:\Users\buithan\AppData\Lo...}, cssSelectorsEnabled: true, databaseEnabled: false, handlesAlerts: true, hasTouchScreen: false, javascriptEnabled: true, locationContextEnabled: true, mobileEmulationEnabled: false, nativeEvents: true, networkConnectionEnabled: false, pageLoadStrategy: normal, platform: XP, platformName: XP, rotatable: false, setWindowRect: true, takesHeapSnapshot: true, takesScreenshot: true, unexpectedAlertBehaviour: , unhandledPromptBehavior: , version: 69.0.3497.100, webStorageEnabled: true}
Session ID: 5c6990549a1b52b9db0fd60723c2bc3a)]]></system-err>
      </testcase>
      <testcase name="Test Cases/UserInformation" classname="Test Cases/UserInformation" status="FAILED">
         <failure type="FAILED" message="Unable to verify match between actual text 'Đăng nhập' and expected text 'Quản trị viên' using regular expression (Root cause: Actual text 'Đăng nhập' and expected text 'Quản trị viên' are not matched using regular expression)"/>
         <system-out><![CDATA[2018-10-08 16:40:27 - [TEST_CASE][FAILED] - Test Cases/UserInformation: Test Cases/UserInformation FAILED because (of) Unable to verify match between actual text 'Đăng nhập' and expected text 'Quản trị viên' using regular expression (Root cause: Actual text 'Đăng nhập' and expected text 'Quản trị viên' are not matched using regular expression)

2018-10-08 16:40:27 - [TEST_STEP][FAILED] - callTestCase: Unable to call Test Case with id 'Test Cases/Login' (Root cause: Call Test Case 'Test Cases/Login' failed)

2018-10-08 16:40:27 - [TEST_CASE][FAILED] - Test Cases/Login: Test Cases/Login FAILED because (of) Unable to verify match between actual text 'Đăng nhập' and expected text 'Quản trị viên' using regular expression (Root cause: Actual text 'Đăng nhập' and expected text 'Quản trị viên' are not matched using regular expression)

2018-10-08 16:40:27 - [TEST_STEP][PASSED] - openBrowser: Browser is opened with url: ''

2018-10-08 16:40:27 - [MESSAGE][WARNING] - A browser is already opened. Closing browser and opening a new one

2018-10-08 16:40:30 - [MESSAGE][PASSED] - Browser is opened with url: ''

2018-10-08 16:40:30 - [TEST_STEP][PASSED] - navigateToUrl: Navigate to 'https://ntmtien.cls.vn/account/login' successfully

2018-10-08 16:40:31 - [MESSAGE][PASSED] - Navigate to 'https://ntmtien.cls.vn/account/login' successfully

2018-10-08 16:40:31 - [TEST_STEP][PASSED] - setText: Text 'admin1' is set on object 'Object Repository/Login/Page_ng nhp/input_UserName'

2018-10-08 16:40:31 - [MESSAGE][PASSED] - Text 'admin1' is set on object 'Object Repository/Login/Page_ng nhp/input_UserName'

2018-10-08 16:40:31 - [TEST_STEP][PASSED] - setText: Text '123456' is set on object 'Object Repository/Login/Page_ng nhp/input_Password'

2018-10-08 16:40:31 - [MESSAGE][PASSED] - Text '123456' is set on object 'Object Repository/Login/Page_ng nhp/input_Password'

2018-10-08 16:40:31 - [TEST_STEP][PASSED] - click: Object: 'Object Repository/Login/Page_ng nhp/button_NG NHP' is clicked on

2018-10-08 16:40:31 - [MESSAGE][PASSED] - Object: 'Object Repository/Login/Page_ng nhp/button_NG NHP' is clicked on

2018-10-08 16:40:31 - [TEST_STEP][PASSED] - Statement - java.lang.Thread.sleep(5000): null

2018-10-08 16:40:36 - [TEST_STEP][PASSED] - switchToWindowIndex: Switched to window with index: '0'

2018-10-08 16:40:36 - [MESSAGE][PASSED] - Switched to window with index: '0'

2018-10-08 16:40:36 - [TEST_STEP][PASSED] - Statement - title = com.kms.katalon.core.webui.keyword.WebUiBuiltInKeywords.getWindowTitle(): Current window's title is: 'Đăng nhập'

2018-10-08 16:40:36 - [MESSAGE][PASSED] - Current window's title is: 'Đăng nhập'

2018-10-08 16:40:36 - [TEST_STEP][FAILED] - verifyMatch: Unable to verify match between actual text 'Đăng nhập' and expected text 'Quản trị viên' using regular expression (Root cause: Actual text 'Đăng nhập' and expected text 'Quản trị viên' are not matched using regular expression)

2018-10-08 16:40:36 - [MESSAGE][FAILED] - Unable to verify match between actual text 'Đăng nhập' and expected text 'Quản trị viên' using regular expression (Root cause: Actual text 'Đăng nhập' and expected text 'Quản trị viên' are not matched using regular expression)

2018-10-08 16:40:37 - [MESSAGE][FAILED] - Unable to call Test Case with id 'Test Cases/Login' (Root cause: Call Test Case 'Test Cases/Login' failed)]]></system-out>
         <system-err><![CDATA[2018-10-08 16:40:27 - [TEST_CASE][FAILED] - Test Cases/UserInformation: Test Cases/UserInformation FAILED because (of) Unable to verify match between actual text 'Đăng nhập' and expected text 'Quản trị viên' using regular expression (Root cause: Actual text 'Đăng nhập' and expected text 'Quản trị viên' are not matched using regular expression)]]></system-err>
      </testcase>
      <system-out><![CDATA[2018-10-08 16:38:28 - [TEST_SUITE][FAILED] - Login: Test Cases/AssignUserToCourse FAILED because (of) Unable to click on object 'Object Repository/AddUserToCourse/Page_Ngi hc (1)/a_Qun tr vin' (Root cause: org.openqa.selenium.ElementNotVisibleException: element not visible
  (Session info: chrome=69.0.3497.100)
  (Driver info: chromedriver=2.35.528161 (5b82f2d2aae0ca24b877009200ced9065a772e73),platform=Windows NT 10.0.17134 x86_64) (WARNING: The server did not provide any stacktrace information)
Command duration or timeout: 0 milliseconds
Build info: version: '3.7.1', revision: '8a0099a', time: '2017-11-06T21:07:36.161Z'
System info: host: 'DESKTOP-9IOQSG7', ip: '192.168.1.121', os.name: 'Windows 10', os.arch: 'amd64', os.version: '10.0', java.version: '1.8.0_102'
Driver info: com.kms.katalon.selenium.driver.CChromeDriver
Capabilities {acceptInsecureCerts: false, acceptSslCerts: false, applicationCacheEnabled: false, browserConnectionEnabled: false, browserName: chrome, chrome: {chromedriverVersion: 2.35.528161 (5b82f2d2aae0ca..., userDataDir: C:\Users\buithan\AppData\Lo...}, cssSelectorsEnabled: true, databaseEnabled: false, handlesAlerts: true, hasTouchScreen: false, javascriptEnabled: true, locationContextEnabled: true, mobileEmulationEnabled: false, nativeEvents: true, networkConnectionEnabled: false, pageLoadStrategy: normal, platform: XP, platformName: XP, rotatable: false, setWindowRect: true, takesHeapSnapshot: true, takesScreenshot: true, unexpectedAlertBehaviour: , unhandledPromptBehavior: , version: 69.0.3497.100, webStorageEnabled: true}
Session ID: 5c6990549a1b52b9db0fd60723c2bc3a)]]></system-out>
      <system-err><![CDATA[2018-10-08 16:38:28 - [TEST_SUITE][FAILED] - Login: Test Cases/AssignUserToCourse FAILED because (of) Unable to click on object 'Object Repository/AddUserToCourse/Page_Ngi hc (1)/a_Qun tr vin' (Root cause: org.openqa.selenium.ElementNotVisibleException: element not visible
  (Session info: chrome=69.0.3497.100)
  (Driver info: chromedriver=2.35.528161 (5b82f2d2aae0ca24b877009200ced9065a772e73),platform=Windows NT 10.0.17134 x86_64) (WARNING: The server did not provide any stacktrace information)
Command duration or timeout: 0 milliseconds
Build info: version: '3.7.1', revision: '8a0099a', time: '2017-11-06T21:07:36.161Z'
System info: host: 'DESKTOP-9IOQSG7', ip: '192.168.1.121', os.name: 'Windows 10', os.arch: 'amd64', os.version: '10.0', java.version: '1.8.0_102'
Driver info: com.kms.katalon.selenium.driver.CChromeDriver
Capabilities {acceptInsecureCerts: false, acceptSslCerts: false, applicationCacheEnabled: false, browserConnectionEnabled: false, browserName: chrome, chrome: {chromedriverVersion: 2.35.528161 (5b82f2d2aae0ca..., userDataDir: C:\Users\buithan\AppData\Lo...}, cssSelectorsEnabled: true, databaseEnabled: false, handlesAlerts: true, hasTouchScreen: false, javascriptEnabled: true, locationContextEnabled: true, mobileEmulationEnabled: false, nativeEvents: true, networkConnectionEnabled: false, pageLoadStrategy: normal, platform: XP, platformName: XP, rotatable: false, setWindowRect: true, takesHeapSnapshot: true, takesScreenshot: true, unexpectedAlertBehaviour: , unhandledPromptBehavior: , version: 69.0.3497.100, webStorageEnabled: true}
Session ID: 5c6990549a1b52b9db0fd60723c2bc3a)]]></system-err>
   </testsuite>
</testsuites>
