<?xml version="1.0" encoding="UTF-8"?>
<testsuites name="Exam" time="239" tests="1" failures="4" errors="0">
   <testsuite name="Exam" tests="1" failures="4" errors="0" time="239" timestamp="2018-12-12 14:08:23" hostname="buithan - DESKTOP-9IOQSG7" id="Test Suites/Exam">
      <properties>
         <property name="deviceName" value=""/>
         <property name="devicePlatform" value=""/>
         <property name="logFolder" value="C:\\Users\\buithan\\git\\katalon-cls-project\\Reports\\Exam\\20181212_140820"/>
         <property name="logFiles" value="C:\\Users\\buithan\\git\\katalon-cls-project\\Reports\\Exam\\20181212_140820\\execution0.log"/>
         <property name="attachments" value="C:\\Users\\buithan\\git\\katalon-cls-project\\Reports\\Exam\\20181212_140820\\1544598640688.png, C:\\Users\\buithan\\git\\katalon-cls-project\\Reports\\Exam\\20181212_140820\\1544598719728.png"/>
         <property name="hostName" value="buithan - DESKTOP-9IOQSG7"/>
         <property name="os" value="Windows 10 64bit"/>
         <property name="katalonVersion" value="5.4.1.1"/>
         <property name="browser" value="Chrome 71.0.3578.80"/>
         <property name="hostAddress" value="192.168.1.142"/>
         <property name="sessionId" value="fd57f630d50fcee9d1e06bdc91e3f5bb"/>
         <property name="seleniumVersion" value="3.7.1"/>
         <property name="proxyInformation" value="ProxyInformation{proxyOption=NO_PROXY, proxyServerType=HTTP, password=, proxyServerAddress=, proxyServerPort=0}"/>
         <property name="platform" value="Windows 10"/>
      </properties>
      <testcase name="Test Cases/Examination/AddExam" classname="Test Cases/Examination/AddExam" status="PASSED">
         <system-out><![CDATA[2018-12-12 14:08:24 - [TEST_CASE][PASSED] - Test Cases/Examination/AddExam: Test Cases/Examination/AddExam

2018-12-12 14:08:25 - [TEST_STEP][PASSED] - callTestCase: Call Test Case 'Test Cases/Authentication/Login1' successfully

2018-12-12 14:08:25 - [TEST_CASE][PASSED] - Test Cases/Authentication/Login1: Test Cases/Authentication/Login1

2018-12-12 14:08:25 - [TEST_STEP][PASSED] - openBrowser: Browser is opened with url: ''

2018-12-12 14:08:30 - [MESSAGE][PASSED] - Browser is opened with url: ''

2018-12-12 14:08:30 - [TEST_STEP][PASSED] - navigateToUrl: Navigate to 'https://ntmtien.cls.vn/account/login' successfully

2018-12-12 14:08:44 - [MESSAGE][PASSED] - Navigate to 'https://ntmtien.cls.vn/account/login' successfully

2018-12-12 14:08:44 - [TEST_STEP][PASSED] - setText: Text 'admin1' is set on object 'Object Repository/Authentincation/Login/Page Login/input_UserName'

2018-12-12 14:08:44 - [MESSAGE][PASSED] - Text 'admin1' is set on object 'Object Repository/Authentincation/Login/Page Login/input_UserName'

2018-12-12 14:08:44 - [TEST_STEP][PASSED] - setText: Text '123456' is set on object 'Object Repository/Authentincation/Login/Page Login/input_Password'

2018-12-12 14:08:45 - [MESSAGE][PASSED] - Text '123456' is set on object 'Object Repository/Authentincation/Login/Page Login/input_Password'

2018-12-12 14:08:45 - [TEST_STEP][PASSED] - click: Object: 'Object Repository/Authentincation/Login/Page Login/button_login' is clicked on

2018-12-12 14:08:45 - [MESSAGE][PASSED] - Object: 'Object Repository/Authentincation/Login/Page Login/button_login' is clicked on

2018-12-12 14:08:45 - [MESSAGE][PASSED] - Call Test Case 'Test Cases/Authentication/Login1' successfully

2018-12-12 14:08:45 - [TEST_STEP][PASSED] - click: Object: 'Object Repository/Administrator/div_modun_exam' is clicked on

2018-12-12 14:09:07 - [MESSAGE][PASSED] - Object: 'Object Repository/Administrator/div_modun_exam' is clicked on

2018-12-12 14:09:07 - [TEST_STEP][PASSED] - Statement - java.lang.Thread.sleep(2000): null

2018-12-12 14:09:09 - [TEST_STEP][PASSED] - click: Object: 'Object Repository/Examination/ManageExam/button_add_exam' is clicked on

2018-12-12 14:09:11 - [MESSAGE][PASSED] - Object: 'Object Repository/Examination/ManageExam/button_add_exam' is clicked on

2018-12-12 14:09:11 - [TEST_STEP][PASSED] - Statement - java.lang.Thread.sleep(2000): null

2018-12-12 14:09:13 - [TEST_STEP][PASSED] - setText: Text 'Kỳ thi tạo từ Katalon' is set on object 'Object Repository/Examination/AddExam/input_name_exam'

2018-12-12 14:09:14 - [MESSAGE][PASSED] - Text 'Kỳ thi tạo từ Katalon' is set on object 'Object Repository/Examination/AddExam/input_name_exam'

2018-12-12 14:09:14 - [TEST_STEP][PASSED] - Statement - java.lang.Thread.sleep(2000): null

2018-12-12 14:09:16 - [TEST_STEP][PASSED] - click: Object: 'Object Repository/Examination/AddExam/choose_category' is clicked on

2018-12-12 14:09:16 - [MESSAGE][PASSED] - Object: 'Object Repository/Examination/AddExam/choose_category' is clicked on

2018-12-12 14:09:16 - [TEST_STEP][PASSED] - Statement - java.lang.Thread.sleep(2000): null

2018-12-12 14:09:18 - [TEST_STEP][PASSED] - click: Object: 'Object Repository/Examination/AddExam/button_save' is clicked on

2018-12-12 14:09:18 - [MESSAGE][PASSED] - Object: 'Object Repository/Examination/AddExam/button_save' is clicked on

2018-12-12 14:09:18 - [TEST_STEP][PASSED] - Statement - java.lang.Thread.sleep(2000): null

2018-12-12 14:09:20 - [TEST_STEP][PASSED] - acceptAlert: Alert accepted

2018-12-12 14:09:20 - [MESSAGE][PASSED] - Alert accepted

2018-12-12 14:09:20 - [TEST_STEP][PASSED] - Statement - java.lang.Thread.sleep(4000): null

2018-12-12 14:09:24 - [TEST_STEP][PASSED] - setText: Text 'Kỳ thi tạo từ Katalon' is set on object 'Object Repository/Examination/ManageExam/input_search_exam'

2018-12-12 14:09:25 - [MESSAGE][PASSED] - Text 'Kỳ thi tạo từ Katalon' is set on object 'Object Repository/Examination/ManageExam/input_search_exam'

2018-12-12 14:09:25 - [TEST_STEP][PASSED] - Statement - java.lang.Thread.sleep(2000): null

2018-12-12 14:09:27 - [TEST_STEP][PASSED] - verifyTextPresent: Text 'Kỳ thi tạo từ Katalon' is present on page 

2018-12-12 14:09:27 - [MESSAGE][PASSED] - Text 'Kỳ thi tạo từ Katalon' is present on page]]></system-out>
         <system-err><![CDATA[]]></system-err>
      </testcase>
      <testcase name="Test Cases/Examination/EditExam" classname="Test Cases/Examination/EditExam" status="FAILED">
         <failure type="FAILED" message="Unable to click on object 'Object Repository/Examination/ManageExam/button_duyet_exam' (Root cause: org.openqa.selenium.WebDriverException: unknown error: Element &lt;button class=&quot;btn btn-add&quot; onclick=&quot;redirectTo('/examination/approval')&quot;>...&lt;/button> is not clickable at point (323, 194). Other element would receive the click: &lt;div class=&quot;loading-screen&quot; id=&quot;loadingScreen&quot;>...&lt;/div>
  (Session info: chrome=71.0.3578.80)
  (Driver info: chromedriver=2.35.528161 (5b82f2d2aae0ca24b877009200ced9065a772e73),platform=Windows NT 10.0.17134 x86_64) (WARNING: The server did not provide any stacktrace information)
Command duration or timeout: 0 milliseconds
Build info: version: '3.7.1', revision: '8a0099a', time: '2017-11-06T21:07:36.161Z'
System info: host: 'DESKTOP-9IOQSG7', ip: '192.168.1.142', os.name: 'Windows 10', os.arch: 'amd64', os.version: '10.0', java.version: '1.8.0_102'
Driver info: com.kms.katalon.selenium.driver.CChromeDriver
Capabilities {acceptInsecureCerts: false, acceptSslCerts: false, applicationCacheEnabled: false, browserConnectionEnabled: false, browserName: chrome, chrome: {chromedriverVersion: 2.35.528161 (5b82f2d2aae0ca..., userDataDir: C:\Users\buithan\AppData\Lo...}, cssSelectorsEnabled: true, databaseEnabled: false, handlesAlerts: true, hasTouchScreen: false, javascriptEnabled: true, locationContextEnabled: true, mobileEmulationEnabled: false, nativeEvents: true, networkConnectionEnabled: false, pageLoadStrategy: normal, platform: XP, platformName: XP, rotatable: false, setWindowRect: true, takesHeapSnapshot: true, takesScreenshot: true, unexpectedAlertBehaviour: , unhandledPromptBehavior: , version: 71.0.3578.80, webStorageEnabled: true}
Session ID: 41ce39e13a8a50ce3787e6e0c5cae4e6)"/>
         <system-out><![CDATA[2018-12-12 14:09:27 - [TEST_CASE][FAILED] - Test Cases/Examination/EditExam: Test Cases/Examination/EditExam FAILED because (of) Unable to click on object 'Object Repository/Examination/ManageExam/button_duyet_exam' (Root cause: org.openqa.selenium.WebDriverException: unknown error: Element <button class="btn btn-add" onclick="redirectTo('/examination/approval')">...</button> is not clickable at point (323, 194). Other element would receive the click: <div class="loading-screen" id="loadingScreen">...</div>
  (Session info: chrome=71.0.3578.80)
  (Driver info: chromedriver=2.35.528161 (5b82f2d2aae0ca24b877009200ced9065a772e73),platform=Windows NT 10.0.17134 x86_64) (WARNING: The server did not provide any stacktrace information)
Command duration or timeout: 0 milliseconds
Build info: version: '3.7.1', revision: '8a0099a', time: '2017-11-06T21:07:36.161Z'
System info: host: 'DESKTOP-9IOQSG7', ip: '192.168.1.142', os.name: 'Windows 10', os.arch: 'amd64', os.version: '10.0', java.version: '1.8.0_102'
Driver info: com.kms.katalon.selenium.driver.CChromeDriver
Capabilities {acceptInsecureCerts: false, acceptSslCerts: false, applicationCacheEnabled: false, browserConnectionEnabled: false, browserName: chrome, chrome: {chromedriverVersion: 2.35.528161 (5b82f2d2aae0ca..., userDataDir: C:\Users\buithan\AppData\Lo...}, cssSelectorsEnabled: true, databaseEnabled: false, handlesAlerts: true, hasTouchScreen: false, javascriptEnabled: true, locationContextEnabled: true, mobileEmulationEnabled: false, nativeEvents: true, networkConnectionEnabled: false, pageLoadStrategy: normal, platform: XP, platformName: XP, rotatable: false, setWindowRect: true, takesHeapSnapshot: true, takesScreenshot: true, unexpectedAlertBehaviour: , unhandledPromptBehavior: , version: 71.0.3578.80, webStorageEnabled: true}
Session ID: 41ce39e13a8a50ce3787e6e0c5cae4e6)

2018-12-12 14:09:27 - [TEST_STEP][PASSED] - click: Object: 'Object Repository/Examination/ManageExam/icon_edit_exam' is clicked on

2018-12-12 14:09:36 - [MESSAGE][PASSED] - Object: 'Object Repository/Examination/ManageExam/icon_edit_exam' is clicked on

2018-12-12 14:09:36 - [TEST_STEP][PASSED] - Statement - java.lang.Thread.sleep(2000): null

2018-12-12 14:09:38 - [TEST_STEP][PASSED] - click: Object: 'Object Repository/Examination/ManageExam/EditExam/icon_setup_category' is clicked on

2018-12-12 14:09:43 - [MESSAGE][PASSED] - Object: 'Object Repository/Examination/ManageExam/EditExam/icon_setup_category' is clicked on

2018-12-12 14:09:43 - [TEST_STEP][PASSED] - Statement - java.lang.Thread.sleep(4000): null

2018-12-12 14:09:47 - [TEST_STEP][PASSED] - click: Object: 'Object Repository/Examination/ManageExam/EditExam/tab_teacher' is clicked on

2018-12-12 14:09:47 - [MESSAGE][PASSED] - Object: 'Object Repository/Examination/ManageExam/EditExam/tab_teacher' is clicked on

2018-12-12 14:09:47 - [TEST_STEP][PASSED] - Statement - java.lang.Thread.sleep(2000): null

2018-12-12 14:09:49 - [TEST_STEP][PASSED] - setText: Text 'admin1' is set on object 'Object Repository/Examination/ManageExam/EditExam/input_search_teacher'

2018-12-12 14:09:49 - [MESSAGE][PASSED] - Text 'admin1' is set on object 'Object Repository/Examination/ManageExam/EditExam/input_search_teacher'

2018-12-12 14:09:49 - [TEST_STEP][PASSED] - Statement - java.lang.Thread.sleep(2000): null

2018-12-12 14:09:51 - [TEST_STEP][PASSED] - click: Object: 'Object Repository/Examination/ManageExam/EditExam/checkbox_choose_teacher' is clicked on

2018-12-12 14:09:51 - [MESSAGE][PASSED] - Object: 'Object Repository/Examination/ManageExam/EditExam/checkbox_choose_teacher' is clicked on

2018-12-12 14:09:51 - [TEST_STEP][PASSED] - Statement - java.lang.Thread.sleep(2000): null

2018-12-12 14:09:53 - [TEST_STEP][PASSED] - click: Object: 'Object Repository/Examination/ManageExam/EditExam/button_add_teacher' is clicked on

2018-12-12 14:09:53 - [MESSAGE][PASSED] - Object: 'Object Repository/Examination/ManageExam/EditExam/button_add_teacher' is clicked on

2018-12-12 14:09:53 - [TEST_STEP][PASSED] - Statement - java.lang.Thread.sleep(2000): null

2018-12-12 14:09:55 - [TEST_STEP][PASSED] - setText: Text 'admin2' is set on object 'Object Repository/Examination/ManageExam/EditExam/input_search_teacher'

2018-12-12 14:09:56 - [MESSAGE][PASSED] - Text 'admin2' is set on object 'Object Repository/Examination/ManageExam/EditExam/input_search_teacher'

2018-12-12 14:09:56 - [TEST_STEP][PASSED] - Statement - java.lang.Thread.sleep(2000): null

2018-12-12 14:09:58 - [TEST_STEP][PASSED] - click: Object: 'Object Repository/Examination/ManageExam/EditExam/checkbox_choose_teacher' is clicked on

2018-12-12 14:09:58 - [MESSAGE][PASSED] - Object: 'Object Repository/Examination/ManageExam/EditExam/checkbox_choose_teacher' is clicked on

2018-12-12 14:09:58 - [TEST_STEP][PASSED] - Statement - java.lang.Thread.sleep(2000): null

2018-12-12 14:10:00 - [TEST_STEP][PASSED] - click: Object: 'Object Repository/Examination/ManageExam/EditExam/button_add_teacher' is clicked on

2018-12-12 14:10:00 - [MESSAGE][PASSED] - Object: 'Object Repository/Examination/ManageExam/EditExam/button_add_teacher' is clicked on

2018-12-12 14:10:00 - [TEST_STEP][PASSED] - Statement - java.lang.Thread.sleep(2000): null

2018-12-12 14:10:02 - [TEST_STEP][PASSED] - click: Object: 'Object Repository/Examination/ManageExam/EditExam/tab_list_monitor' is clicked on

2018-12-12 14:10:02 - [MESSAGE][PASSED] - Object: 'Object Repository/Examination/ManageExam/EditExam/tab_list_monitor' is clicked on

2018-12-12 14:10:02 - [TEST_STEP][PASSED] - Statement - java.lang.Thread.sleep(2000): null

2018-12-12 14:10:04 - [TEST_STEP][PASSED] - setText: Text 'admin1' is set on object 'Object Repository/Examination/ManageExam/EditExam/input_search_monitor'

2018-12-12 14:10:04 - [MESSAGE][PASSED] - Text 'admin1' is set on object 'Object Repository/Examination/ManageExam/EditExam/input_search_monitor'

2018-12-12 14:10:04 - [TEST_STEP][PASSED] - Statement - java.lang.Thread.sleep(3000): null

2018-12-12 14:10:07 - [TEST_STEP][PASSED] - click: Object: 'Object Repository/Examination/ManageExam/EditExam/checkbox_choose_monitor' is clicked on

2018-12-12 14:10:08 - [MESSAGE][PASSED] - Object: 'Object Repository/Examination/ManageExam/EditExam/checkbox_choose_monitor' is clicked on

2018-12-12 14:10:08 - [TEST_STEP][PASSED] - Statement - java.lang.Thread.sleep(2000): null

2018-12-12 14:10:10 - [TEST_STEP][PASSED] - click: Object: 'Object Repository/Examination/ManageExam/EditExam/button_add_monitor' is clicked on

2018-12-12 14:10:10 - [MESSAGE][PASSED] - Object: 'Object Repository/Examination/ManageExam/EditExam/button_add_monitor' is clicked on

2018-12-12 14:10:10 - [TEST_STEP][PASSED] - Statement - java.lang.Thread.sleep(2000): null

2018-12-12 14:10:12 - [TEST_STEP][PASSED] - click: Object: 'Object Repository/Examination/ManageExam/EditExam/tab_constructor' is clicked on

2018-12-12 14:10:12 - [MESSAGE][PASSED] - Object: 'Object Repository/Examination/ManageExam/EditExam/tab_constructor' is clicked on

2018-12-12 14:10:12 - [TEST_STEP][PASSED] - Statement - java.lang.Thread.sleep(2000): null

2018-12-12 14:10:14 - [TEST_STEP][PASSED] - click: Object: 'Object Repository/Examination/ManageExam/EditExam/checkbox_choose_constructor' is clicked on

2018-12-12 14:10:14 - [MESSAGE][PASSED] - Object: 'Object Repository/Examination/ManageExam/EditExam/checkbox_choose_constructor' is clicked on

2018-12-12 14:10:14 - [TEST_STEP][PASSED] - Statement - java.lang.Thread.sleep(2000): null

2018-12-12 14:10:16 - [TEST_STEP][PASSED] - click: Object: 'Object Repository/Examination/ManageExam/EditExam/button_save_constructor' is clicked on

2018-12-12 14:10:16 - [MESSAGE][PASSED] - Object: 'Object Repository/Examination/ManageExam/EditExam/button_save_constructor' is clicked on

2018-12-12 14:10:16 - [TEST_STEP][PASSED] - Statement - java.lang.Thread.sleep(2000): null

2018-12-12 14:10:18 - [TEST_STEP][PASSED] - acceptAlert: Alert accepted

2018-12-12 14:10:18 - [MESSAGE][PASSED] - Alert accepted

2018-12-12 14:10:18 - [TEST_STEP][PASSED] - Statement - java.lang.Thread.sleep(2000): null

2018-12-12 14:10:20 - [TEST_STEP][PASSED] - click: Object: 'Object Repository/Examination/ManageExam/EditExam/button_send_request' is clicked on

2018-12-12 14:10:20 - [MESSAGE][PASSED] - Object: 'Object Repository/Examination/ManageExam/EditExam/button_send_request' is clicked on

2018-12-12 14:10:20 - [TEST_STEP][PASSED] - Statement - java.lang.Thread.sleep(3000): null

2018-12-12 14:10:23 - [TEST_STEP][PASSED] - acceptAlert: Alert accepted

2018-12-12 14:10:23 - [MESSAGE][PASSED] - Alert accepted

2018-12-12 14:10:23 - [TEST_STEP][PASSED] - Statement - java.lang.Thread.sleep(3000): null

2018-12-12 14:10:26 - [TEST_STEP][PASSED] - acceptAlert: Alert accepted

2018-12-12 14:10:26 - [MESSAGE][PASSED] - Alert accepted

2018-12-12 14:10:26 - [TEST_STEP][PASSED] - Statement - java.lang.Thread.sleep(10000): null

2018-12-12 14:10:36 - [TEST_STEP][FAILED] - click: Unable to click on object 'Object Repository/Examination/ManageExam/button_duyet_exam' (Root cause: org.openqa.selenium.WebDriverException: unknown error: Element <button class="btn btn-add" onclick="redirectTo('/examination/approval')">...</button> is not clickable at point (323, 194). Other element would receive the click: <div class="loading-screen" id="loadingScreen">...</div>
  (Session info: chrome=71.0.3578.80)
  (Driver info: chromedriver=2.35.528161 (5b82f2d2aae0ca24b877009200ced9065a772e73),platform=Windows NT 10.0.17134 x86_64) (WARNING: The server did not provide any stacktrace information)
Command duration or timeout: 0 milliseconds
Build info: version: '3.7.1', revision: '8a0099a', time: '2017-11-06T21:07:36.161Z'
System info: host: 'DESKTOP-9IOQSG7', ip: '192.168.1.142', os.name: 'Windows 10', os.arch: 'amd64', os.version: '10.0', java.version: '1.8.0_102'
Driver info: com.kms.katalon.selenium.driver.CChromeDriver
Capabilities {acceptInsecureCerts: false, acceptSslCerts: false, applicationCacheEnabled: false, browserConnectionEnabled: false, browserName: chrome, chrome: {chromedriverVersion: 2.35.528161 (5b82f2d2aae0ca..., userDataDir: C:\Users\buithan\AppData\Lo...}, cssSelectorsEnabled: true, databaseEnabled: false, handlesAlerts: true, hasTouchScreen: false, javascriptEnabled: true, locationContextEnabled: true, mobileEmulationEnabled: false, nativeEvents: true, networkConnectionEnabled: false, pageLoadStrategy: normal, platform: XP, platformName: XP, rotatable: false, setWindowRect: true, takesHeapSnapshot: true, takesScreenshot: true, unexpectedAlertBehaviour: , unhandledPromptBehavior: , version: 71.0.3578.80, webStorageEnabled: true}
Session ID: 41ce39e13a8a50ce3787e6e0c5cae4e6)

2018-12-12 14:10:41 - [MESSAGE][FAILED] - Unable to click on object 'Object Repository/Examination/ManageExam/button_duyet_exam' (Root cause: org.openqa.selenium.WebDriverException: unknown error: Element <button class="btn btn-add" onclick="redirectTo('/examination/approval')">...</button> is not clickable at point (323, 194). Other element would receive the click: <div class="loading-screen" id="loadingScreen">...</div>
  (Session info: chrome=71.0.3578.80)
  (Driver info: chromedriver=2.35.528161 (5b82f2d2aae0ca24b877009200ced9065a772e73),platform=Windows NT 10.0.17134 x86_64) (WARNING: The server did not provide any stacktrace information)
Command duration or timeout: 0 milliseconds
Build info: version: '3.7.1', revision: '8a0099a', time: '2017-11-06T21:07:36.161Z'
System info: host: 'DESKTOP-9IOQSG7', ip: '192.168.1.142', os.name: 'Windows 10', os.arch: 'amd64', os.version: '10.0', java.version: '1.8.0_102'
Driver info: com.kms.katalon.selenium.driver.CChromeDriver
Capabilities {acceptInsecureCerts: false, acceptSslCerts: false, applicationCacheEnabled: false, browserConnectionEnabled: false, browserName: chrome, chrome: {chromedriverVersion: 2.35.528161 (5b82f2d2aae0ca..., userDataDir: C:\Users\buithan\AppData\Lo...}, cssSelectorsEnabled: true, databaseEnabled: false, handlesAlerts: true, hasTouchScreen: false, javascriptEnabled: true, locationContextEnabled: true, mobileEmulationEnabled: false, nativeEvents: true, networkConnectionEnabled: false, pageLoadStrategy: normal, platform: XP, platformName: XP, rotatable: false, setWindowRect: true, takesHeapSnapshot: true, takesScreenshot: true, unexpectedAlertBehaviour: , unhandledPromptBehavior: , version: 71.0.3578.80, webStorageEnabled: true}
Session ID: 41ce39e13a8a50ce3787e6e0c5cae4e6)
[[ATTACHMENT|C:\\Users\\buithan\\git\\katalon-cls-project\\Reports\\Exam\\20181212_140820\\1544598640688.png]]]]></system-out>
         <system-err><![CDATA[2018-12-12 14:09:27 - [TEST_CASE][FAILED] - Test Cases/Examination/EditExam: Test Cases/Examination/EditExam FAILED because (of) Unable to click on object 'Object Repository/Examination/ManageExam/button_duyet_exam' (Root cause: org.openqa.selenium.WebDriverException: unknown error: Element <button class="btn btn-add" onclick="redirectTo('/examination/approval')">...</button> is not clickable at point (323, 194). Other element would receive the click: <div class="loading-screen" id="loadingScreen">...</div>
  (Session info: chrome=71.0.3578.80)
  (Driver info: chromedriver=2.35.528161 (5b82f2d2aae0ca24b877009200ced9065a772e73),platform=Windows NT 10.0.17134 x86_64) (WARNING: The server did not provide any stacktrace information)
Command duration or timeout: 0 milliseconds
Build info: version: '3.7.1', revision: '8a0099a', time: '2017-11-06T21:07:36.161Z'
System info: host: 'DESKTOP-9IOQSG7', ip: '192.168.1.142', os.name: 'Windows 10', os.arch: 'amd64', os.version: '10.0', java.version: '1.8.0_102'
Driver info: com.kms.katalon.selenium.driver.CChromeDriver
Capabilities {acceptInsecureCerts: false, acceptSslCerts: false, applicationCacheEnabled: false, browserConnectionEnabled: false, browserName: chrome, chrome: {chromedriverVersion: 2.35.528161 (5b82f2d2aae0ca..., userDataDir: C:\Users\buithan\AppData\Lo...}, cssSelectorsEnabled: true, databaseEnabled: false, handlesAlerts: true, hasTouchScreen: false, javascriptEnabled: true, locationContextEnabled: true, mobileEmulationEnabled: false, nativeEvents: true, networkConnectionEnabled: false, pageLoadStrategy: normal, platform: XP, platformName: XP, rotatable: false, setWindowRect: true, takesHeapSnapshot: true, takesScreenshot: true, unexpectedAlertBehaviour: , unhandledPromptBehavior: , version: 71.0.3578.80, webStorageEnabled: true}
Session ID: 41ce39e13a8a50ce3787e6e0c5cae4e6)]]></system-err>
      </testcase>
      <testcase name="Test Cases/Examination/AddTest" classname="Test Cases/Examination/AddTest" status="FAILED">
         <failure type="FAILED" message="Unable to click on object 'Object Repository/Examination/ManageExam/SetupCategory/icon_setup_category_detail' (Root cause: org.openqa.selenium.UnhandledAlertException: unexpected alert open: {Alert text : Bạn có chắc chắn muốn sao chép kỳ thi này không?}
  (Session info: chrome=71.0.3578.80)
  (Driver info: chromedriver=2.35.528161 (5b82f2d2aae0ca24b877009200ced9065a772e73),platform=Windows NT 10.0.17134 x86_64) (WARNING: The server did not provide any stacktrace information)
Command duration or timeout: 0 milliseconds: null
Build info: version: '3.7.1', revision: '8a0099a', time: '2017-11-06T21:07:36.161Z'
System info: host: 'DESKTOP-9IOQSG7', ip: '192.168.1.142', os.name: 'Windows 10', os.arch: 'amd64', os.version: '10.0', java.version: '1.8.0_102'
Driver info: com.kms.katalon.selenium.driver.CChromeDriver
Capabilities {acceptInsecureCerts: false, acceptSslCerts: false, applicationCacheEnabled: false, browserConnectionEnabled: false, browserName: chrome, chrome: {chromedriverVersion: 2.35.528161 (5b82f2d2aae0ca..., userDataDir: C:\Users\buithan\AppData\Lo...}, cssSelectorsEnabled: true, databaseEnabled: false, handlesAlerts: true, hasTouchScreen: false, javascriptEnabled: true, locationContextEnabled: true, mobileEmulationEnabled: false, nativeEvents: true, networkConnectionEnabled: false, pageLoadStrategy: normal, platform: XP, platformName: XP, rotatable: false, setWindowRect: true, takesHeapSnapshot: true, takesScreenshot: true, unexpectedAlertBehaviour: , unhandledPromptBehavior: , version: 71.0.3578.80, webStorageEnabled: true}
Session ID: 41ce39e13a8a50ce3787e6e0c5cae4e6
*** Element info: {Using=xpath, value=//*[@id=&quot;moduleContent&quot;]/div/div[2]/ul/li[3]/a})"/>
         <system-out><![CDATA[2018-12-12 14:10:41 - [TEST_CASE][FAILED] - Test Cases/Examination/AddTest: Test Cases/Examination/AddTest FAILED because (of) Unable to click on object 'Object Repository/Examination/ManageExam/SetupCategory/icon_setup_category_detail' (Root cause: org.openqa.selenium.UnhandledAlertException: unexpected alert open: {Alert text : Bạn có chắc chắn muốn sao chép kỳ thi này không?}
  (Session info: chrome=71.0.3578.80)
  (Driver info: chromedriver=2.35.528161 (5b82f2d2aae0ca24b877009200ced9065a772e73),platform=Windows NT 10.0.17134 x86_64) (WARNING: The server did not provide any stacktrace information)
Command duration or timeout: 0 milliseconds: null
Build info: version: '3.7.1', revision: '8a0099a', time: '2017-11-06T21:07:36.161Z'
System info: host: 'DESKTOP-9IOQSG7', ip: '192.168.1.142', os.name: 'Windows 10', os.arch: 'amd64', os.version: '10.0', java.version: '1.8.0_102'
Driver info: com.kms.katalon.selenium.driver.CChromeDriver
Capabilities {acceptInsecureCerts: false, acceptSslCerts: false, applicationCacheEnabled: false, browserConnectionEnabled: false, browserName: chrome, chrome: {chromedriverVersion: 2.35.528161 (5b82f2d2aae0ca..., userDataDir: C:\Users\buithan\AppData\Lo...}, cssSelectorsEnabled: true, databaseEnabled: false, handlesAlerts: true, hasTouchScreen: false, javascriptEnabled: true, locationContextEnabled: true, mobileEmulationEnabled: false, nativeEvents: true, networkConnectionEnabled: false, pageLoadStrategy: normal, platform: XP, platformName: XP, rotatable: false, setWindowRect: true, takesHeapSnapshot: true, takesScreenshot: true, unexpectedAlertBehaviour: , unhandledPromptBehavior: , version: 71.0.3578.80, webStorageEnabled: true}
Session ID: 41ce39e13a8a50ce3787e6e0c5cae4e6
*** Element info: {Using=xpath, value=//*[@id="moduleContent"]/div/div[2]/ul/li[3]/a})

2018-12-12 14:10:41 - [TEST_STEP][PASSED] - Statement - java.lang.Thread.sleep(3000): null

2018-12-12 14:10:44 - [TEST_STEP][PASSED] - setText: Text 'Kỳ thi tạo từ Katalon' is set on object 'Object Repository/Examination/ManageExam/input_search_exam'

2018-12-12 14:10:44 - [MESSAGE][PASSED] - Text 'Kỳ thi tạo từ Katalon' is set on object 'Object Repository/Examination/ManageExam/input_search_exam'

2018-12-12 14:10:44 - [TEST_STEP][PASSED] - Statement - java.lang.Thread.sleep(2000): null

2018-12-12 14:10:46 - [TEST_STEP][PASSED] - click: Object: 'Object Repository/Examination/ManageExam/icon_setup_category' is clicked on

2018-12-12 14:10:46 - [MESSAGE][PASSED] - Object: 'Object Repository/Examination/ManageExam/icon_setup_category' is clicked on

2018-12-12 14:10:46 - [TEST_STEP][PASSED] - Statement - java.lang.Thread.sleep(2000): null

2018-12-12 14:10:48 - [TEST_STEP][FAILED] - click: Unable to click on object 'Object Repository/Examination/ManageExam/SetupCategory/icon_setup_category_detail' (Root cause: org.openqa.selenium.UnhandledAlertException: unexpected alert open: {Alert text : Bạn có chắc chắn muốn sao chép kỳ thi này không?}
  (Session info: chrome=71.0.3578.80)
  (Driver info: chromedriver=2.35.528161 (5b82f2d2aae0ca24b877009200ced9065a772e73),platform=Windows NT 10.0.17134 x86_64) (WARNING: The server did not provide any stacktrace information)
Command duration or timeout: 0 milliseconds: null
Build info: version: '3.7.1', revision: '8a0099a', time: '2017-11-06T21:07:36.161Z'
System info: host: 'DESKTOP-9IOQSG7', ip: '192.168.1.142', os.name: 'Windows 10', os.arch: 'amd64', os.version: '10.0', java.version: '1.8.0_102'
Driver info: com.kms.katalon.selenium.driver.CChromeDriver
Capabilities {acceptInsecureCerts: false, acceptSslCerts: false, applicationCacheEnabled: false, browserConnectionEnabled: false, browserName: chrome, chrome: {chromedriverVersion: 2.35.528161 (5b82f2d2aae0ca..., userDataDir: C:\Users\buithan\AppData\Lo...}, cssSelectorsEnabled: true, databaseEnabled: false, handlesAlerts: true, hasTouchScreen: false, javascriptEnabled: true, locationContextEnabled: true, mobileEmulationEnabled: false, nativeEvents: true, networkConnectionEnabled: false, pageLoadStrategy: normal, platform: XP, platformName: XP, rotatable: false, setWindowRect: true, takesHeapSnapshot: true, takesScreenshot: true, unexpectedAlertBehaviour: , unhandledPromptBehavior: , version: 71.0.3578.80, webStorageEnabled: true}
Session ID: 41ce39e13a8a50ce3787e6e0c5cae4e6
*** Element info: {Using=xpath, value=//*[@id="moduleContent"]/div/div[2]/ul/li[3]/a})

2018-12-12 14:10:48 - [MESSAGE][WARNING] - Cannot take screenshot

2018-12-12 14:10:48 - [MESSAGE][FAILED] - Unable to click on object 'Object Repository/Examination/ManageExam/SetupCategory/icon_setup_category_detail' (Root cause: org.openqa.selenium.UnhandledAlertException: unexpected alert open: {Alert text : Bạn có chắc chắn muốn sao chép kỳ thi này không?}
  (Session info: chrome=71.0.3578.80)
  (Driver info: chromedriver=2.35.528161 (5b82f2d2aae0ca24b877009200ced9065a772e73),platform=Windows NT 10.0.17134 x86_64) (WARNING: The server did not provide any stacktrace information)
Command duration or timeout: 0 milliseconds: null
Build info: version: '3.7.1', revision: '8a0099a', time: '2017-11-06T21:07:36.161Z'
System info: host: 'DESKTOP-9IOQSG7', ip: '192.168.1.142', os.name: 'Windows 10', os.arch: 'amd64', os.version: '10.0', java.version: '1.8.0_102'
Driver info: com.kms.katalon.selenium.driver.CChromeDriver
Capabilities {acceptInsecureCerts: false, acceptSslCerts: false, applicationCacheEnabled: false, browserConnectionEnabled: false, browserName: chrome, chrome: {chromedriverVersion: 2.35.528161 (5b82f2d2aae0ca..., userDataDir: C:\Users\buithan\AppData\Lo...}, cssSelectorsEnabled: true, databaseEnabled: false, handlesAlerts: true, hasTouchScreen: false, javascriptEnabled: true, locationContextEnabled: true, mobileEmulationEnabled: false, nativeEvents: true, networkConnectionEnabled: false, pageLoadStrategy: normal, platform: XP, platformName: XP, rotatable: false, setWindowRect: true, takesHeapSnapshot: true, takesScreenshot: true, unexpectedAlertBehaviour: , unhandledPromptBehavior: , version: 71.0.3578.80, webStorageEnabled: true}
Session ID: 41ce39e13a8a50ce3787e6e0c5cae4e6
*** Element info: {Using=xpath, value=//*[@id="moduleContent"]/div/div[2]/ul/li[3]/a})]]></system-out>
         <system-err><![CDATA[2018-12-12 14:10:41 - [TEST_CASE][FAILED] - Test Cases/Examination/AddTest: Test Cases/Examination/AddTest FAILED because (of) Unable to click on object 'Object Repository/Examination/ManageExam/SetupCategory/icon_setup_category_detail' (Root cause: org.openqa.selenium.UnhandledAlertException: unexpected alert open: {Alert text : Bạn có chắc chắn muốn sao chép kỳ thi này không?}
  (Session info: chrome=71.0.3578.80)
  (Driver info: chromedriver=2.35.528161 (5b82f2d2aae0ca24b877009200ced9065a772e73),platform=Windows NT 10.0.17134 x86_64) (WARNING: The server did not provide any stacktrace information)
Command duration or timeout: 0 milliseconds: null
Build info: version: '3.7.1', revision: '8a0099a', time: '2017-11-06T21:07:36.161Z'
System info: host: 'DESKTOP-9IOQSG7', ip: '192.168.1.142', os.name: 'Windows 10', os.arch: 'amd64', os.version: '10.0', java.version: '1.8.0_102'
Driver info: com.kms.katalon.selenium.driver.CChromeDriver
Capabilities {acceptInsecureCerts: false, acceptSslCerts: false, applicationCacheEnabled: false, browserConnectionEnabled: false, browserName: chrome, chrome: {chromedriverVersion: 2.35.528161 (5b82f2d2aae0ca..., userDataDir: C:\Users\buithan\AppData\Lo...}, cssSelectorsEnabled: true, databaseEnabled: false, handlesAlerts: true, hasTouchScreen: false, javascriptEnabled: true, locationContextEnabled: true, mobileEmulationEnabled: false, nativeEvents: true, networkConnectionEnabled: false, pageLoadStrategy: normal, platform: XP, platformName: XP, rotatable: false, setWindowRect: true, takesHeapSnapshot: true, takesScreenshot: true, unexpectedAlertBehaviour: , unhandledPromptBehavior: , version: 71.0.3578.80, webStorageEnabled: true}
Session ID: 41ce39e13a8a50ce3787e6e0c5cae4e6
*** Element info: {Using=xpath, value=//*[@id="moduleContent"]/div/div[2]/ul/li[3]/a})]]></system-err>
      </testcase>
      <testcase name="Test Cases/Examination/LearnExam" classname="Test Cases/Examination/LearnExam" status="FAILED">
         <failure type="FAILED" message="Unable to click on object 'Object Repository/Examination/LearnExam/choose_exam' (Root cause: com.kms.katalon.core.webui.exception.WebElementNotFoundException: Web element with id: 'Object Repository/Examination/LearnExam/choose_exam' located by 'By.xpath: //*[@id=&quot;tblCourses&quot;]/tbody/tr/td[1]/a' not found)"/>
         <system-out><![CDATA[2018-12-12 14:10:48 - [TEST_CASE][FAILED] - Test Cases/Examination/LearnExam: Test Cases/Examination/LearnExam FAILED because (of) Unable to click on object 'Object Repository/Examination/LearnExam/choose_exam' (Root cause: com.kms.katalon.core.webui.exception.WebElementNotFoundException: Web element with id: 'Object Repository/Examination/LearnExam/choose_exam' located by 'By.xpath: //*[@id="tblCourses"]/tbody/tr/td[1]/a' not found)

2018-12-12 14:10:49 - [TEST_STEP][PASSED] - callTestCase: Call Test Case 'Test Cases/Authentication/Login2_Learn_Exam' successfully

2018-12-12 14:10:49 - [TEST_CASE][PASSED] - Test Cases/Authentication/Login2_Learn_Exam: Test Cases/Authentication/Login2_Learn_Exam

2018-12-12 14:10:49 - [TEST_STEP][PASSED] - openBrowser: Browser is opened with url: ''

2018-12-12 14:10:49 - [MESSAGE][WARNING] - A browser is already opened. Closing browser and opening a new one

2018-12-12 14:10:52 - [MESSAGE][PASSED] - Browser is opened with url: ''

2018-12-12 14:10:52 - [TEST_STEP][PASSED] - navigateToUrl: Navigate to 'https://ntmtien.cls.vn/account/login' successfully

2018-12-12 14:10:59 - [MESSAGE][PASSED] - Navigate to 'https://ntmtien.cls.vn/account/login' successfully

2018-12-12 14:10:59 - [TEST_STEP][PASSED] - setText: Text 'BIDV002' is set on object 'Object Repository/Authentincation/Login/Page Login/input_UserName'

2018-12-12 14:11:00 - [MESSAGE][PASSED] - Text 'BIDV002' is set on object 'Object Repository/Authentincation/Login/Page Login/input_UserName'

2018-12-12 14:11:00 - [TEST_STEP][PASSED] - setText: Text '123456' is set on object 'Object Repository/Authentincation/Login/Page Login/input_Password'

2018-12-12 14:11:00 - [MESSAGE][PASSED] - Text '123456' is set on object 'Object Repository/Authentincation/Login/Page Login/input_Password'

2018-12-12 14:11:00 - [TEST_STEP][PASSED] - click: Object: 'Object Repository/Authentincation/Login/Page Login/button_login' is clicked on

2018-12-12 14:11:00 - [MESSAGE][PASSED] - Object: 'Object Repository/Authentincation/Login/Page Login/button_login' is clicked on

2018-12-12 14:11:00 - [MESSAGE][PASSED] - Call Test Case 'Test Cases/Authentication/Login2_Learn_Exam' successfully

2018-12-12 14:11:00 - [TEST_STEP][PASSED] - maximizeWindow: Current window maximized

2018-12-12 14:11:01 - [MESSAGE][PASSED] - Current window maximized

2018-12-12 14:11:01 - [TEST_STEP][PASSED] - Statement - java.lang.Thread.sleep(2000): null

2018-12-12 14:11:03 - [TEST_STEP][PASSED] - click: Object: 'Object Repository/Examination/LearnExam/module_my_exam' is clicked on

2018-12-12 14:11:21 - [MESSAGE][PASSED] - Object: 'Object Repository/Examination/LearnExam/module_my_exam' is clicked on

2018-12-12 14:11:21 - [TEST_STEP][PASSED] - Statement - java.lang.Thread.sleep(5000): null

2018-12-12 14:11:26 - [TEST_STEP][PASSED] - setText: Text 'Kỳ thi tạo từ Katalon' is set on object 'Object Repository/Examination/LearnExam/input_search_exam'

2018-12-12 14:11:26 - [MESSAGE][PASSED] - Text 'Kỳ thi tạo từ Katalon' is set on object 'Object Repository/Examination/LearnExam/input_search_exam'

2018-12-12 14:11:26 - [TEST_STEP][PASSED] - Statement - java.lang.Thread.sleep(2000): null

2018-12-12 14:11:28 - [TEST_STEP][FAILED] - click: Unable to click on object 'Object Repository/Examination/LearnExam/choose_exam' (Root cause: com.kms.katalon.core.webui.exception.WebElementNotFoundException: Web element with id: 'Object Repository/Examination/LearnExam/choose_exam' located by 'By.xpath: //*[@id="tblCourses"]/tbody/tr/td[1]/a' not found)

2018-12-12 14:12:00 - [MESSAGE][FAILED] - Unable to click on object 'Object Repository/Examination/LearnExam/choose_exam' (Root cause: com.kms.katalon.core.webui.exception.WebElementNotFoundException: Web element with id: 'Object Repository/Examination/LearnExam/choose_exam' located by 'By.xpath: //*[@id="tblCourses"]/tbody/tr/td[1]/a' not found)
[[ATTACHMENT|C:\\Users\\buithan\\git\\katalon-cls-project\\Reports\\Exam\\20181212_140820\\1544598719728.png]]]]></system-out>
         <system-err><![CDATA[2018-12-12 14:10:48 - [TEST_CASE][FAILED] - Test Cases/Examination/LearnExam: Test Cases/Examination/LearnExam FAILED because (of) Unable to click on object 'Object Repository/Examination/LearnExam/choose_exam' (Root cause: com.kms.katalon.core.webui.exception.WebElementNotFoundException: Web element with id: 'Object Repository/Examination/LearnExam/choose_exam' located by 'By.xpath: //*[@id="tblCourses"]/tbody/tr/td[1]/a' not found)]]></system-err>
      </testcase>
      <testcase name="Test Cases/Examination/MarkTest" classname="Test Cases/Examination/MarkTest" status="FAILED">
         <failure type="FAILED" message="Unable to click on object 'Object Repository/Examination/ManageExam/SetupCategory/icon_setup_category_detail' (Root cause: org.openqa.selenium.UnhandledAlertException: unexpected alert open: {Alert text : Bạn có chắc chắn muốn sao chép kỳ thi này không?}
  (Session info: chrome=71.0.3578.80)
  (Driver info: chromedriver=2.35.528161 (5b82f2d2aae0ca24b877009200ced9065a772e73),platform=Windows NT 10.0.17134 x86_64) (WARNING: The server did not provide any stacktrace information)
Command duration or timeout: 0 milliseconds: null
Build info: version: '3.7.1', revision: '8a0099a', time: '2017-11-06T21:07:36.161Z'
System info: host: 'DESKTOP-9IOQSG7', ip: '192.168.1.142', os.name: 'Windows 10', os.arch: 'amd64', os.version: '10.0', java.version: '1.8.0_102'
Driver info: com.kms.katalon.selenium.driver.CChromeDriver
Capabilities {acceptInsecureCerts: false, acceptSslCerts: false, applicationCacheEnabled: false, browserConnectionEnabled: false, browserName: chrome, chrome: {chromedriverVersion: 2.35.528161 (5b82f2d2aae0ca..., userDataDir: C:\Users\buithan\AppData\Lo...}, cssSelectorsEnabled: true, databaseEnabled: false, handlesAlerts: true, hasTouchScreen: false, javascriptEnabled: true, locationContextEnabled: true, mobileEmulationEnabled: false, nativeEvents: true, networkConnectionEnabled: false, pageLoadStrategy: normal, platform: XP, platformName: XP, rotatable: false, setWindowRect: true, takesHeapSnapshot: true, takesScreenshot: true, unexpectedAlertBehaviour: , unhandledPromptBehavior: , version: 71.0.3578.80, webStorageEnabled: true}
Session ID: fd57f630d50fcee9d1e06bdc91e3f5bb
*** Element info: {Using=xpath, value=//*[@id=&quot;moduleContent&quot;]/div/div[2]/ul/li[3]/a})"/>
         <system-out><![CDATA[2018-12-12 14:12:00 - [TEST_CASE][FAILED] - Test Cases/Examination/MarkTest: Test Cases/Examination/MarkTest FAILED because (of) Unable to click on object 'Object Repository/Examination/ManageExam/SetupCategory/icon_setup_category_detail' (Root cause: org.openqa.selenium.UnhandledAlertException: unexpected alert open: {Alert text : Bạn có chắc chắn muốn sao chép kỳ thi này không?}
  (Session info: chrome=71.0.3578.80)
  (Driver info: chromedriver=2.35.528161 (5b82f2d2aae0ca24b877009200ced9065a772e73),platform=Windows NT 10.0.17134 x86_64) (WARNING: The server did not provide any stacktrace information)
Command duration or timeout: 0 milliseconds: null
Build info: version: '3.7.1', revision: '8a0099a', time: '2017-11-06T21:07:36.161Z'
System info: host: 'DESKTOP-9IOQSG7', ip: '192.168.1.142', os.name: 'Windows 10', os.arch: 'amd64', os.version: '10.0', java.version: '1.8.0_102'
Driver info: com.kms.katalon.selenium.driver.CChromeDriver
Capabilities {acceptInsecureCerts: false, acceptSslCerts: false, applicationCacheEnabled: false, browserConnectionEnabled: false, browserName: chrome, chrome: {chromedriverVersion: 2.35.528161 (5b82f2d2aae0ca..., userDataDir: C:\Users\buithan\AppData\Lo...}, cssSelectorsEnabled: true, databaseEnabled: false, handlesAlerts: true, hasTouchScreen: false, javascriptEnabled: true, locationContextEnabled: true, mobileEmulationEnabled: false, nativeEvents: true, networkConnectionEnabled: false, pageLoadStrategy: normal, platform: XP, platformName: XP, rotatable: false, setWindowRect: true, takesHeapSnapshot: true, takesScreenshot: true, unexpectedAlertBehaviour: , unhandledPromptBehavior: , version: 71.0.3578.80, webStorageEnabled: true}
Session ID: fd57f630d50fcee9d1e06bdc91e3f5bb
*** Element info: {Using=xpath, value=//*[@id="moduleContent"]/div/div[2]/ul/li[3]/a})

2018-12-12 14:12:00 - [TEST_STEP][PASSED] - callTestCase: Call Test Case 'Test Cases/Authentication/Login1' successfully

2018-12-12 14:12:00 - [TEST_CASE][PASSED] - Test Cases/Authentication/Login1: Test Cases/Authentication/Login1

2018-12-12 14:12:00 - [TEST_STEP][PASSED] - openBrowser: Browser is opened with url: ''

2018-12-12 14:12:00 - [MESSAGE][WARNING] - A browser is already opened. Closing browser and opening a new one

2018-12-12 14:12:03 - [MESSAGE][PASSED] - Browser is opened with url: ''

2018-12-12 14:12:03 - [TEST_STEP][PASSED] - navigateToUrl: Navigate to 'https://ntmtien.cls.vn/account/login' successfully

2018-12-12 14:12:05 - [MESSAGE][PASSED] - Navigate to 'https://ntmtien.cls.vn/account/login' successfully

2018-12-12 14:12:05 - [TEST_STEP][PASSED] - setText: Text 'admin1' is set on object 'Object Repository/Authentincation/Login/Page Login/input_UserName'

2018-12-12 14:12:06 - [MESSAGE][PASSED] - Text 'admin1' is set on object 'Object Repository/Authentincation/Login/Page Login/input_UserName'

2018-12-12 14:12:06 - [TEST_STEP][PASSED] - setText: Text '123456' is set on object 'Object Repository/Authentincation/Login/Page Login/input_Password'

2018-12-12 14:12:06 - [MESSAGE][PASSED] - Text '123456' is set on object 'Object Repository/Authentincation/Login/Page Login/input_Password'

2018-12-12 14:12:06 - [TEST_STEP][PASSED] - click: Object: 'Object Repository/Authentincation/Login/Page Login/button_login' is clicked on

2018-12-12 14:12:06 - [MESSAGE][PASSED] - Object: 'Object Repository/Authentincation/Login/Page Login/button_login' is clicked on

2018-12-12 14:12:06 - [MESSAGE][PASSED] - Call Test Case 'Test Cases/Authentication/Login1' successfully

2018-12-12 14:12:06 - [TEST_STEP][PASSED] - click: Object: 'Object Repository/Administrator/div_modun_exam' is clicked on

2018-12-12 14:12:14 - [MESSAGE][PASSED] - Object: 'Object Repository/Administrator/div_modun_exam' is clicked on

2018-12-12 14:12:14 - [TEST_STEP][PASSED] - Statement - java.lang.Thread.sleep(3000): null

2018-12-12 14:12:17 - [TEST_STEP][PASSED] - setText: Text 'Kỳ thi tạo từ Katalon' is set on object 'Object Repository/Examination/ManageExam/input_search_exam'

2018-12-12 14:12:17 - [MESSAGE][PASSED] - Text 'Kỳ thi tạo từ Katalon' is set on object 'Object Repository/Examination/ManageExam/input_search_exam'

2018-12-12 14:12:17 - [TEST_STEP][PASSED] - Statement - java.lang.Thread.sleep(2000): null

2018-12-12 14:12:19 - [TEST_STEP][PASSED] - click: Object: 'Object Repository/Examination/ManageExam/icon_setup_category' is clicked on

2018-12-12 14:12:19 - [MESSAGE][PASSED] - Object: 'Object Repository/Examination/ManageExam/icon_setup_category' is clicked on

2018-12-12 14:12:19 - [TEST_STEP][PASSED] - Statement - java.lang.Thread.sleep(2000): null

2018-12-12 14:12:21 - [TEST_STEP][FAILED] - click: Unable to click on object 'Object Repository/Examination/ManageExam/SetupCategory/icon_setup_category_detail' (Root cause: org.openqa.selenium.UnhandledAlertException: unexpected alert open: {Alert text : Bạn có chắc chắn muốn sao chép kỳ thi này không?}
  (Session info: chrome=71.0.3578.80)
  (Driver info: chromedriver=2.35.528161 (5b82f2d2aae0ca24b877009200ced9065a772e73),platform=Windows NT 10.0.17134 x86_64) (WARNING: The server did not provide any stacktrace information)
Command duration or timeout: 0 milliseconds: null
Build info: version: '3.7.1', revision: '8a0099a', time: '2017-11-06T21:07:36.161Z'
System info: host: 'DESKTOP-9IOQSG7', ip: '192.168.1.142', os.name: 'Windows 10', os.arch: 'amd64', os.version: '10.0', java.version: '1.8.0_102'
Driver info: com.kms.katalon.selenium.driver.CChromeDriver
Capabilities {acceptInsecureCerts: false, acceptSslCerts: false, applicationCacheEnabled: false, browserConnectionEnabled: false, browserName: chrome, chrome: {chromedriverVersion: 2.35.528161 (5b82f2d2aae0ca..., userDataDir: C:\Users\buithan\AppData\Lo...}, cssSelectorsEnabled: true, databaseEnabled: false, handlesAlerts: true, hasTouchScreen: false, javascriptEnabled: true, locationContextEnabled: true, mobileEmulationEnabled: false, nativeEvents: true, networkConnectionEnabled: false, pageLoadStrategy: normal, platform: XP, platformName: XP, rotatable: false, setWindowRect: true, takesHeapSnapshot: true, takesScreenshot: true, unexpectedAlertBehaviour: , unhandledPromptBehavior: , version: 71.0.3578.80, webStorageEnabled: true}
Session ID: fd57f630d50fcee9d1e06bdc91e3f5bb
*** Element info: {Using=xpath, value=//*[@id="moduleContent"]/div/div[2]/ul/li[3]/a})

2018-12-12 14:12:21 - [MESSAGE][WARNING] - Cannot take screenshot

2018-12-12 14:12:21 - [MESSAGE][FAILED] - Unable to click on object 'Object Repository/Examination/ManageExam/SetupCategory/icon_setup_category_detail' (Root cause: org.openqa.selenium.UnhandledAlertException: unexpected alert open: {Alert text : Bạn có chắc chắn muốn sao chép kỳ thi này không?}
  (Session info: chrome=71.0.3578.80)
  (Driver info: chromedriver=2.35.528161 (5b82f2d2aae0ca24b877009200ced9065a772e73),platform=Windows NT 10.0.17134 x86_64) (WARNING: The server did not provide any stacktrace information)
Command duration or timeout: 0 milliseconds: null
Build info: version: '3.7.1', revision: '8a0099a', time: '2017-11-06T21:07:36.161Z'
System info: host: 'DESKTOP-9IOQSG7', ip: '192.168.1.142', os.name: 'Windows 10', os.arch: 'amd64', os.version: '10.0', java.version: '1.8.0_102'
Driver info: com.kms.katalon.selenium.driver.CChromeDriver
Capabilities {acceptInsecureCerts: false, acceptSslCerts: false, applicationCacheEnabled: false, browserConnectionEnabled: false, browserName: chrome, chrome: {chromedriverVersion: 2.35.528161 (5b82f2d2aae0ca..., userDataDir: C:\Users\buithan\AppData\Lo...}, cssSelectorsEnabled: true, databaseEnabled: false, handlesAlerts: true, hasTouchScreen: false, javascriptEnabled: true, locationContextEnabled: true, mobileEmulationEnabled: false, nativeEvents: true, networkConnectionEnabled: false, pageLoadStrategy: normal, platform: XP, platformName: XP, rotatable: false, setWindowRect: true, takesHeapSnapshot: true, takesScreenshot: true, unexpectedAlertBehaviour: , unhandledPromptBehavior: , version: 71.0.3578.80, webStorageEnabled: true}
Session ID: fd57f630d50fcee9d1e06bdc91e3f5bb
*** Element info: {Using=xpath, value=//*[@id="moduleContent"]/div/div[2]/ul/li[3]/a})]]></system-out>
         <system-err><![CDATA[2018-12-12 14:12:00 - [TEST_CASE][FAILED] - Test Cases/Examination/MarkTest: Test Cases/Examination/MarkTest FAILED because (of) Unable to click on object 'Object Repository/Examination/ManageExam/SetupCategory/icon_setup_category_detail' (Root cause: org.openqa.selenium.UnhandledAlertException: unexpected alert open: {Alert text : Bạn có chắc chắn muốn sao chép kỳ thi này không?}
  (Session info: chrome=71.0.3578.80)
  (Driver info: chromedriver=2.35.528161 (5b82f2d2aae0ca24b877009200ced9065a772e73),platform=Windows NT 10.0.17134 x86_64) (WARNING: The server did not provide any stacktrace information)
Command duration or timeout: 0 milliseconds: null
Build info: version: '3.7.1', revision: '8a0099a', time: '2017-11-06T21:07:36.161Z'
System info: host: 'DESKTOP-9IOQSG7', ip: '192.168.1.142', os.name: 'Windows 10', os.arch: 'amd64', os.version: '10.0', java.version: '1.8.0_102'
Driver info: com.kms.katalon.selenium.driver.CChromeDriver
Capabilities {acceptInsecureCerts: false, acceptSslCerts: false, applicationCacheEnabled: false, browserConnectionEnabled: false, browserName: chrome, chrome: {chromedriverVersion: 2.35.528161 (5b82f2d2aae0ca..., userDataDir: C:\Users\buithan\AppData\Lo...}, cssSelectorsEnabled: true, databaseEnabled: false, handlesAlerts: true, hasTouchScreen: false, javascriptEnabled: true, locationContextEnabled: true, mobileEmulationEnabled: false, nativeEvents: true, networkConnectionEnabled: false, pageLoadStrategy: normal, platform: XP, platformName: XP, rotatable: false, setWindowRect: true, takesHeapSnapshot: true, takesScreenshot: true, unexpectedAlertBehaviour: , unhandledPromptBehavior: , version: 71.0.3578.80, webStorageEnabled: true}
Session ID: fd57f630d50fcee9d1e06bdc91e3f5bb
*** Element info: {Using=xpath, value=//*[@id="moduleContent"]/div/div[2]/ul/li[3]/a})]]></system-err>
      </testcase>
      <system-out><![CDATA[2018-12-12 14:08:23 - [TEST_SUITE][FAILED] - Exam: Test Cases/Examination/EditExam FAILED because (of) Unable to click on object 'Object Repository/Examination/ManageExam/button_duyet_exam' (Root cause: org.openqa.selenium.WebDriverException: unknown error: Element <button class="btn btn-add" onclick="redirectTo('/examination/approval')">...</button> is not clickable at point (323, 194). Other element would receive the click: <div class="loading-screen" id="loadingScreen">...</div>
  (Session info: chrome=71.0.3578.80)
  (Driver info: chromedriver=2.35.528161 (5b82f2d2aae0ca24b877009200ced9065a772e73),platform=Windows NT 10.0.17134 x86_64) (WARNING: The server did not provide any stacktrace information)
Command duration or timeout: 0 milliseconds
Build info: version: '3.7.1', revision: '8a0099a', time: '2017-11-06T21:07:36.161Z'
System info: host: 'DESKTOP-9IOQSG7', ip: '192.168.1.142', os.name: 'Windows 10', os.arch: 'amd64', os.version: '10.0', java.version: '1.8.0_102'
Driver info: com.kms.katalon.selenium.driver.CChromeDriver
Capabilities {acceptInsecureCerts: false, acceptSslCerts: false, applicationCacheEnabled: false, browserConnectionEnabled: false, browserName: chrome, chrome: {chromedriverVersion: 2.35.528161 (5b82f2d2aae0ca..., userDataDir: C:\Users\buithan\AppData\Lo...}, cssSelectorsEnabled: true, databaseEnabled: false, handlesAlerts: true, hasTouchScreen: false, javascriptEnabled: true, locationContextEnabled: true, mobileEmulationEnabled: false, nativeEvents: true, networkConnectionEnabled: false, pageLoadStrategy: normal, platform: XP, platformName: XP, rotatable: false, setWindowRect: true, takesHeapSnapshot: true, takesScreenshot: true, unexpectedAlertBehaviour: , unhandledPromptBehavior: , version: 71.0.3578.80, webStorageEnabled: true}
Session ID: 41ce39e13a8a50ce3787e6e0c5cae4e6)]]></system-out>
      <system-err><![CDATA[2018-12-12 14:08:23 - [TEST_SUITE][FAILED] - Exam: Test Cases/Examination/EditExam FAILED because (of) Unable to click on object 'Object Repository/Examination/ManageExam/button_duyet_exam' (Root cause: org.openqa.selenium.WebDriverException: unknown error: Element <button class="btn btn-add" onclick="redirectTo('/examination/approval')">...</button> is not clickable at point (323, 194). Other element would receive the click: <div class="loading-screen" id="loadingScreen">...</div>
  (Session info: chrome=71.0.3578.80)
  (Driver info: chromedriver=2.35.528161 (5b82f2d2aae0ca24b877009200ced9065a772e73),platform=Windows NT 10.0.17134 x86_64) (WARNING: The server did not provide any stacktrace information)
Command duration or timeout: 0 milliseconds
Build info: version: '3.7.1', revision: '8a0099a', time: '2017-11-06T21:07:36.161Z'
System info: host: 'DESKTOP-9IOQSG7', ip: '192.168.1.142', os.name: 'Windows 10', os.arch: 'amd64', os.version: '10.0', java.version: '1.8.0_102'
Driver info: com.kms.katalon.selenium.driver.CChromeDriver
Capabilities {acceptInsecureCerts: false, acceptSslCerts: false, applicationCacheEnabled: false, browserConnectionEnabled: false, browserName: chrome, chrome: {chromedriverVersion: 2.35.528161 (5b82f2d2aae0ca..., userDataDir: C:\Users\buithan\AppData\Lo...}, cssSelectorsEnabled: true, databaseEnabled: false, handlesAlerts: true, hasTouchScreen: false, javascriptEnabled: true, locationContextEnabled: true, mobileEmulationEnabled: false, nativeEvents: true, networkConnectionEnabled: false, pageLoadStrategy: normal, platform: XP, platformName: XP, rotatable: false, setWindowRect: true, takesHeapSnapshot: true, takesScreenshot: true, unexpectedAlertBehaviour: , unhandledPromptBehavior: , version: 71.0.3578.80, webStorageEnabled: true}
Session ID: 41ce39e13a8a50ce3787e6e0c5cae4e6)]]></system-err>
   </testsuite>
</testsuites>
