<?xml version="1.0" encoding="UTF-8"?>
<testsuites name="Category" time="69" tests="3" failures="1" errors="0">
   <testsuite name="Category" tests="3" failures="1" errors="0" time="69" timestamp="2018-11-09 08:53:07" hostname="buithan - DESKTOP-9IOQSG7" id="Test Suites/Category">
      <properties>
         <property name="deviceName" value=""/>
         <property name="devicePlatform" value=""/>
         <property name="logFolder" value="C:\\Users\\buithan\\git\\katalon-cls-project\\Reports\\Category\\20181109_085304"/>
         <property name="logFiles" value="C:\\Users\\buithan\\git\\katalon-cls-project\\Reports\\Category\\20181109_085304\\execution0.log"/>
         <property name="attachments" value="C:\\Users\\buithan\\git\\katalon-cls-project\\Reports\\Category\\20181109_085304\\1541728454968.png"/>
         <property name="hostName" value="buithan - DESKTOP-9IOQSG7"/>
         <property name="os" value="Windows 10 64bit"/>
         <property name="katalonVersion" value="5.4.1.1"/>
         <property name="browser" value="Chrome 70.0.3538.77"/>
         <property name="hostAddress" value="192.168.1.142"/>
         <property name="sessionId" value="0bce778e4082fffe26e906800451e098"/>
         <property name="seleniumVersion" value="3.7.1"/>
         <property name="proxyInformation" value="ProxyInformation{proxyOption=NO_PROXY, proxyServerType=HTTP, password=, proxyServerAddress=, proxyServerPort=0}"/>
         <property name="platform" value="Windows 10"/>
      </properties>
      <testcase name="Test Cases/Category/AddCategory" classname="Test Cases/Category/AddCategory" status="PASSED">
         <system-out><![CDATA[2018-11-09 08:53:07 - [TEST_CASE][PASSED] - Test Cases/Category/AddCategory: Test Cases/Category/AddCategory

2018-11-09 08:53:07 - [TEST_STEP][PASSED] - callTestCase: Call Test Case 'Test Cases/Authentication/Login1' successfully

2018-11-09 08:53:07 - [TEST_CASE][PASSED] - Test Cases/Authentication/Login1: Test Cases/Authentication/Login1

2018-11-09 08:53:08 - [TEST_STEP][PASSED] - openBrowser: Browser is opened with url: ''

2018-11-09 08:53:11 - [MESSAGE][PASSED] - Browser is opened with url: ''

2018-11-09 08:53:11 - [TEST_STEP][PASSED] - navigateToUrl: Navigate to 'https://ntmtien.cls.vn/account/login' successfully

2018-11-09 08:53:13 - [MESSAGE][PASSED] - Navigate to 'https://ntmtien.cls.vn/account/login' successfully

2018-11-09 08:53:13 - [TEST_STEP][PASSED] - setText: Text 'admin1' is set on object 'Object Repository/Authentincation/Login/Page Login/input_UserName'

2018-11-09 08:53:13 - [MESSAGE][PASSED] - Text 'admin1' is set on object 'Object Repository/Authentincation/Login/Page Login/input_UserName'

2018-11-09 08:53:13 - [TEST_STEP][PASSED] - setText: Text '123456' is set on object 'Object Repository/Authentincation/Login/Page Login/input_Password'

2018-11-09 08:53:14 - [MESSAGE][PASSED] - Text '123456' is set on object 'Object Repository/Authentincation/Login/Page Login/input_Password'

2018-11-09 08:53:14 - [TEST_STEP][PASSED] - click: Object: 'Object Repository/Authentincation/Login/Page Login/button_login' is clicked on

2018-11-09 08:53:14 - [MESSAGE][PASSED] - Object: 'Object Repository/Authentincation/Login/Page Login/button_login' is clicked on

2018-11-09 08:53:14 - [MESSAGE][PASSED] - Call Test Case 'Test Cases/Authentication/Login1' successfully

2018-11-09 08:53:14 - [TEST_STEP][PASSED] - click: Object: 'Object Repository/Administrator/div_modun_category' is clicked on

2018-11-09 08:53:18 - [MESSAGE][PASSED] - Object: 'Object Repository/Administrator/div_modun_category' is clicked on

2018-11-09 08:53:18 - [TEST_STEP][PASSED] - Statement - java.lang.Thread.sleep(2000): null

2018-11-09 08:53:20 - [TEST_STEP][PASSED] - click: Object: 'Object Repository/Category/button_add_category' is clicked on

2018-11-09 08:53:20 - [MESSAGE][PASSED] - Object: 'Object Repository/Category/button_add_category' is clicked on

2018-11-09 08:53:20 - [TEST_STEP][PASSED] - Statement - java.lang.Thread.sleep(2000): null

2018-11-09 08:53:22 - [TEST_STEP][PASSED] - setText: Text 'Chủ đề tạo từ katalon' is set on object 'Object Repository/Category/AddCategory/input_category_name'

2018-11-09 08:53:22 - [MESSAGE][PASSED] - Text 'Chủ đề tạo từ katalon' is set on object 'Object Repository/Category/AddCategory/input_category_name'

2018-11-09 08:53:22 - [TEST_STEP][PASSED] - Statement - java.lang.Thread.sleep(2000): null

2018-11-09 08:53:24 - [TEST_STEP][PASSED] - click: Object: 'Object Repository/Category/AddCategory/selectbox_list_category' is clicked on

2018-11-09 08:53:24 - [MESSAGE][PASSED] - Object: 'Object Repository/Category/AddCategory/selectbox_list_category' is clicked on

2018-11-09 08:53:24 - [TEST_STEP][PASSED] - Statement - java.lang.Thread.sleep(2000): null

2018-11-09 08:53:26 - [TEST_STEP][PASSED] - click: Object: 'Object Repository/Category/AddCategory/choose_higher_category' is clicked on

2018-11-09 08:53:27 - [MESSAGE][PASSED] - Object: 'Object Repository/Category/AddCategory/choose_higher_category' is clicked on

2018-11-09 08:53:27 - [TEST_STEP][PASSED] - Statement - java.lang.Thread.sleep(2000): null

2018-11-09 08:53:29 - [TEST_STEP][PASSED] - setText: Text 'Nội dung của chủ đề' is set on object 'Object Repository/Category/AddCategory/input_category_content'

2018-11-09 08:53:29 - [MESSAGE][PASSED] - Text 'Nội dung của chủ đề' is set on object 'Object Repository/Category/AddCategory/input_category_content'

2018-11-09 08:53:29 - [TEST_STEP][PASSED] - Statement - java.lang.Thread.sleep(2000): null

2018-11-09 08:53:31 - [TEST_STEP][PASSED] - click: Object: 'Object Repository/Category/AddCategory/button_save_category' is clicked on

2018-11-09 08:53:31 - [MESSAGE][PASSED] - Object: 'Object Repository/Category/AddCategory/button_save_category' is clicked on

2018-11-09 08:53:31 - [TEST_STEP][PASSED] - Statement - java.lang.Thread.sleep(2000): null

2018-11-09 08:53:33 - [TEST_STEP][PASSED] - setText: Text 'Chủ đề tạo từ katalon' is set on object 'Object Repository/Category/input_search_category'

2018-11-09 08:53:33 - [MESSAGE][PASSED] - Text 'Chủ đề tạo từ katalon' is set on object 'Object Repository/Category/input_search_category'

2018-11-09 08:53:33 - [TEST_STEP][PASSED] - Statement - java.lang.Thread.sleep(2000): null

2018-11-09 08:53:35 - [TEST_STEP][PASSED] - verifyTextPresent: Text 'Chủ đề tạo từ katalon' is present on page 

2018-11-09 08:53:35 - [MESSAGE][PASSED] - Text 'Chủ đề tạo từ katalon' is present on page 

2018-11-09 08:53:35 - [TEST_STEP][PASSED] - Statement - java.lang.Thread.sleep(2000): null]]></system-out>
         <system-err><![CDATA[]]></system-err>
      </testcase>
      <testcase name="Test Cases/Category/EditCategory" classname="Test Cases/Category/EditCategory" status="PASSED">
         <system-out><![CDATA[2018-11-09 08:53:37 - [TEST_CASE][PASSED] - Test Cases/Category/EditCategory: Test Cases/Category/EditCategory

2018-11-09 08:53:38 - [TEST_STEP][PASSED] - Statement - java.lang.Thread.sleep(2000): null

2018-11-09 08:53:40 - [TEST_STEP][PASSED] - setText: Text 'Chủ đề tạo từ katalon' is set on object 'Object Repository/Category/input_search_category'

2018-11-09 08:53:40 - [MESSAGE][PASSED] - Text 'Chủ đề tạo từ katalon' is set on object 'Object Repository/Category/input_search_category'

2018-11-09 08:53:40 - [TEST_STEP][PASSED] - Statement - java.lang.Thread.sleep(2000): null

2018-11-09 08:53:42 - [TEST_STEP][PASSED] - click: Object: 'Object Repository/Category/icon_edit_category' is clicked on

2018-11-09 08:53:43 - [MESSAGE][PASSED] - Object: 'Object Repository/Category/icon_edit_category' is clicked on

2018-11-09 08:53:43 - [TEST_STEP][PASSED] - Statement - java.lang.Thread.sleep(2000): null

2018-11-09 08:53:45 - [TEST_STEP][PASSED] - setText: Text 'Chủ đề tạo từ katalon chỉnh sửa' is set on object 'Object Repository/Category/AddCategory/input_category_name'

2018-11-09 08:53:45 - [MESSAGE][PASSED] - Text 'Chủ đề tạo từ katalon chỉnh sửa' is set on object 'Object Repository/Category/AddCategory/input_category_name'

2018-11-09 08:53:45 - [TEST_STEP][PASSED] - Statement - java.lang.Thread.sleep(2000): null

2018-11-09 08:53:47 - [TEST_STEP][PASSED] - click: Object: 'Object Repository/Category/AddCategory/selectbox_list_category' is clicked on

2018-11-09 08:53:47 - [MESSAGE][PASSED] - Object: 'Object Repository/Category/AddCategory/selectbox_list_category' is clicked on

2018-11-09 08:53:47 - [TEST_STEP][PASSED] - Statement - java.lang.Thread.sleep(2000): null

2018-11-09 08:53:49 - [TEST_STEP][PASSED] - click: Object: 'Object Repository/Category/EditCategory/choose_higher_category_edit' is clicked on

2018-11-09 08:53:49 - [MESSAGE][PASSED] - Object: 'Object Repository/Category/EditCategory/choose_higher_category_edit' is clicked on

2018-11-09 08:53:49 - [TEST_STEP][PASSED] - Statement - java.lang.Thread.sleep(2000): null

2018-11-09 08:53:51 - [TEST_STEP][PASSED] - setText: Text 'Chỉnh sửa chủ đề' is set on object 'Object Repository/Category/AddCategory/input_category_content'

2018-11-09 08:53:51 - [MESSAGE][PASSED] - Text 'Chỉnh sửa chủ đề' is set on object 'Object Repository/Category/AddCategory/input_category_content'

2018-11-09 08:53:51 - [TEST_STEP][PASSED] - Statement - java.lang.Thread.sleep(2000): null

2018-11-09 08:53:53 - [TEST_STEP][PASSED] - click: Object: 'Object Repository/Category/AddCategory/button_save_category' is clicked on

2018-11-09 08:53:53 - [MESSAGE][PASSED] - Object: 'Object Repository/Category/AddCategory/button_save_category' is clicked on

2018-11-09 08:53:53 - [TEST_STEP][PASSED] - Statement - java.lang.Thread.sleep(2000): null

2018-11-09 08:53:55 - [TEST_STEP][PASSED] - setText: Text 'Chủ đề tạo từ katalon chỉnh sửa' is set on object 'Object Repository/Category/input_search_category'

2018-11-09 08:53:56 - [MESSAGE][PASSED] - Text 'Chủ đề tạo từ katalon chỉnh sửa' is set on object 'Object Repository/Category/input_search_category'

2018-11-09 08:53:56 - [TEST_STEP][PASSED] - Statement - java.lang.Thread.sleep(2000): null

2018-11-09 08:53:58 - [TEST_STEP][PASSED] - verifyTextPresent: Text 'Chủ đề tạo từ katalon chỉnh sửa' is present on page 

2018-11-09 08:53:59 - [MESSAGE][PASSED] - Text 'Chủ đề tạo từ katalon chỉnh sửa' is present on page]]></system-out>
         <system-err><![CDATA[]]></system-err>
      </testcase>
      <testcase name="Test Cases/Category/DeleteCategory" classname="Test Cases/Category/DeleteCategory" status="PASSED">
         <system-out><![CDATA[2018-11-09 08:53:59 - [TEST_CASE][PASSED] - Test Cases/Category/DeleteCategory: Test Cases/Category/DeleteCategory

2018-11-09 08:53:59 - [TEST_STEP][PASSED] - Statement - java.lang.Thread.sleep(2000): null

2018-11-09 08:54:01 - [TEST_STEP][PASSED] - setText: Text 'Chủ đề tạo từ katalon chỉnh sửa' is set on object 'Object Repository/Category/input_search_category'

2018-11-09 08:54:01 - [MESSAGE][PASSED] - Text 'Chủ đề tạo từ katalon chỉnh sửa' is set on object 'Object Repository/Category/input_search_category'

2018-11-09 08:54:01 - [TEST_STEP][PASSED] - Statement - java.lang.Thread.sleep(2000): null

2018-11-09 08:54:03 - [TEST_STEP][PASSED] - click: Object: 'Object Repository/Category/icon_delete_category' is clicked on

2018-11-09 08:54:03 - [MESSAGE][PASSED] - Object: 'Object Repository/Category/icon_delete_category' is clicked on

2018-11-09 08:54:03 - [TEST_STEP][PASSED] - Statement - java.lang.Thread.sleep(2000): null

2018-11-09 08:54:05 - [TEST_STEP][PASSED] - click: Object: 'Object Repository/Category/button_confirm_delete_category' is clicked on

2018-11-09 08:54:05 - [MESSAGE][PASSED] - Object: 'Object Repository/Category/button_confirm_delete_category' is clicked on

2018-11-09 08:54:05 - [TEST_STEP][PASSED] - Statement - java.lang.Thread.sleep(2000): null

2018-11-09 08:54:07 - [TEST_STEP][PASSED] - setText: Text 'Chủ đề tạo từ katalon chỉnh sửa' is set on object 'Object Repository/Category/input_search_category'

2018-11-09 08:54:08 - [MESSAGE][PASSED] - Text 'Chủ đề tạo từ katalon chỉnh sửa' is set on object 'Object Repository/Category/input_search_category'

2018-11-09 08:54:08 - [TEST_STEP][PASSED] - Statement - java.lang.Thread.sleep(2000): null

2018-11-09 08:54:10 - [TEST_STEP][PASSED] - verifyTextNotPresent: Text 'Chủ đề tạo từ katalon chỉnh sửa' is not present on page

2018-11-09 08:54:10 - [MESSAGE][PASSED] - Text 'Chủ đề tạo từ katalon chỉnh sửa' is not present on page]]></system-out>
         <system-err><![CDATA[]]></system-err>
      </testcase>
      <testcase name="Test Cases/Category/AssignCouseAndUser" classname="Test Cases/Category/AssignCouseAndUser" status="FAILED">
         <failure type="FAILED" message="Unable to click on object 'Object Repository/Category/icon_edit_category' (Root cause: org.openqa.selenium.ElementNotVisibleException: element not visible
  (Session info: chrome=70.0.3538.77)
  (Driver info: chromedriver=2.35.528161 (5b82f2d2aae0ca24b877009200ced9065a772e73),platform=Windows NT 10.0.17134 x86_64) (WARNING: The server did not provide any stacktrace information)
Command duration or timeout: 0 milliseconds
Build info: version: '3.7.1', revision: '8a0099a', time: '2017-11-06T21:07:36.161Z'
System info: host: 'DESKTOP-9IOQSG7', ip: '192.168.1.142', os.name: 'Windows 10', os.arch: 'amd64', os.version: '10.0', java.version: '1.8.0_102'
Driver info: com.kms.katalon.selenium.driver.CChromeDriver
Capabilities {acceptInsecureCerts: false, acceptSslCerts: false, applicationCacheEnabled: false, browserConnectionEnabled: false, browserName: chrome, chrome: {chromedriverVersion: 2.35.528161 (5b82f2d2aae0ca..., userDataDir: C:\Users\buithan\AppData\Lo...}, cssSelectorsEnabled: true, databaseEnabled: false, handlesAlerts: true, hasTouchScreen: false, javascriptEnabled: true, locationContextEnabled: true, mobileEmulationEnabled: false, nativeEvents: true, networkConnectionEnabled: false, pageLoadStrategy: normal, platform: XP, platformName: XP, rotatable: false, setWindowRect: true, takesHeapSnapshot: true, takesScreenshot: true, unexpectedAlertBehaviour: , unhandledPromptBehavior: , version: 70.0.3538.77, webStorageEnabled: true}
Session ID: 0bce778e4082fffe26e906800451e098)"/>
         <system-out><![CDATA[2018-11-09 08:54:10 - [TEST_CASE][FAILED] - Test Cases/Category/AssignCouseAndUser: Test Cases/Category/AssignCouseAndUser FAILED because (of) Unable to click on object 'Object Repository/Category/icon_edit_category' (Root cause: org.openqa.selenium.ElementNotVisibleException: element not visible
  (Session info: chrome=70.0.3538.77)
  (Driver info: chromedriver=2.35.528161 (5b82f2d2aae0ca24b877009200ced9065a772e73),platform=Windows NT 10.0.17134 x86_64) (WARNING: The server did not provide any stacktrace information)
Command duration or timeout: 0 milliseconds
Build info: version: '3.7.1', revision: '8a0099a', time: '2017-11-06T21:07:36.161Z'
System info: host: 'DESKTOP-9IOQSG7', ip: '192.168.1.142', os.name: 'Windows 10', os.arch: 'amd64', os.version: '10.0', java.version: '1.8.0_102'
Driver info: com.kms.katalon.selenium.driver.CChromeDriver
Capabilities {acceptInsecureCerts: false, acceptSslCerts: false, applicationCacheEnabled: false, browserConnectionEnabled: false, browserName: chrome, chrome: {chromedriverVersion: 2.35.528161 (5b82f2d2aae0ca..., userDataDir: C:\Users\buithan\AppData\Lo...}, cssSelectorsEnabled: true, databaseEnabled: false, handlesAlerts: true, hasTouchScreen: false, javascriptEnabled: true, locationContextEnabled: true, mobileEmulationEnabled: false, nativeEvents: true, networkConnectionEnabled: false, pageLoadStrategy: normal, platform: XP, platformName: XP, rotatable: false, setWindowRect: true, takesHeapSnapshot: true, takesScreenshot: true, unexpectedAlertBehaviour: , unhandledPromptBehavior: , version: 70.0.3538.77, webStorageEnabled: true}
Session ID: 0bce778e4082fffe26e906800451e098)

2018-11-09 08:54:10 - [TEST_STEP][PASSED] - Statement - java.lang.Thread.sleep(2000): null

2018-11-09 08:54:12 - [TEST_STEP][PASSED] - setText: Text 'Chủ đề tạo từ katalon' is set on object 'Object Repository/Category/input_search_category'

2018-11-09 08:54:12 - [MESSAGE][PASSED] - Text 'Chủ đề tạo từ katalon' is set on object 'Object Repository/Category/input_search_category'

2018-11-09 08:54:12 - [TEST_STEP][PASSED] - Statement - java.lang.Thread.sleep(2000): null

2018-11-09 08:54:14 - [TEST_STEP][FAILED] - click: Unable to click on object 'Object Repository/Category/icon_edit_category' (Root cause: org.openqa.selenium.ElementNotVisibleException: element not visible
  (Session info: chrome=70.0.3538.77)
  (Driver info: chromedriver=2.35.528161 (5b82f2d2aae0ca24b877009200ced9065a772e73),platform=Windows NT 10.0.17134 x86_64) (WARNING: The server did not provide any stacktrace information)
Command duration or timeout: 0 milliseconds
Build info: version: '3.7.1', revision: '8a0099a', time: '2017-11-06T21:07:36.161Z'
System info: host: 'DESKTOP-9IOQSG7', ip: '192.168.1.142', os.name: 'Windows 10', os.arch: 'amd64', os.version: '10.0', java.version: '1.8.0_102'
Driver info: com.kms.katalon.selenium.driver.CChromeDriver
Capabilities {acceptInsecureCerts: false, acceptSslCerts: false, applicationCacheEnabled: false, browserConnectionEnabled: false, browserName: chrome, chrome: {chromedriverVersion: 2.35.528161 (5b82f2d2aae0ca..., userDataDir: C:\Users\buithan\AppData\Lo...}, cssSelectorsEnabled: true, databaseEnabled: false, handlesAlerts: true, hasTouchScreen: false, javascriptEnabled: true, locationContextEnabled: true, mobileEmulationEnabled: false, nativeEvents: true, networkConnectionEnabled: false, pageLoadStrategy: normal, platform: XP, platformName: XP, rotatable: false, setWindowRect: true, takesHeapSnapshot: true, takesScreenshot: true, unexpectedAlertBehaviour: , unhandledPromptBehavior: , version: 70.0.3538.77, webStorageEnabled: true}
Session ID: 0bce778e4082fffe26e906800451e098)

2018-11-09 08:54:15 - [MESSAGE][FAILED] - Unable to click on object 'Object Repository/Category/icon_edit_category' (Root cause: org.openqa.selenium.ElementNotVisibleException: element not visible
  (Session info: chrome=70.0.3538.77)
  (Driver info: chromedriver=2.35.528161 (5b82f2d2aae0ca24b877009200ced9065a772e73),platform=Windows NT 10.0.17134 x86_64) (WARNING: The server did not provide any stacktrace information)
Command duration or timeout: 0 milliseconds
Build info: version: '3.7.1', revision: '8a0099a', time: '2017-11-06T21:07:36.161Z'
System info: host: 'DESKTOP-9IOQSG7', ip: '192.168.1.142', os.name: 'Windows 10', os.arch: 'amd64', os.version: '10.0', java.version: '1.8.0_102'
Driver info: com.kms.katalon.selenium.driver.CChromeDriver
Capabilities {acceptInsecureCerts: false, acceptSslCerts: false, applicationCacheEnabled: false, browserConnectionEnabled: false, browserName: chrome, chrome: {chromedriverVersion: 2.35.528161 (5b82f2d2aae0ca..., userDataDir: C:\Users\buithan\AppData\Lo...}, cssSelectorsEnabled: true, databaseEnabled: false, handlesAlerts: true, hasTouchScreen: false, javascriptEnabled: true, locationContextEnabled: true, mobileEmulationEnabled: false, nativeEvents: true, networkConnectionEnabled: false, pageLoadStrategy: normal, platform: XP, platformName: XP, rotatable: false, setWindowRect: true, takesHeapSnapshot: true, takesScreenshot: true, unexpectedAlertBehaviour: , unhandledPromptBehavior: , version: 70.0.3538.77, webStorageEnabled: true}
Session ID: 0bce778e4082fffe26e906800451e098)
[[ATTACHMENT|C:\\Users\\buithan\\git\\katalon-cls-project\\Reports\\Category\\20181109_085304\\1541728454968.png]]]]></system-out>
         <system-err><![CDATA[2018-11-09 08:54:10 - [TEST_CASE][FAILED] - Test Cases/Category/AssignCouseAndUser: Test Cases/Category/AssignCouseAndUser FAILED because (of) Unable to click on object 'Object Repository/Category/icon_edit_category' (Root cause: org.openqa.selenium.ElementNotVisibleException: element not visible
  (Session info: chrome=70.0.3538.77)
  (Driver info: chromedriver=2.35.528161 (5b82f2d2aae0ca24b877009200ced9065a772e73),platform=Windows NT 10.0.17134 x86_64) (WARNING: The server did not provide any stacktrace information)
Command duration or timeout: 0 milliseconds
Build info: version: '3.7.1', revision: '8a0099a', time: '2017-11-06T21:07:36.161Z'
System info: host: 'DESKTOP-9IOQSG7', ip: '192.168.1.142', os.name: 'Windows 10', os.arch: 'amd64', os.version: '10.0', java.version: '1.8.0_102'
Driver info: com.kms.katalon.selenium.driver.CChromeDriver
Capabilities {acceptInsecureCerts: false, acceptSslCerts: false, applicationCacheEnabled: false, browserConnectionEnabled: false, browserName: chrome, chrome: {chromedriverVersion: 2.35.528161 (5b82f2d2aae0ca..., userDataDir: C:\Users\buithan\AppData\Lo...}, cssSelectorsEnabled: true, databaseEnabled: false, handlesAlerts: true, hasTouchScreen: false, javascriptEnabled: true, locationContextEnabled: true, mobileEmulationEnabled: false, nativeEvents: true, networkConnectionEnabled: false, pageLoadStrategy: normal, platform: XP, platformName: XP, rotatable: false, setWindowRect: true, takesHeapSnapshot: true, takesScreenshot: true, unexpectedAlertBehaviour: , unhandledPromptBehavior: , version: 70.0.3538.77, webStorageEnabled: true}
Session ID: 0bce778e4082fffe26e906800451e098)]]></system-err>
      </testcase>
      <system-out><![CDATA[2018-11-09 08:53:07 - [TEST_SUITE][FAILED] - Category: Test Cases/Category/AssignCouseAndUser FAILED because (of) Unable to click on object 'Object Repository/Category/icon_edit_category' (Root cause: org.openqa.selenium.ElementNotVisibleException: element not visible
  (Session info: chrome=70.0.3538.77)
  (Driver info: chromedriver=2.35.528161 (5b82f2d2aae0ca24b877009200ced9065a772e73),platform=Windows NT 10.0.17134 x86_64) (WARNING: The server did not provide any stacktrace information)
Command duration or timeout: 0 milliseconds
Build info: version: '3.7.1', revision: '8a0099a', time: '2017-11-06T21:07:36.161Z'
System info: host: 'DESKTOP-9IOQSG7', ip: '192.168.1.142', os.name: 'Windows 10', os.arch: 'amd64', os.version: '10.0', java.version: '1.8.0_102'
Driver info: com.kms.katalon.selenium.driver.CChromeDriver
Capabilities {acceptInsecureCerts: false, acceptSslCerts: false, applicationCacheEnabled: false, browserConnectionEnabled: false, browserName: chrome, chrome: {chromedriverVersion: 2.35.528161 (5b82f2d2aae0ca..., userDataDir: C:\Users\buithan\AppData\Lo...}, cssSelectorsEnabled: true, databaseEnabled: false, handlesAlerts: true, hasTouchScreen: false, javascriptEnabled: true, locationContextEnabled: true, mobileEmulationEnabled: false, nativeEvents: true, networkConnectionEnabled: false, pageLoadStrategy: normal, platform: XP, platformName: XP, rotatable: false, setWindowRect: true, takesHeapSnapshot: true, takesScreenshot: true, unexpectedAlertBehaviour: , unhandledPromptBehavior: , version: 70.0.3538.77, webStorageEnabled: true}
Session ID: 0bce778e4082fffe26e906800451e098)]]></system-out>
      <system-err><![CDATA[2018-11-09 08:53:07 - [TEST_SUITE][FAILED] - Category: Test Cases/Category/AssignCouseAndUser FAILED because (of) Unable to click on object 'Object Repository/Category/icon_edit_category' (Root cause: org.openqa.selenium.ElementNotVisibleException: element not visible
  (Session info: chrome=70.0.3538.77)
  (Driver info: chromedriver=2.35.528161 (5b82f2d2aae0ca24b877009200ced9065a772e73),platform=Windows NT 10.0.17134 x86_64) (WARNING: The server did not provide any stacktrace information)
Command duration or timeout: 0 milliseconds
Build info: version: '3.7.1', revision: '8a0099a', time: '2017-11-06T21:07:36.161Z'
System info: host: 'DESKTOP-9IOQSG7', ip: '192.168.1.142', os.name: 'Windows 10', os.arch: 'amd64', os.version: '10.0', java.version: '1.8.0_102'
Driver info: com.kms.katalon.selenium.driver.CChromeDriver
Capabilities {acceptInsecureCerts: false, acceptSslCerts: false, applicationCacheEnabled: false, browserConnectionEnabled: false, browserName: chrome, chrome: {chromedriverVersion: 2.35.528161 (5b82f2d2aae0ca..., userDataDir: C:\Users\buithan\AppData\Lo...}, cssSelectorsEnabled: true, databaseEnabled: false, handlesAlerts: true, hasTouchScreen: false, javascriptEnabled: true, locationContextEnabled: true, mobileEmulationEnabled: false, nativeEvents: true, networkConnectionEnabled: false, pageLoadStrategy: normal, platform: XP, platformName: XP, rotatable: false, setWindowRect: true, takesHeapSnapshot: true, takesScreenshot: true, unexpectedAlertBehaviour: , unhandledPromptBehavior: , version: 70.0.3538.77, webStorageEnabled: true}
Session ID: 0bce778e4082fffe26e906800451e098)]]></system-err>
   </testsuite>
</testsuites>
